<?xml version="1.0" encoding="UTF-8"?>
<coverage generated="1787942307074" clover="3.2.0">
  <project timestamp="1787942307074" name="All files">
    <metrics statements="1091" coveredstatements="338" conditionals="573" coveredconditionals="167" methods="243" coveredmethods="69" elements="1907" coveredelements="574" complexity="0" loc="1091" ncloc="1091" packages="4" files="32" classes="32"/>
    <package name="lib">
      <metrics statements="1023" coveredstatements="320" conditionals="557" coveredconditionals="165" methods="227" coveredmethods="67"/>
      <file name="api-client.ts" path="C:\Users\ABUBAKAR\Lumenpulse\apps\mobile\lib\api-client.ts">
        <metrics statements="43" coveredstatements="34" conditionals="29" coveredconditionals="17" methods="14" coveredmethods="8"/>
        <line num="1" count="3" type="stmt"/>
        <line num="7" count="3" type="stmt"/>
        <line num="8" count="16" type="stmt"/>
        <line num="49" count="11" type="stmt"/>
        <line num="50" count="11" type="stmt"/>
        <line num="54" count="11" type="stmt"/>
        <line num="61" count="5" type="stmt"/>
        <line num="68" count="2" type="cond" truecount="1" falsecount="1"/>
        <line num="69" count="2" type="stmt"/>
        <line num="71" count="0" type="stmt"/>
        <line num="79" count="2" type="cond" truecount="0" falsecount="1"/>
        <line num="80" count="0" type="stmt"/>
        <line num="87" count="2" type="cond" truecount="3" falsecount="0"/>
        <line num="88" count="2" type="stmt"/>
        <line num="89" count="2" type="stmt"/>
        <line num="97" count="0" type="stmt"/>
        <line num="112" count="5" type="stmt"/>
        <line num="113" count="5" type="stmt"/>
        <line num="114" count="5" type="stmt"/>
        <line num="117" count="5" type="stmt"/>
        <line num="118" count="5" type="cond" truecount="2" falsecount="0"/>
        <line num="120" count="5" type="stmt"/>
        <line num="121" count="5" type="stmt"/>
        <line num="127" count="4" type="stmt"/>
        <line num="130" count="4" type="cond" truecount="1" falsecount="0"/>
        <line num="131" count="2" type="stmt"/>
        <line num="135" count="2" type="stmt"/>
        <line num="142" count="2" type="cond" truecount="0" falsecount="1"/>
        <line num="143" count="0" type="stmt"/>
        <line num="149" count="2" type="stmt"/>
        <line num="150" count="2" type="stmt"/>
        <line num="155" count="1" type="stmt"/>
        <line num="158" count="1" type="cond" truecount="3" falsecount="0"/>
        <line num="159" count="1" type="stmt"/>
        <line num="169" count="0" type="stmt"/>
        <line num="180" count="4" type="stmt"/>
        <line num="187" count="1" type="stmt"/>
        <line num="201" count="0" type="stmt"/>
        <line num="219" count="0" type="stmt"/>
        <line num="233" count="0" type="stmt"/>
        <line num="244" count="0" type="stmt"/>
        <line num="249" count="3" type="stmt"/>
        <line num="252" count="3" type="stmt"/>
      </file>
      <file name="api-examples.ts" path="C:\Users\ABUBAKAR\Lumenpulse\apps\mobile\lib\api-examples.ts">
        <metrics statements="63" coveredstatements="0" conditionals="42" coveredconditionals="0" methods="11" coveredmethods="0"/>
        <line num="8" count="0" type="stmt"/>
        <line num="9" count="0" type="stmt"/>
        <line num="10" count="0" type="stmt"/>
        <line num="22" count="0" type="stmt"/>
        <line num="24" count="0" type="cond" truecount="0" falsecount="4"/>
        <line num="25" count="0" type="stmt"/>
        <line num="26" count="0" type="stmt"/>
        <line num="28" count="0" type="stmt"/>
        <line num="29" count="0" type="cond" truecount="0" falsecount="2"/>
        <line num="49" count="0" type="stmt"/>
        <line num="54" count="0" type="stmt"/>
        <line num="56" count="0" type="cond" truecount="0" falsecount="4"/>
        <line num="57" count="0" type="stmt"/>
        <line num="58" count="0" type="stmt"/>
        <line num="60" count="0" type="stmt"/>
        <line num="61" count="0" type="stmt"/>
        <line num="69" count="0" type="stmt"/>
        <line num="74" count="0" type="cond" truecount="0" falsecount="4"/>
        <line num="75" count="0" type="stmt"/>
        <line num="78" count="0" type="stmt"/>
        <line num="81" count="0" type="stmt"/>
        <line num="83" count="0" type="stmt"/>
        <line num="85" count="0" type="stmt"/>
        <line num="86" count="0" type="cond" truecount="0" falsecount="2"/>
        <line num="94" count="0" type="stmt"/>
        <line num="96" count="0" type="stmt"/>
        <line num="98" count="0" type="cond" truecount="0" falsecount="4"/>
        <line num="99" count="0" type="stmt"/>
        <line num="100" count="0" type="stmt"/>
        <line num="102" count="0" type="stmt"/>
        <line num="103" count="0" type="stmt"/>
        <line num="111" count="0" type="stmt"/>
        <line num="114" count="0" type="cond" truecount="0" falsecount="1"/>
        <line num="115" count="0" type="stmt"/>
        <line num="116" count="0" type="stmt"/>
        <line num="120" count="0" type="cond" truecount="0" falsecount="1"/>
        <line num="121" count="0" type="cond" truecount="0" falsecount="2"/>
        <line num="125" count="0" type="cond" truecount="0" falsecount="2"/>
        <line num="127" count="0" type="stmt"/>
        <line num="134" count="0" type="stmt"/>
        <line num="141" count="0" type="stmt"/>
        <line num="148" count="0" type="stmt"/>
        <line num="151" count="0" type="stmt"/>
        <line num="156" count="0" type="stmt"/>
        <line num="157" count="0" type="stmt"/>
        <line num="158" count="0" type="stmt"/>
        <line num="161" count="0" type="stmt"/>
        <line num="162" count="0" type="stmt"/>
        <line num="163" count="0" type="stmt"/>
        <line num="165" count="0" type="stmt"/>
        <line num="166" count="0" type="stmt"/>
        <line num="233" count="0" type="stmt"/>
        <line num="234" count="0" type="stmt"/>
        <line num="236" count="0" type="cond" truecount="0" falsecount="3"/>
        <line num="237" count="0" type="stmt"/>
        <line num="241" count="0" type="cond" truecount="0" falsecount="1"/>
        <line num="246" count="0" type="stmt"/>
        <line num="250" count="0" type="cond" truecount="0" falsecount="1"/>
        <line num="251" count="0" type="stmt"/>
        <line num="255" count="0" type="stmt"/>
        <line num="263" count="0" type="stmt"/>
        <line num="269" count="0" type="stmt"/>
        <line num="277" count="0" type="stmt"/>
      </file>
      <file name="api.ts" path="C:\Users\ABUBAKAR\Lumenpulse\apps\mobile\lib\api.ts">
        <metrics statements="22" coveredstatements="0" conditionals="0" coveredconditionals="0" methods="15" coveredmethods="0"/>
        <line num="1" count="0" type="stmt"/>
        <line num="121" count="0" type="stmt"/>
        <line num="123" count="0" type="stmt"/>
        <line num="127" count="0" type="stmt"/>
        <line num="131" count="0" type="stmt"/>
        <line num="136" count="0" type="stmt"/>
        <line num="143" count="0" type="stmt"/>
        <line num="150" count="0" type="stmt"/>
        <line num="155" count="0" type="stmt"/>
        <line num="162" count="0" type="stmt"/>
        <line num="167" count="0" type="stmt"/>
        <line num="171" count="0" type="stmt"/>
        <line num="181" count="0" type="stmt"/>
        <line num="188" count="0" type="stmt"/>
        <line num="190" count="0" type="stmt"/>
        <line num="194" count="0" type="stmt"/>
        <line num="198" count="0" type="stmt"/>
        <line num="204" count="0" type="stmt"/>
        <line num="208" count="0" type="stmt"/>
        <line num="231" count="0" type="stmt"/>
        <line num="237" count="0" type="stmt"/>
        <line num="242" count="0" type="stmt"/>
      </file>
      <file name="biometric-lock.ts" path="C:\Users\ABUBAKAR\Lumenpulse\apps\mobile\lib\biometric-lock.ts">
        <metrics statements="39" coveredstatements="24" conditionals="8" coveredconditionals="3" methods="6" coveredmethods="4"/>
        <line num="1" count="1" type="stmt"/>
        <line num="2" count="1" type="stmt"/>
        <line num="3" count="1" type="stmt"/>
        <line num="5" count="1" type="stmt"/>
        <line num="7" count="1" type="stmt"/>
        <line num="8" count="1" type="stmt"/>
        <line num="9" count="1" type="stmt"/>
        <line num="10" count="1" type="stmt"/>
        <line num="12" count="0" type="stmt"/>
        <line num="13" count="0" type="stmt"/>
        <line num="17" count="1" type="stmt"/>
        <line num="18" count="1" type="stmt"/>
        <line num="19" count="1" type="cond" truecount="1" falsecount="1"/>
        <line num="21" count="0" type="stmt"/>
        <line num="22" count="0" type="stmt"/>
        <line num="26" count="1" type="stmt"/>
        <line num="27" count="2" type="cond" truecount="0" falsecount="1"/>
        <line num="28" count="0" type="stmt"/>
        <line num="31" count="2" type="stmt"/>
        <line num="32" count="2" type="cond" truecount="1" falsecount="0"/>
        <line num="33" count="1" type="stmt"/>
        <line num="36" count="1" type="stmt"/>
        <line num="37" count="1" type="stmt"/>
        <line num="40" count="1" type="stmt"/>
        <line num="41" count="0" type="cond" truecount="0" falsecount="1"/>
        <line num="42" count="0" type="stmt"/>
        <line num="45" count="0" type="stmt"/>
        <line num="48" count="1" type="stmt"/>
        <line num="51" count="0" type="stmt"/>
        <line num="64" count="1" type="stmt"/>
        <line num="65" count="1" type="stmt"/>
        <line num="66" count="1" type="stmt"/>
        <line num="67" count="1" type="cond" truecount="1" falsecount="0"/>
        <line num="69" count="0" type="stmt"/>
        <line num="70" count="0" type="cond" truecount="0" falsecount="1"/>
        <line num="72" count="0" type="stmt"/>
        <line num="73" count="0" type="stmt"/>
        <line num="75" count="0" type="stmt"/>
        <line num="79" count="0" type="stmt"/>
      </file>
      <file name="cache.ts" path="C:\Users\ABUBAKAR\Lumenpulse\apps\mobile\lib\cache.ts">
        <metrics statements="53" coveredstatements="39" conditionals="14" coveredconditionals="9" methods="14" coveredmethods="11"/>
        <line num="1" count="2" type="stmt"/>
        <line num="2" count="2" type="stmt"/>
        <line num="3" count="2" type="stmt"/>
        <line num="17" count="2" type="stmt"/>
        <line num="19" count="2" type="stmt"/>
        <line num="20" count="2" type="stmt"/>
        <line num="23" count="2" type="stmt"/>
        <line num="27" count="9" type="cond" truecount="1" falsecount="0"/>
        <line num="28" count="2" type="stmt"/>
        <line num="30" count="9" type="stmt"/>
        <line num="34" count="2" type="stmt"/>
        <line num="35" count="0" type="stmt"/>
        <line num="36" count="0" type="cond" truecount="0" falsecount="2"/>
        <line num="39" count="0" type="cond" truecount="0" falsecount="3"/>
        <line num="40" count="0" type="stmt"/>
        <line num="46" count="0" type="stmt"/>
        <line num="47" count="0" type="stmt"/>
        <line num="50" count="0" type="stmt"/>
        <line num="51" count="0" type="stmt"/>
        <line num="52" count="0" type="stmt"/>
        <line num="59" count="1" type="stmt"/>
        <line num="63" count="14" type="stmt"/>
        <line num="64" count="14" type="stmt"/>
        <line num="65" count="14" type="cond" truecount="1" falsecount="0"/>
        <line num="67" count="8" type="stmt"/>
        <line num="68" count="8" type="stmt"/>
        <line num="71" count="8" type="cond" truecount="1" falsecount="0"/>
        <line num="72" count="1" type="stmt"/>
        <line num="73" count="1" type="stmt"/>
        <line num="77" count="7" type="stmt"/>
        <line num="78" count="7" type="cond" truecount="4" falsecount="0"/>
        <line num="80" count="1" type="stmt"/>
        <line num="81" count="1" type="stmt"/>
        <line num="84" count="7" type="stmt"/>
        <line num="86" count="0" type="stmt"/>
        <line num="87" count="0" type="stmt"/>
        <line num="92" count="8" type="stmt"/>
        <line num="93" count="8" type="stmt"/>
        <line num="94" count="8" type="cond" truecount="2" falsecount="0"/>
        <line num="96" count="8" type="stmt"/>
        <line num="102" count="8" type="stmt"/>
        <line num="104" count="0" type="stmt"/>
        <line num="109" count="1" type="stmt"/>
        <line num="110" count="1" type="stmt"/>
        <line num="112" count="0" type="stmt"/>
        <line num="117" count="14" type="stmt"/>
        <line num="118" count="14" type="stmt"/>
        <line num="119" count="14" type="stmt"/>
        <line num="120" count="14" type="stmt"/>
        <line num="122" count="0" type="stmt"/>
        <line num="127" count="1" type="stmt"/>
        <line num="132" count="2" type="stmt"/>
        <line num="165" count="2" type="stmt"/>
      </file>
      <file name="cached-api.ts" path="C:\Users\ABUBAKAR\Lumenpulse\apps\mobile\lib\cached-api.ts">
        <metrics statements="111" coveredstatements="0" conditionals="66" coveredconditionals="0" methods="10" coveredmethods="0"/>
        <line num="1" count="0" type="stmt"/>
        <line num="2" count="0" type="stmt"/>
        <line num="3" count="0" type="stmt"/>
        <line num="4" count="0" type="stmt"/>
        <line num="5" count="0" type="stmt"/>
        <line num="12" count="0" type="stmt"/>
        <line num="15" count="0" type="stmt"/>
        <line num="18" count="0" type="stmt"/>
        <line num="19" count="0" type="cond" truecount="0" falsecount="1"/>
        <line num="23" count="0" type="stmt"/>
        <line num="27" count="0" type="cond" truecount="0" falsecount="1"/>
        <line num="28" count="0" type="stmt"/>
        <line num="29" count="0" type="stmt"/>
        <line num="30" count="0" type="cond" truecount="0" falsecount="3"/>
        <line num="31" count="0" type="stmt"/>
        <line num="32" count="0" type="stmt"/>
        <line num="35" count="0" type="stmt"/>
        <line num="40" count="0" type="cond" truecount="0" falsecount="1"/>
        <line num="41" count="0" type="stmt"/>
        <line num="44" count="0" type="stmt"/>
        <line num="49" count="0" type="stmt"/>
        <line num="52" count="0" type="stmt"/>
        <line num="53" count="0" type="cond" truecount="0" falsecount="1"/>
        <line num="57" count="0" type="stmt"/>
        <line num="61" count="0" type="cond" truecount="0" falsecount="1"/>
        <line num="62" count="0" type="stmt"/>
        <line num="63" count="0" type="stmt"/>
        <line num="64" count="0" type="cond" truecount="0" falsecount="3"/>
        <line num="65" count="0" type="stmt"/>
        <line num="66" count="0" type="stmt"/>
        <line num="69" count="0" type="stmt"/>
        <line num="74" count="0" type="cond" truecount="0" falsecount="1"/>
        <line num="75" count="0" type="stmt"/>
        <line num="78" count="0" type="stmt"/>
        <line num="83" count="0" type="stmt"/>
        <line num="86" count="0" type="stmt"/>
        <line num="87" count="0" type="cond" truecount="0" falsecount="1"/>
        <line num="91" count="0" type="stmt"/>
        <line num="95" count="0" type="cond" truecount="0" falsecount="1"/>
        <line num="96" count="0" type="stmt"/>
        <line num="97" count="0" type="stmt"/>
        <line num="98" count="0" type="cond" truecount="0" falsecount="3"/>
        <line num="99" count="0" type="stmt"/>
        <line num="100" count="0" type="stmt"/>
        <line num="103" count="0" type="stmt"/>
        <line num="108" count="0" type="cond" truecount="0" falsecount="1"/>
        <line num="109" count="0" type="stmt"/>
        <line num="112" count="0" type="stmt"/>
        <line num="117" count="0" type="stmt"/>
        <line num="120" count="0" type="stmt"/>
        <line num="121" count="0" type="cond" truecount="0" falsecount="1"/>
        <line num="125" count="0" type="stmt"/>
        <line num="129" count="0" type="cond" truecount="0" falsecount="1"/>
        <line num="130" count="0" type="stmt"/>
        <line num="132" count="0" type="stmt"/>
        <line num="133" count="0" type="cond" truecount="0" falsecount="3"/>
        <line num="134" count="0" type="stmt"/>
        <line num="135" count="0" type="stmt"/>
        <line num="138" count="0" type="stmt"/>
        <line num="143" count="0" type="cond" truecount="0" falsecount="1"/>
        <line num="144" count="0" type="stmt"/>
        <line num="147" count="0" type="stmt"/>
        <line num="152" count="0" type="stmt"/>
        <line num="154" count="0" type="stmt"/>
        <line num="155" count="0" type="cond" truecount="0" falsecount="1"/>
        <line num="159" count="0" type="stmt"/>
        <line num="162" count="0" type="cond" truecount="0" falsecount="1"/>
        <line num="163" count="0" type="stmt"/>
        <line num="164" count="0" type="stmt"/>
        <line num="165" count="0" type="cond" truecount="0" falsecount="3"/>
        <line num="166" count="0" type="stmt"/>
        <line num="167" count="0" type="stmt"/>
        <line num="170" count="0" type="stmt"/>
        <line num="174" count="0" type="cond" truecount="0" falsecount="1"/>
        <line num="175" count="0" type="stmt"/>
        <line num="178" count="0" type="stmt"/>
        <line num="183" count="0" type="stmt"/>
        <line num="188" count="0" type="stmt"/>
        <line num="190" count="0" type="stmt"/>
        <line num="191" count="0" type="cond" truecount="0" falsecount="1"/>
        <line num="195" count="0" type="stmt"/>
        <line num="198" count="0" type="cond" truecount="0" falsecount="1"/>
        <line num="199" count="0" type="stmt"/>
        <line num="200" count="0" type="stmt"/>
        <line num="201" count="0" type="cond" truecount="0" falsecount="3"/>
        <line num="202" count="0" type="stmt"/>
        <line num="203" count="0" type="stmt"/>
        <line num="206" count="0" type="stmt"/>
        <line num="210" count="0" type="cond" truecount="0" falsecount="1"/>
        <line num="211" count="0" type="stmt"/>
        <line num="214" count="0" type="stmt"/>
        <line num="219" count="0" type="stmt"/>
        <line num="221" count="0" type="stmt"/>
        <line num="222" count="0" type="cond" truecount="0" falsecount="1"/>
        <line num="226" count="0" type="stmt"/>
        <line num="229" count="0" type="cond" truecount="0" falsecount="1"/>
        <line num="230" count="0" type="stmt"/>
        <line num="231" count="0" type="stmt"/>
        <line num="232" count="0" type="cond" truecount="0" falsecount="3"/>
        <line num="233" count="0" type="stmt"/>
        <line num="234" count="0" type="stmt"/>
        <line num="237" count="0" type="stmt"/>
        <line num="241" count="0" type="cond" truecount="0" falsecount="1"/>
        <line num="242" count="0" type="stmt"/>
        <line num="245" count="0" type="stmt"/>
        <line num="250" count="0" type="stmt"/>
        <line num="255" count="0" type="stmt"/>
        <line num="262" count="0" type="stmt"/>
        <line num="263" count="0" type="stmt"/>
        <line num="264" count="0" type="stmt"/>
        <line num="266" count="0" type="stmt"/>
      </file>
      <file name="config.ts" path="C:\Users\ABUBAKAR\Lumenpulse\apps\mobile\lib\config.ts">
        <metrics statements="26" coveredstatements="24" conditionals="36" coveredconditionals="31" methods="5" coveredmethods="4"/>
        <line num="1" count="6" type="stmt"/>
        <line num="21" count="6" type="cond" truecount="2" falsecount="1"/>
        <line num="25" count="6" type="stmt"/>
        <line num="52" count="6" type="stmt"/>
        <line num="54" count="6" type="stmt"/>
        <line num="55" count="2" type="stmt"/>
        <line num="58" count="6" type="stmt"/>
        <line num="59" count="2" type="stmt"/>
        <line num="62" count="6" type="cond" truecount="1" falsecount="0"/>
        <line num="63" count="24" type="stmt"/>
        <line num="72" count="6" type="stmt"/>
        <line num="73" count="0" type="stmt"/>
        <line num="74" count="0" type="cond" truecount="0" falsecount="2"/>
        <line num="84" count="6" type="stmt"/>
        <line num="85" count="4" type="stmt"/>
        <line num="88" count="4" type="cond" truecount="1" falsecount="0"/>
        <line num="90" count="3" type="stmt"/>
        <line num="91" count="3" type="cond" truecount="3" falsecount="0"/>
        <line num="92" count="1" type="stmt"/>
        <line num="99" count="2" type="cond" truecount="3" falsecount="0"/>
        <line num="100" count="1" type="stmt"/>
        <line num="108" count="1" type="stmt"/>
        <line num="109" count="1" type="cond" truecount="1" falsecount="0"/>
        <line num="110" count="1" type="stmt"/>
        <line num="118" count="6" type="stmt"/>
        <line num="153" count="6" type="stmt"/>
      </file>
      <file name="contribution-drafts.ts" path="C:\Users\ABUBAKAR\Lumenpulse\apps\mobile\lib\contribution-drafts.ts">
        <metrics statements="29" coveredstatements="26" conditionals="23" coveredconditionals="18" methods="3" coveredmethods="3"/>
        <line num="10" count="3" type="stmt"/>
        <line num="16" count="3" type="stmt"/>
        <line num="52" count="3" type="stmt"/>
        <line num="53" count="7" type="cond" truecount="4" falsecount="0"/>
        <line num="54" count="3" type="stmt"/>
        <line num="57" count="4" type="stmt"/>
        <line num="59" count="4" type="stmt"/>
        <line num="60" count="4" type="cond" truecount="4" falsecount="0"/>
        <line num="61" count="2" type="stmt"/>
        <line num="64" count="2" type="stmt"/>
        <line num="65" count="2" type="cond" truecount="3" falsecount="0"/>
        <line num="66" count="1" type="stmt"/>
        <line num="69" count="1" type="stmt"/>
        <line num="70" count="1" type="cond" truecount="3" falsecount="1"/>
        <line num="71" count="0" type="stmt"/>
        <line num="74" count="1" type="stmt"/>
        <line num="80" count="3" type="stmt"/>
        <line num="85" count="4" type="stmt"/>
        <line num="86" count="4" type="cond" truecount="0" falsecount="1"/>
        <line num="87" count="0" type="stmt"/>
        <line num="89" count="4" type="stmt"/>
        <line num="99" count="3" type="stmt"/>
        <line num="110" count="3" type="cond" truecount="1" falsecount="0"/>
        <line num="111" count="1" type="stmt"/>
        <line num="114" count="2" type="cond" truecount="1" falsecount="2"/>
        <line num="115" count="0" type="stmt"/>
        <line num="118" count="2" type="cond" truecount="1" falsecount="0"/>
        <line num="119" count="1" type="stmt"/>
        <line num="122" count="1" type="stmt"/>
      </file>
      <file name="contributor.ts" path="C:\Users\ABUBAKAR\Lumenpulse\apps\mobile\lib\contributor.ts">
        <metrics statements="37" coveredstatements="18" conditionals="41" coveredconditionals="13" methods="8" coveredmethods="3"/>
        <line num="1" count="1" type="stmt"/>
        <line num="45" count="1" type="stmt"/>
        <line num="50" count="0" type="stmt"/>
        <line num="57" count="0" type="stmt"/>
        <line num="64" count="0" type="stmt"/>
        <line num="71" count="0" type="stmt"/>
        <line num="72" count="0" type="stmt"/>
        <line num="76" count="0" type="stmt"/>
        <line num="79" count="0" type="cond" truecount="0" falsecount="2"/>
        <line num="80" count="0" type="cond" truecount="0" falsecount="2"/>
        <line num="82" count="0" type="cond" truecount="0" falsecount="2"/>
        <line num="86" count="0" type="stmt"/>
        <line num="115" count="0" type="cond" truecount="0" falsecount="4"/>
        <line num="116" count="0" type="cond" truecount="0" falsecount="4"/>
        <line num="117" count="0" type="cond" truecount="0" falsecount="2"/>
        <line num="119" count="0" type="stmt"/>
        <line num="132" count="0" type="stmt"/>
        <line num="142" count="1" type="stmt"/>
        <line num="143" count="5" type="cond" truecount="5" falsecount="0"/>
        <line num="145" count="1" type="stmt"/>
        <line num="147" count="1" type="stmt"/>
        <line num="149" count="1" type="stmt"/>
        <line num="152" count="2" type="stmt"/>
        <line num="156" count="1" type="stmt"/>
        <line num="157" count="3" type="cond" truecount="4" falsecount="2"/>
        <line num="159" count="1" type="stmt"/>
        <line num="161" count="1" type="stmt"/>
        <line num="163" count="0" type="stmt"/>
        <line num="165" count="0" type="stmt"/>
        <line num="168" count="1" type="stmt"/>
        <line num="172" count="1" type="stmt"/>
        <line num="173" count="3" type="cond" truecount="4" falsecount="2"/>
        <line num="175" count="1" type="stmt"/>
        <line num="177" count="1" type="stmt"/>
        <line num="179" count="0" type="stmt"/>
        <line num="181" count="0" type="stmt"/>
        <line num="184" count="1" type="stmt"/>
      </file>
      <file name="crowdfund.ts" path="C:\Users\ABUBAKAR\Lumenpulse\apps\mobile\lib\crowdfund.ts">
        <metrics statements="8" coveredstatements="0" conditionals="0" coveredconditionals="0" methods="6" coveredmethods="0"/>
        <line num="1" count="0" type="stmt"/>
        <line num="86" count="0" type="stmt"/>
        <line num="91" count="0" type="stmt"/>
        <line num="98" count="0" type="stmt"/>
        <line num="109" count="0" type="stmt"/>
        <line num="116" count="0" type="stmt"/>
        <line num="123" count="0" type="stmt"/>
        <line num="130" count="0" type="stmt"/>
      </file>
      <file name="deep-links.ts" path="C:\Users\ABUBAKAR\Lumenpulse\apps\mobile\lib\deep-links.ts">
        <metrics statements="7" coveredstatements="0" conditionals="0" coveredconditionals="0" methods="1" coveredmethods="0"/>
        <line num="6" count="0" type="stmt"/>
        <line num="13" count="0" type="stmt"/>
        <line num="14" count="0" type="stmt"/>
        <line num="15" count="0" type="stmt"/>
        <line num="16" count="0" type="stmt"/>
        <line num="17" count="0" type="stmt"/>
        <line num="19" count="0" type="stmt"/>
      </file>
      <file name="error-reporting.ts" path="C:\Users\ABUBAKAR\Lumenpulse\apps\mobile\lib\error-reporting.ts">
        <metrics statements="11" coveredstatements="0" conditionals="4" coveredconditionals="0" methods="3" coveredmethods="0"/>
        <line num="1" count="0" type="stmt"/>
        <line num="9" count="0" type="stmt"/>
        <line num="12" count="0" type="cond" truecount="0" falsecount="3"/>
        <line num="13" count="0" type="stmt"/>
        <line num="18" count="0" type="cond" truecount="0" falsecount="1"/>
        <line num="19" count="0" type="stmt"/>
        <line num="20" count="0" type="stmt"/>
        <line num="24" count="0" type="stmt"/>
        <line num="25" count="0" type="stmt"/>
        <line num="26" count="0" type="stmt"/>
        <line num="30" count="0" type="stmt"/>
      </file>
      <file name="grant-detail-utils.ts" path="C:\Users\ABUBAKAR\Lumenpulse\apps\mobile\lib\grant-detail-utils.ts">
        <metrics statements="12" coveredstatements="12" conditionals="31" coveredconditionals="18" methods="2" coveredmethods="2"/>
        <line num="10" count="1" type="stmt"/>
        <line num="11" count="3" type="cond" truecount="1" falsecount="1"/>
        <line num="12" count="3" type="cond" truecount="1" falsecount="1"/>
        <line num="13" count="3" type="cond" truecount="4" falsecount="0"/>
        <line num="14" count="1" type="stmt"/>
        <line num="16" count="2" type="stmt"/>
        <line num="19" count="1" type="cond" truecount="0" falsecount="1"/>
        <line num="21" count="1" type="stmt"/>
        <line num="22" count="1" type="stmt"/>
        <line num="24" count="1" type="cond" truecount="2" falsecount="0"/>
        <line num="25" count="1" type="stmt"/>
        <line num="27" count="1" type="stmt"/>
      </file>
      <file name="grants.ts" path="C:\Users\ABUBAKAR\Lumenpulse\apps\mobile\lib\grants.ts">
        <metrics statements="17" coveredstatements="0" conditionals="16" coveredconditionals="0" methods="6" coveredmethods="0"/>
        <line num="1" count="0" type="stmt"/>
        <line num="41" count="0" type="stmt"/>
        <line num="43" count="0" type="stmt"/>
        <line num="47" count="0" type="stmt"/>
        <line num="51" count="0" type="stmt"/>
        <line num="58" count="0" type="cond" truecount="0" falsecount="1"/>
        <line num="59" count="0" type="stmt"/>
        <line num="60" count="0" type="cond" truecount="0" falsecount="1"/>
        <line num="61" count="0" type="cond" truecount="0" falsecount="1"/>
        <line num="62" count="0" type="stmt"/>
        <line num="66" count="0" type="stmt"/>
        <line num="67" count="0" type="stmt"/>
        <line num="68" count="0" type="cond" truecount="0" falsecount="1"/>
        <line num="69" count="0" type="stmt"/>
        <line num="73" count="0" type="stmt"/>
        <line num="77" count="0" type="stmt"/>
        <line num="84" count="0" type="cond" truecount="0" falsecount="2"/>
      </file>
      <file name="image-cache.ts" path="C:\Users\ABUBAKAR\Lumenpulse\apps\mobile\lib\image-cache.ts">
        <metrics statements="54" coveredstatements="54" conditionals="11" coveredconditionals="11" methods="11" coveredmethods="11"/>
        <line num="15" count="1" type="stmt"/>
        <line num="16" count="1" type="stmt"/>
        <line num="21" count="1" type="stmt"/>
        <line num="24" count="1" type="stmt"/>
        <line num="26" count="1" type="stmt"/>
        <line num="50" count="1" type="stmt"/>
        <line num="51" count="1" type="stmt"/>
        <line num="53" count="13" type="stmt"/>
        <line num="55" count="13" type="stmt"/>
        <line num="58" count="13" type="stmt"/>
        <line num="62" count="1" type="cond" truecount="1" falsecount="0"/>
        <line num="63" count="1" type="stmt"/>
        <line num="65" count="1" type="stmt"/>
        <line num="72" count="23" type="cond" truecount="1" falsecount="0"/>
        <line num="73" count="12" type="stmt"/>
        <line num="74" count="12" type="stmt"/>
        <line num="75" count="12" type="cond" truecount="1" falsecount="0"/>
        <line num="76" count="1" type="stmt"/>
        <line num="77" count="2" type="stmt"/>
        <line num="82" count="12" type="stmt"/>
        <line num="86" count="10" type="stmt"/>
        <line num="87" count="10" type="stmt"/>
        <line num="88" count="10" type="stmt"/>
        <line num="102" count="10" type="stmt"/>
        <line num="104" count="10" type="stmt"/>
        <line num="105" count="10" type="stmt"/>
        <line num="111" count="10" type="stmt"/>
        <line num="112" count="10" type="stmt"/>
        <line num="119" count="10" type="stmt"/>
        <line num="121" count="10" type="stmt"/>
        <line num="122" count="10" type="stmt"/>
        <line num="123" count="8" type="stmt"/>
        <line num="126" count="10" type="stmt"/>
        <line num="138" count="3" type="stmt"/>
        <line num="139" count="3" type="stmt"/>
        <line num="140" count="3" type="stmt"/>
        <line num="143" count="3" type="stmt"/>
        <line num="144" count="3" type="stmt"/>
        <line num="145" count="3" type="stmt"/>
        <line num="156" count="10" type="stmt"/>
        <line num="157" count="10" type="stmt"/>
        <line num="158" count="12" type="stmt"/>
        <line num="161" count="10" type="cond" truecount="1" falsecount="0"/>
        <line num="164" count="2" type="stmt"/>
        <line num="165" count="2" type="stmt"/>
        <line num="168" count="2" type="stmt"/>
        <line num="169" count="4" type="cond" truecount="1" falsecount="0"/>
        <line num="170" count="2" type="stmt"/>
        <line num="171" count="2" type="stmt"/>
        <line num="177" count="1" type="stmt"/>
        <line num="182" count="1" type="stmt"/>
        <line num="183" count="4" type="cond" truecount="1" falsecount="0"/>
        <line num="184" count="2" type="cond" truecount="1" falsecount="0"/>
        <line num="185" count="1" type="stmt"/>
      </file>
      <file name="moderation.ts" path="C:\Users\ABUBAKAR\Lumenpulse\apps\mobile\lib\moderation.ts">
        <metrics statements="30" coveredstatements="0" conditionals="13" coveredconditionals="0" methods="8" coveredmethods="0"/>
        <line num="1" count="0" type="stmt"/>
        <line num="6" count="0" type="cond" truecount="0" falsecount="2"/>
        <line num="7" count="0" type="stmt"/>
        <line num="8" count="0" type="stmt"/>
        <line num="9" count="0" type="stmt"/>
        <line num="10" count="0" type="stmt"/>
        <line num="16" count="0" type="cond" truecount="0" falsecount="2"/>
        <line num="17" count="0" type="stmt"/>
        <line num="18" count="0" type="stmt"/>
        <line num="19" count="0" type="stmt"/>
        <line num="20" count="0" type="stmt"/>
        <line num="21" count="0" type="stmt"/>
        <line num="22" count="0" type="stmt"/>
        <line num="28" count="0" type="cond" truecount="0" falsecount="2"/>
        <line num="29" count="0" type="stmt"/>
        <line num="30" count="0" type="stmt"/>
        <line num="31" count="0" type="stmt"/>
        <line num="32" count="0" type="stmt"/>
        <line num="66" count="0" type="stmt"/>
        <line num="71" count="0" type="stmt"/>
        <line num="89" count="0" type="stmt"/>
        <line num="110" count="0" type="stmt"/>
        <line num="111" count="0" type="cond" truecount="0" falsecount="1"/>
        <line num="112" count="0" type="cond" truecount="0" falsecount="1"/>
        <line num="113" count="0" type="cond" truecount="0" falsecount="1"/>
        <line num="114" count="0" type="cond" truecount="0" falsecount="1"/>
        <line num="115" count="0" type="cond" truecount="0" falsecount="1"/>
        <line num="117" count="0" type="stmt"/>
        <line num="132" count="0" type="stmt"/>
        <line num="145" count="0" type="stmt"/>
      </file>
      <file name="mutation-queue.ts" path="C:\Users\ABUBAKAR\Lumenpulse\apps\mobile\lib\mutation-queue.ts">
        <metrics statements="17" coveredstatements="0" conditionals="3" coveredconditionals="0" methods="4" coveredmethods="0"/>
        <line num="1" count="0" type="stmt"/>
        <line num="10" count="0" type="stmt"/>
        <line num="12" count="0" type="stmt"/>
        <line num="14" count="0" type="stmt"/>
        <line num="15" count="0" type="stmt"/>
        <line num="16" count="0" type="cond" truecount="0" falsecount="2"/>
        <line num="18" count="0" type="stmt"/>
        <line num="23" count="0" type="stmt"/>
        <line num="24" count="0" type="stmt"/>
        <line num="29" count="0" type="stmt"/>
        <line num="30" count="0" type="stmt"/>
        <line num="34" count="0" type="stmt"/>
        <line num="35" count="0" type="cond" truecount="0" falsecount="1"/>
        <line num="36" count="0" type="stmt"/>
        <line num="37" count="0" type="stmt"/>
        <line num="38" count="0" type="stmt"/>
        <line num="42" count="0" type="stmt"/>
      </file>
      <file name="notifications-api.ts" path="C:\Users\ABUBAKAR\Lumenpulse\apps\mobile\lib\notifications-api.ts">
        <metrics statements="7" coveredstatements="0" conditionals="4" coveredconditionals="0" methods="2" coveredmethods="0"/>
        <line num="1" count="0" type="stmt"/>
        <line num="3" count="0" type="stmt"/>
        <line num="4" count="0" type="stmt"/>
        <line num="5" count="0" type="cond" truecount="0" falsecount="4"/>
        <line num="8" count="0" type="stmt"/>
        <line num="9" count="0" type="stmt"/>
        <line num="10" count="0" type="stmt"/>
      </file>
      <file name="notifications.ts" path="C:\Users\ABUBAKAR\Lumenpulse\apps\mobile\lib\notifications.ts">
        <metrics statements="7" coveredstatements="0" conditionals="4" coveredconditionals="0" methods="2" coveredmethods="0"/>
        <line num="1" count="0" type="stmt"/>
        <line num="11" count="0" type="stmt"/>
        <line num="12" count="0" type="stmt"/>
        <line num="13" count="0" type="cond" truecount="0" falsecount="4"/>
        <line num="16" count="0" type="stmt"/>
        <line num="17" count="0" type="stmt"/>
        <line num="18" count="0" type="stmt"/>
      </file>
      <file name="push-token.ts" path="C:\Users\ABUBAKAR\Lumenpulse\apps\mobile\lib\push-token.ts">
        <metrics statements="20" coveredstatements="0" conditionals="6" coveredconditionals="0" methods="5" coveredmethods="0"/>
        <line num="1" count="0" type="stmt"/>
        <line num="2" count="0" type="stmt"/>
        <line num="3" count="0" type="stmt"/>
        <line num="5" count="0" type="stmt"/>
        <line num="16" count="0" type="stmt"/>
        <line num="17" count="0" type="cond" truecount="0" falsecount="2"/>
        <line num="19" count="0" type="stmt"/>
        <line num="20" count="0" type="stmt"/>
        <line num="21" count="0" type="cond" truecount="0" falsecount="1"/>
        <line num="22" count="0" type="stmt"/>
        <line num="23" count="0" type="stmt"/>
        <line num="24" count="0" type="stmt"/>
        <line num="27" count="0" type="stmt"/>
        <line num="30" count="0" type="stmt"/>
        <line num="33" count="0" type="stmt"/>
        <line num="34" count="0" type="stmt"/>
        <line num="37" count="0" type="stmt"/>
        <line num="38" count="0" type="stmt"/>
        <line num="39" count="0" type="stmt"/>
        <line num="40" count="0" type="cond" truecount="0" falsecount="3"/>
      </file>
      <file name="release-metadata.ts" path="C:\Users\ABUBAKAR\Lumenpulse\apps\mobile\lib\release-metadata.ts">
        <metrics statements="8" coveredstatements="6" conditionals="3" coveredconditionals="3" methods="1" coveredmethods="1"/>
        <line num="12" count="1" type="stmt"/>
        <line num="31" count="1" type="stmt"/>
        <line num="32" count="1" type="stmt"/>
        <line num="35" count="1" type="stmt"/>
        <line num="36" count="1" type="cond" truecount="3" falsecount="0"/>
        <line num="37" count="1" type="stmt"/>
        <line num="41" count="0" type="stmt"/>
        <line num="43" count="0" type="stmt"/>
      </file>
      <file name="saved-news.ts" path="C:\Users\ABUBAKAR\Lumenpulse\apps\mobile\lib\saved-news.ts">
        <metrics statements="24" coveredstatements="0" conditionals="3" coveredconditionals="0" methods="7" coveredmethods="0"/>
        <line num="1" count="0" type="stmt"/>
        <line num="4" count="0" type="stmt"/>
        <line num="6" count="0" type="stmt"/>
        <line num="8" count="0" type="stmt"/>
        <line num="9" count="0" type="stmt"/>
        <line num="10" count="0" type="cond" truecount="0" falsecount="2"/>
        <line num="12" count="0" type="stmt"/>
        <line num="13" count="0" type="stmt"/>
        <line num="18" count="0" type="stmt"/>
        <line num="19" count="0" type="stmt"/>
        <line num="20" count="0" type="stmt"/>
        <line num="21" count="0" type="cond" truecount="0" falsecount="1"/>
        <line num="22" count="0" type="stmt"/>
        <line num="23" count="0" type="stmt"/>
        <line num="26" count="0" type="stmt"/>
        <line num="31" count="0" type="stmt"/>
        <line num="32" count="0" type="stmt"/>
        <line num="33" count="0" type="stmt"/>
        <line num="34" count="0" type="stmt"/>
        <line num="36" count="0" type="stmt"/>
        <line num="41" count="0" type="stmt"/>
        <line num="42" count="0" type="stmt"/>
        <line num="43" count="0" type="stmt"/>
        <line num="45" count="0" type="stmt"/>
      </file>
      <file name="stellar.ts" path="C:\Users\ABUBAKAR\Lumenpulse\apps\mobile\lib\stellar.ts">
        <metrics statements="35" coveredstatements="32" conditionals="19" coveredconditionals="15" methods="4" coveredmethods="4"/>
        <line num="1" count="1" type="stmt"/>
        <line num="28" count="1" type="stmt"/>
        <line num="34" count="1" type="stmt"/>
        <line num="41" count="1" type="stmt"/>
        <line num="48" count="1" type="stmt"/>
        <line num="49" count="6" type="stmt"/>
        <line num="51" count="6" type="cond" truecount="1" falsecount="0"/>
        <line num="52" count="1" type="stmt"/>
        <line num="55" count="5" type="cond" truecount="1" falsecount="0"/>
        <line num="56" count="1" type="stmt"/>
        <line num="59" count="4" type="cond" truecount="0" falsecount="1"/>
        <line num="60" count="0" type="stmt"/>
        <line num="63" count="4" type="stmt"/>
        <line num="65" count="4" type="cond" truecount="2" falsecount="1"/>
        <line num="66" count="0" type="stmt"/>
        <line num="69" count="4" type="cond" truecount="1" falsecount="0"/>
        <line num="70" count="1" type="stmt"/>
        <line num="73" count="3" type="cond" truecount="1" falsecount="0"/>
        <line num="74" count="1" type="stmt"/>
        <line num="78" count="2" type="stmt"/>
        <line num="79" count="2" type="cond" truecount="2" falsecount="1"/>
        <line num="80" count="0" type="stmt"/>
        <line num="83" count="2" type="stmt"/>
        <line num="89" count="1" type="stmt"/>
        <line num="90" count="2" type="stmt"/>
        <line num="91" count="2" type="stmt"/>
        <line num="98" count="1" type="cond" truecount="1" falsecount="0"/>
        <line num="99" count="2" type="cond" truecount="2" falsecount="0"/>
        <line num="100" count="2" type="cond" truecount="0" falsecount="1"/>
        <line num="101" count="2" type="stmt"/>
        <line num="110" count="1" type="stmt"/>
        <line num="111" count="3" type="stmt"/>
        <line num="112" count="3" type="stmt"/>
        <line num="113" count="3" type="cond" truecount="4" falsecount="0"/>
        <line num="114" count="2" type="stmt"/>
      </file>
      <file name="storage.ts" path="C:\Users\ABUBAKAR\Lumenpulse\apps\mobile\lib\storage.ts">
        <metrics statements="127" coveredstatements="51" conditionals="62" coveredconditionals="27" methods="33" coveredmethods="16"/>
        <line num="1" count="2" type="stmt"/>
        <line num="2" count="2" type="stmt"/>
        <line num="3" count="2" type="stmt"/>
        <line num="9" count="2" type="stmt"/>
        <line num="10" count="2" type="stmt"/>
        <line num="11" count="2" type="stmt"/>
        <line num="12" count="2" type="stmt"/>
        <line num="39" count="2" type="stmt"/>
        <line num="41" count="2" type="stmt"/>
        <line num="42" count="15" type="cond" truecount="2" falsecount="0"/>
        <line num="44" count="2" type="stmt"/>
        <line num="45" count="3" type="cond" truecount="2" falsecount="0"/>
        <line num="47" count="2" type="stmt"/>
        <line num="48" count="9" type="cond" truecount="2" falsecount="0"/>
        <line num="50" count="2" type="stmt"/>
        <line num="57" count="2" type="stmt"/>
        <line num="58" count="3" type="stmt"/>
        <line num="59" count="3" type="stmt"/>
        <line num="60" count="3" type="stmt"/>
        <line num="70" count="2" type="stmt"/>
        <line num="71" count="3" type="cond" truecount="1" falsecount="0"/>
        <line num="72" count="1" type="stmt"/>
        <line num="75" count="2" type="stmt"/>
        <line num="76" count="2" type="stmt"/>
        <line num="77" count="2" type="cond" truecount="1" falsecount="1"/>
        <line num="81" count="2" type="stmt"/>
        <line num="83" count="2" type="cond" truecount="4" falsecount="0"/>
        <line num="87" count="2" type="stmt"/>
        <line num="93" count="1" type="stmt"/>
        <line num="102" count="0" type="stmt"/>
        <line num="103" count="0" type="stmt"/>
        <line num="107" count="2" type="stmt"/>
        <line num="108" count="1" type="stmt"/>
        <line num="111" count="2" type="stmt"/>
        <line num="112" count="1" type="stmt"/>
        <line num="115" count="2" type="stmt"/>
        <line num="119" count="0" type="stmt"/>
        <line num="121" count="0" type="stmt"/>
        <line num="122" count="0" type="cond" truecount="0" falsecount="3"/>
        <line num="123" count="0" type="cond" truecount="0" falsecount="2"/>
        <line num="125" count="0" type="cond" truecount="0" falsecount="1"/>
        <line num="126" count="0" type="stmt"/>
        <line num="129" count="0" type="cond" truecount="0" falsecount="1"/>
        <line num="130" count="0" type="stmt"/>
        <line num="133" count="0" type="cond" truecount="0" falsecount="3"/>
        <line num="134" count="0" type="stmt"/>
        <line num="137" count="0" type="stmt"/>
        <line num="140" count="2" type="stmt"/>
        <line num="142" count="1" type="stmt"/>
        <line num="143" count="1" type="stmt"/>
        <line num="147" count="1" type="stmt"/>
        <line num="149" count="0" type="stmt"/>
        <line num="150" count="0" type="stmt"/>
        <line num="155" count="1" type="stmt"/>
        <line num="156" count="1" type="stmt"/>
        <line num="157" count="1" type="cond" truecount="1" falsecount="0"/>
        <line num="158" count="1" type="stmt"/>
        <line num="161" count="0" type="stmt"/>
        <line num="162" count="0" type="stmt"/>
        <line num="164" count="0" type="stmt"/>
        <line num="165" count="0" type="stmt"/>
        <line num="170" count="0" type="stmt"/>
        <line num="171" count="0" type="stmt"/>
        <line num="172" count="0" type="cond" truecount="0" falsecount="1"/>
        <line num="173" count="0" type="stmt"/>
        <line num="176" count="0" type="stmt"/>
        <line num="177" count="0" type="stmt"/>
        <line num="179" count="0" type="stmt"/>
        <line num="180" count="0" type="stmt"/>
        <line num="185" count="3" type="stmt"/>
        <line num="186" count="3" type="stmt"/>
        <line num="187" count="3" type="stmt"/>
        <line num="189" count="0" type="stmt"/>
        <line num="192" count="0" type="stmt"/>
        <line num="193" count="0" type="stmt"/>
        <line num="198" count="0" type="stmt"/>
        <line num="199" count="0" type="stmt"/>
        <line num="203" count="0" type="stmt"/>
        <line num="204" count="0" type="stmt"/>
        <line num="213" count="0" type="stmt"/>
        <line num="214" count="0" type="cond" truecount="0" falsecount="2"/>
        <line num="220" count="1" type="stmt"/>
        <line num="221" count="1" type="stmt"/>
        <line num="223" count="1" type="cond" truecount="1" falsecount="1"/>
        <line num="226" count="0" type="stmt"/>
        <line num="230" count="1" type="stmt"/>
        <line num="239" count="0" type="stmt"/>
        <line num="240" count="0" type="stmt"/>
        <line num="245" count="0" type="stmt"/>
        <line num="246" count="0" type="stmt"/>
        <line num="247" count="0" type="cond" truecount="0" falsecount="2"/>
        <line num="248" count="0" type="stmt"/>
        <line num="253" count="0" type="stmt"/>
        <line num="270" count="0" type="stmt"/>
        <line num="271" count="0" type="stmt"/>
        <line num="273" count="0" type="stmt"/>
        <line num="287" count="1" type="stmt"/>
        <line num="288" count="1" type="stmt"/>
        <line num="297" count="0" type="stmt"/>
        <line num="298" count="0" type="stmt"/>
        <line num="300" count="0" type="stmt"/>
        <line num="301" count="0" type="stmt"/>
        <line num="306" count="0" type="stmt"/>
        <line num="307" count="0" type="stmt"/>
        <line num="312" count="0" type="stmt"/>
        <line num="314" count="0" type="stmt"/>
        <line num="315" count="0" type="stmt"/>
        <line num="320" count="0" type="stmt"/>
        <line num="324" count="0" type="stmt"/>
        <line num="328" count="0" type="stmt"/>
        <line num="337" count="0" type="stmt"/>
        <line num="338" count="0" type="stmt"/>
        <line num="340" count="0" type="stmt"/>
        <line num="350" count="0" type="stmt"/>
        <line num="351" count="0" type="stmt"/>
        <line num="352" count="0" type="cond" truecount="0" falsecount="1"/>
        <line num="353" count="0" type="stmt"/>
        <line num="356" count="0" type="stmt"/>
        <line num="357" count="0" type="cond" truecount="0" falsecount="1"/>
        <line num="358" count="0" type="stmt"/>
        <line num="359" count="0" type="stmt"/>
        <line num="362" count="0" type="stmt"/>
        <line num="364" count="0" type="stmt"/>
        <line num="365" count="0" type="stmt"/>
        <line num="371" count="0" type="stmt"/>
        <line num="372" count="0" type="stmt"/>
        <line num="374" count="0" type="stmt"/>
      </file>
      <file name="transaction.ts" path="C:\Users\ABUBAKAR\Lumenpulse\apps\mobile\lib\transaction.ts">
        <metrics statements="18" coveredstatements="0" conditionals="18" coveredconditionals="0" methods="2" coveredmethods="0"/>
        <line num="1" count="0" type="stmt"/>
        <line num="4" count="0" type="stmt"/>
        <line num="6" count="0" type="stmt"/>
        <line num="7" count="0" type="cond" truecount="0" falsecount="1"/>
        <line num="8" count="0" type="cond" truecount="0" falsecount="1"/>
        <line num="10" count="0" type="cond" truecount="0" falsecount="2"/>
        <line num="11" count="0" type="stmt"/>
        <line num="12" count="0" type="cond" truecount="0" falsecount="3"/>
        <line num="13" count="0" type="stmt"/>
        <line num="15" count="0" type="cond" truecount="0" falsecount="2"/>
        <line num="23" count="0" type="stmt"/>
        <line num="24" count="0" type="cond" truecount="0" falsecount="1"/>
        <line num="25" count="0" type="cond" truecount="0" falsecount="1"/>
        <line num="27" count="0" type="cond" truecount="0" falsecount="2"/>
        <line num="28" count="0" type="stmt"/>
        <line num="29" count="0" type="cond" truecount="0" falsecount="3"/>
        <line num="30" count="0" type="stmt"/>
        <line num="32" count="0" type="cond" truecount="0" falsecount="2"/>
      </file>
      <file name="verification.ts" path="C:\Users\ABUBAKAR\Lumenpulse\apps\mobile\lib\verification.ts">
        <metrics statements="20" coveredstatements="0" conditionals="10" coveredconditionals="0" methods="7" coveredmethods="0"/>
        <line num="1" count="0" type="stmt"/>
        <line num="34" count="0" type="stmt"/>
        <line num="36" count="0" type="stmt"/>
        <line num="40" count="0" type="cond" truecount="0" falsecount="2"/>
        <line num="41" count="0" type="stmt"/>
        <line num="45" count="0" type="stmt"/>
        <line num="53" count="0" type="stmt"/>
        <line num="61" count="0" type="stmt"/>
        <line num="65" count="0" type="stmt"/>
        <line num="66" count="0" type="cond" truecount="0" falsecount="4"/>
        <line num="68" count="0" type="stmt"/>
        <line num="70" count="0" type="stmt"/>
        <line num="72" count="0" type="stmt"/>
        <line num="74" count="0" type="stmt"/>
        <line num="78" count="0" type="stmt"/>
        <line num="79" count="0" type="cond" truecount="0" falsecount="4"/>
        <line num="81" count="0" type="stmt"/>
        <line num="83" count="0" type="stmt"/>
        <line num="85" count="0" type="stmt"/>
        <line num="87" count="0" type="stmt"/>
      </file>
      <file name="watchlist.ts" path="C:\Users\ABUBAKAR\Lumenpulse\apps\mobile\lib\watchlist.ts">
        <metrics statements="178" coveredstatements="0" conditionals="91" coveredconditionals="0" methods="37" coveredmethods="0"/>
        <line num="1" count="0" type="stmt"/>
        <line num="2" count="0" type="stmt"/>
        <line num="3" count="0" type="stmt"/>
        <line num="5" count="0" type="stmt"/>
        <line num="68" count="0" type="stmt"/>
        <line num="69" count="0" type="stmt"/>
        <line num="70" count="0" type="stmt"/>
        <line num="73" count="0" type="cond" truecount="0" falsecount="2"/>
        <line num="77" count="0" type="cond" truecount="0" falsecount="2"/>
        <line num="81" count="0" type="cond" truecount="0" falsecount="2"/>
        <line num="84" count="0" type="stmt"/>
        <line num="86" count="0" type="cond" truecount="0" falsecount="2"/>
        <line num="87" count="0" type="stmt"/>
        <line num="91" count="0" type="stmt"/>
        <line num="95" count="0" type="stmt"/>
        <line num="99" count="0" type="stmt"/>
        <line num="106" count="0" type="stmt"/>
        <line num="110" count="0" type="stmt"/>
        <line num="117" count="0" type="cond" truecount="0" falsecount="2"/>
        <line num="118" count="0" type="stmt"/>
        <line num="122" count="0" type="stmt"/>
        <line num="123" count="0" type="stmt"/>
        <line num="124" count="0" type="stmt"/>
        <line num="128" count="0" type="stmt"/>
        <line num="129" count="0" type="stmt"/>
        <line num="130" count="0" type="cond" truecount="0" falsecount="2"/>
        <line num="132" count="0" type="stmt"/>
        <line num="137" count="0" type="stmt"/>
        <line num="141" count="0" type="stmt"/>
        <line num="142" count="0" type="stmt"/>
        <line num="147" count="0" type="stmt"/>
        <line num="151" count="0" type="stmt"/>
        <line num="152" count="0" type="stmt"/>
        <line num="160" count="0" type="stmt"/>
        <line num="161" count="0" type="cond" truecount="0" falsecount="1"/>
        <line num="162" count="0" type="stmt"/>
        <line num="165" count="0" type="stmt"/>
        <line num="166" count="0" type="cond" truecount="0" falsecount="1"/>
        <line num="167" count="0" type="stmt"/>
        <line num="170" count="0" type="stmt"/>
        <line num="171" count="0" type="stmt"/>
        <line num="172" count="0" type="stmt"/>
        <line num="174" count="0" type="stmt"/>
        <line num="175" count="0" type="stmt"/>
        <line num="176" count="0" type="cond" truecount="0" falsecount="2"/>
        <line num="177" count="0" type="stmt"/>
        <line num="178" count="0" type="cond" truecount="0" falsecount="2"/>
        <line num="179" count="0" type="stmt"/>
        <line num="180" count="0" type="cond" truecount="0" falsecount="4"/>
        <line num="181" count="0" type="stmt"/>
        <line num="183" count="0" type="stmt"/>
        <line num="185" count="0" type="cond" truecount="0" falsecount="2"/>
        <line num="186" count="0" type="stmt"/>
        <line num="187" count="0" type="cond" truecount="0" falsecount="2"/>
        <line num="188" count="0" type="stmt"/>
        <line num="194" count="0" type="stmt"/>
        <line num="196" count="0" type="stmt"/>
        <line num="198" count="0" type="cond" truecount="0" falsecount="2"/>
        <line num="199" count="0" type="stmt"/>
        <line num="200" count="0" type="cond" truecount="0" falsecount="2"/>
        <line num="201" count="0" type="stmt"/>
        <line num="202" count="0" type="cond" truecount="0" falsecount="1"/>
        <line num="203" count="0" type="stmt"/>
        <line num="205" count="0" type="cond" truecount="0" falsecount="2"/>
        <line num="206" count="0" type="stmt"/>
        <line num="207" count="0" type="cond" truecount="0" falsecount="2"/>
        <line num="208" count="0" type="cond" truecount="0" falsecount="2"/>
        <line num="210" count="0" type="cond" truecount="0" falsecount="1"/>
        <line num="211" count="0" type="stmt"/>
        <line num="213" count="0" type="stmt"/>
        <line num="215" count="0" type="stmt"/>
        <line num="217" count="0" type="cond" truecount="0" falsecount="1"/>
        <line num="218" count="0" type="stmt"/>
        <line num="219" count="0" type="cond" truecount="0" falsecount="2"/>
        <line num="220" count="0" type="stmt"/>
        <line num="221" count="0" type="stmt"/>
        <line num="223" count="0" type="stmt"/>
        <line num="227" count="0" type="stmt"/>
        <line num="231" count="0" type="stmt"/>
        <line num="232" count="0" type="stmt"/>
        <line num="234" count="0" type="stmt"/>
        <line num="241" count="0" type="stmt"/>
        <line num="242" count="0" type="stmt"/>
        <line num="243" count="0" type="stmt"/>
        <line num="244" count="0" type="cond" truecount="0" falsecount="2"/>
        <line num="246" count="0" type="stmt"/>
        <line num="250" count="0" type="stmt"/>
        <line num="251" count="0" type="stmt"/>
        <line num="254" count="0" type="stmt"/>
        <line num="255" count="0" type="stmt"/>
        <line num="258" count="0" type="stmt"/>
        <line num="259" count="0" type="stmt"/>
        <line num="260" count="0" type="cond" truecount="0" falsecount="2"/>
        <line num="261" count="0" type="cond" truecount="0" falsecount="2"/>
        <line num="262" count="0" type="stmt"/>
        <line num="264" count="0" type="stmt"/>
        <line num="266" count="0" type="stmt"/>
        <line num="269" count="0" type="stmt"/>
        <line num="274" count="0" type="stmt"/>
        <line num="275" count="0" type="stmt"/>
        <line num="276" count="0" type="cond" truecount="0" falsecount="2"/>
        <line num="282" count="0" type="stmt"/>
        <line num="285" count="0" type="stmt"/>
        <line num="286" count="0" type="stmt"/>
        <line num="287" count="0" type="stmt"/>
        <line num="289" count="0" type="stmt"/>
        <line num="294" count="0" type="stmt"/>
        <line num="301" count="0" type="stmt"/>
        <line num="302" count="0" type="stmt"/>
        <line num="303" count="0" type="stmt"/>
        <line num="304" count="0" type="stmt"/>
        <line num="306" count="0" type="stmt"/>
        <line num="307" count="0" type="stmt"/>
        <line num="309" count="0" type="stmt"/>
        <line num="310" count="0" type="stmt"/>
        <line num="313" count="0" type="stmt"/>
        <line num="315" count="0" type="stmt"/>
        <line num="316" count="0" type="stmt"/>
        <line num="317" count="0" type="cond" truecount="0" falsecount="1"/>
        <line num="318" count="0" type="stmt"/>
        <line num="319" count="0" type="stmt"/>
        <line num="322" count="0" type="stmt"/>
        <line num="323" count="0" type="stmt"/>
        <line num="325" count="0" type="cond" truecount="0" falsecount="2"/>
        <line num="326" count="0" type="stmt"/>
        <line num="327" count="0" type="cond" truecount="0" falsecount="2"/>
        <line num="328" count="0" type="stmt"/>
        <line num="335" count="0" type="stmt"/>
        <line num="337" count="0" type="stmt"/>
        <line num="339" count="0" type="cond" truecount="0" falsecount="2"/>
        <line num="340" count="0" type="cond" truecount="0" falsecount="3"/>
        <line num="341" count="0" type="stmt"/>
        <line num="348" count="0" type="stmt"/>
        <line num="350" count="0" type="stmt"/>
        <line num="354" count="0" type="stmt"/>
        <line num="355" count="0" type="cond" truecount="0" falsecount="1"/>
        <line num="356" count="0" type="stmt"/>
        <line num="360" count="0" type="stmt"/>
        <line num="361" count="0" type="stmt"/>
        <line num="367" count="0" type="stmt"/>
        <line num="375" count="0" type="stmt"/>
        <line num="377" count="0" type="stmt"/>
        <line num="378" count="0" type="cond" truecount="0" falsecount="1"/>
        <line num="379" count="0" type="stmt"/>
        <line num="380" count="0" type="cond" truecount="0" falsecount="3"/>
        <line num="381" count="0" type="stmt"/>
        <line num="382" count="0" type="stmt"/>
        <line num="383" count="0" type="stmt"/>
        <line num="385" count="0" type="stmt"/>
        <line num="386" count="0" type="stmt"/>
        <line num="387" count="0" type="stmt"/>
        <line num="389" count="0" type="stmt"/>
        <line num="398" count="0" type="stmt"/>
        <line num="399" count="0" type="stmt"/>
        <line num="407" count="0" type="stmt"/>
        <line num="411" count="0" type="stmt"/>
        <line num="413" count="0" type="cond" truecount="0" falsecount="1"/>
        <line num="414" count="0" type="stmt"/>
        <line num="415" count="0" type="cond" truecount="0" falsecount="3"/>
        <line num="416" count="0" type="cond" truecount="0" falsecount="4"/>
        <line num="417" count="0" type="stmt"/>
        <line num="419" count="0" type="stmt"/>
        <line num="421" count="0" type="stmt"/>
        <line num="422" count="0" type="stmt"/>
        <line num="424" count="0" type="cond" truecount="0" falsecount="1"/>
        <line num="425" count="0" type="stmt"/>
        <line num="429" count="0" type="stmt"/>
        <line num="430" count="0" type="cond" truecount="0" falsecount="2"/>
        <line num="432" count="0" type="cond" truecount="0" falsecount="2"/>
        <line num="433" count="0" type="stmt"/>
        <line num="435" count="0" type="stmt"/>
        <line num="448" count="0" type="stmt"/>
        <line num="451" count="0" type="stmt"/>
        <line num="452" count="0" type="cond" truecount="0" falsecount="2"/>
        <line num="455" count="0" type="stmt"/>
        <line num="456" count="0" type="stmt"/>
        <line num="457" count="0" type="stmt"/>
        <line num="458" count="0" type="stmt"/>
      </file>
    </package>
    <package name="lib.types">
      <metrics statements="11" coveredstatements="0" conditionals="4" coveredconditionals="0" methods="2" coveredmethods="0"/>
      <file name="transaction.ts" path="C:\Users\ABUBAKAR\Lumenpulse\apps\mobile\lib\types\transaction.ts">
        <metrics statements="11" coveredstatements="0" conditionals="4" coveredconditionals="0" methods="2" coveredmethods="0"/>
        <line num="1" count="0" type="cond" truecount="0" falsecount="2"/>
        <line num="2" count="0" type="stmt"/>
        <line num="3" count="0" type="stmt"/>
        <line num="4" count="0" type="stmt"/>
        <line num="5" count="0" type="stmt"/>
        <line num="6" count="0" type="stmt"/>
        <line num="7" count="0" type="stmt"/>
        <line num="10" count="0" type="cond" truecount="0" falsecount="2"/>
        <line num="11" count="0" type="stmt"/>
        <line num="12" count="0" type="stmt"/>
        <line num="13" count="0" type="stmt"/>
      </file>
    </package>
    <package name="lib.wallet">
      <metrics statements="19" coveredstatements="9" conditionals="7" coveredconditionals="1" methods="3" coveredmethods="1"/>
      <file name="errors.ts" path="C:\Users\ABUBAKAR\Lumenpulse\apps\mobile\lib\wallet\errors.ts">
        <metrics statements="5" coveredstatements="1" conditionals="0" coveredconditionals="0" methods="1" coveredmethods="0"/>
        <line num="17" count="1" type="stmt"/>
        <line num="19" count="0" type="stmt"/>
        <line num="21" count="0" type="stmt"/>
        <line num="23" count="0" type="stmt"/>
        <line num="24" count="0" type="stmt"/>
      </file>
      <file name="registry.ts" path="C:\Users\ABUBAKAR\Lumenpulse\apps\mobile\lib\wallet\registry.ts">
        <metrics statements="14" coveredstatements="8" conditionals="7" coveredconditionals="1" methods="2" coveredmethods="1"/>
        <line num="1" count="1" type="stmt"/>
        <line num="2" count="1" type="stmt"/>
        <line num="3" count="1" type="stmt"/>
        <line num="14" count="1" type="cond" truecount="0" falsecount="1"/>
        <line num="15" count="1" type="stmt"/>
        <line num="17" count="1" type="cond" truecount="1" falsecount="3"/>
        <line num="18" count="0" type="stmt"/>
        <line num="21" count="1" type="stmt"/>
        <line num="27" count="1" type="stmt"/>
        <line num="30" count="0" type="stmt"/>
        <line num="32" count="0" type="stmt"/>
        <line num="33" count="0" type="cond" truecount="0" falsecount="1"/>
        <line num="34" count="0" type="stmt"/>
        <line num="40" count="0" type="stmt"/>
      </file>
    </package>
    <package name="lib.wallet.adapters">
      <metrics statements="38" coveredstatements="9" conditionals="5" coveredconditionals="1" methods="11" coveredmethods="1"/>
      <file name="mock-adapter.ts" path="C:\Users\ABUBAKAR\Lumenpulse\apps\mobile\lib\wallet\adapters\mock-adapter.ts">
        <metrics statements="15" coveredstatements="3" conditionals="2" coveredconditionals="0" methods="7" coveredmethods="0"/>
        <line num="1" count="1" type="stmt"/>
        <line num="8" count="1" type="stmt"/>
        <line num="11" count="0" type="stmt"/>
        <line num="22" count="1" type="stmt"/>
        <line num="23" count="0" type="stmt"/>
        <line num="24" count="0" type="stmt"/>
        <line num="26" count="0" type="stmt"/>
        <line num="29" count="0" type="stmt"/>
        <line num="33" count="0" type="cond" truecount="0" falsecount="1"/>
        <line num="34" count="0" type="stmt"/>
        <line num="40" count="0" type="stmt"/>
        <line num="44" count="0" type="cond" truecount="0" falsecount="1"/>
        <line num="45" count="0" type="stmt"/>
        <line num="51" count="0" type="stmt"/>
        <line num="52" count="0" type="stmt"/>
      </file>
      <file name="sep7-adapter.ts" path="C:\Users\ABUBAKAR\Lumenpulse\apps\mobile\lib\wallet\adapters\sep7-adapter.ts">
        <metrics statements="23" coveredstatements="6" conditionals="3" coveredconditionals="1" methods="4" coveredmethods="1"/>
        <line num="1" count="1" type="stmt"/>
        <line num="2" count="1" type="stmt"/>
        <line num="13" count="1" type="stmt"/>
        <line num="14" count="1" type="stmt"/>
        <line num="15" count="1" type="stmt"/>
        <line num="20" count="1" type="stmt"/>
        <line num="24" count="0" type="stmt"/>
        <line num="25" count="0" type="stmt"/>
        <line num="29" count="0" type="stmt"/>
        <line num="37" count="0" type="stmt"/>
        <line num="39" count="0" type="stmt"/>
        <line num="40" count="0" type="cond" truecount="0" falsecount="1"/>
        <line num="41" count="0" type="stmt"/>
        <line num="50" count="0" type="stmt"/>
        <line num="51" count="0" type="stmt"/>
        <line num="55" count="0" type="stmt"/>
        <line num="57" count="0" type="stmt"/>
        <line num="58" count="0" type="cond" truecount="0" falsecount="1"/>
        <line num="59" count="0" type="stmt"/>
        <line num="68" count="0" type="stmt"/>
        <line num="69" count="0" type="stmt"/>
        <line num="73" count="0" type="stmt"/>
        <line num="75" count="0" type="stmt"/>
      </file>
    </package>
  </project>
</coverage>
