{"C:\\Users\\Administrator\\Documents\\github\\Lumenpulse\\apps\\mobile\\lib\\api-client.ts": {"path":"C:\\Users\\Administrator\\Documents\\github\\Lumenpulse\\apps\\mobile\\lib\\api-client.ts","statementMap":{"0":{"start":{"line":1,"column":0},"end":{"line":1,"column":56}},"1":{"start":{"line":7,"column":22},"end":{"line":9,"column":1}},"2":{"start":{"line":8,"column":2},"end":{"line":8,"column":43}},"3":{"start":{"line":49,"column":4},"end":{"line":49,"column":35}},"4":{"start":{"line":50,"column":4},"end":{"line":53,"column":6}},"5":{"start":{"line":54,"column":4},"end":{"line":54,"column":45}},"6":{"start":{"line":61,"column":4},"end":{"line":61,"column":24}},"7":{"start":{"line":68,"column":4},"end":{"line":72,"column":5}},"8":{"start":{"line":69,"column":6},"end":{"line":69,"column":63}},"9":{"start":{"line":71,"column":6},"end":{"line":71,"column":50}},"10":{"start":{"line":79,"column":4},"end":{"line":85,"column":5}},"11":{"start":{"line":80,"column":6},"end":{"line":84,"column":8}},"12":{"start":{"line":87,"column":4},"end":{"line":95,"column":5}},"13":{"start":{"line":88,"column":18},"end":{"line":88,"column":50}},"14":{"start":{"line":89,"column":6},"end":{"line":94,"column":8}},"15":{"start":{"line":97,"column":4},"end":{"line":101,"column":6}},"16":{"start":{"line":112,"column":4},"end":{"line":112,"column":35}},"17":{"start":{"line":113,"column":16},"end":{"line":113,"column":44}},"18":{"start":{"line":114,"column":20},"end":{"line":114,"column":65}},"19":{"start":{"line":117,"column":23},"end":{"line":117,"column":44}},"20":{"start":{"line":118,"column":22},"end":{"line":118,"column":97}},"21":{"start":{"line":118,"column":39},"end":{"line":118,"column":57}},"22":{"start":{"line":120,"column":4},"end":{"line":173,"column":5}},"23":{"start":{"line":121,"column":23},"end":{"line":125,"column":8}},"24":{"start":{"line":127,"column":6},"end":{"line":127,"column":30}},"25":{"start":{"line":130,"column":6},"end":{"line":139,"column":7}},"26":{"start":{"line":131,"column":26},"end":{"line":133,"column":11}},"27":{"start":{"line":131,"column":61},"end":{"line":133,"column":10}},"28":{"start":{"line":135,"column":8},"end":{"line":138,"column":10}},"29":{"start":{"line":142,"column":6},"end":{"line":147,"column":7}},"30":{"start":{"line":143,"column":8},"end":{"line":146,"column":10}},"31":{"start":{"line":149,"column":19},"end":{"line":149,"column":40}},"32":{"start":{"line":150,"column":6},"end":{"line":153,"column":8}},"33":{"start":{"line":155,"column":6},"end":{"line":155,"column":30}},"34":{"start":{"line":158,"column":6},"end":{"line":166,"column":7}},"35":{"start":{"line":159,"column":8},"end":{"line":165,"column":10}},"36":{"start":{"line":169,"column":6},"end":{"line":172,"column":8}},"37":{"start":{"line":180,"column":4},"end":{"line":180,"column":64}},"38":{"start":{"line":187,"column":4},"end":{"line":194,"column":6}},"39":{"start":{"line":201,"column":4},"end":{"line":208,"column":6}},"40":{"start":{"line":219,"column":4},"end":{"line":226,"column":6}},"41":{"start":{"line":233,"column":4},"end":{"line":233,"column":67}},"42":{"start":{"line":241,"column":9},"end":{"line":241,"column":18}},"43":{"start":{"line":238,"column":13},"end":{"line":238,"column":41}}},"fnMap":{"0":{"name":"(anonymous_0)","decl":{"start":{"line":7,"column":22},"end":{"line":7,"column":33}},"loc":{"start":{"line":7,"column":35},"end":{"line":9,"column":1}}},"1":{"name":"(anonymous_1)","decl":{"start":{"line":48,"column":2},"end":{"line":48,"column":null}},"loc":{"start":{"line":48,"column":2},"end":{"line":55,"column":3}}},"2":{"name":"(anonymous_2)","decl":{"start":{"line":60,"column":2},"end":{"line":60,"column":12}},"loc":{"start":{"line":60,"column":12},"end":{"line":62,"column":3}}},"3":{"name":"(anonymous_3)","decl":{"start":{"line":67,"column":2},"end":{"line":67,"column":14}},"loc":{"start":{"line":67,"column":35},"end":{"line":73,"column":3}}},"4":{"name":"(anonymous_4)","decl":{"start":{"line":78,"column":10},"end":{"line":78,"column":24}},"loc":{"start":{"line":78,"column":60},"end":{"line":102,"column":3}}},"5":{"name":"(anonymous_5)","decl":{"start":{"line":107,"column":10},"end":{"line":107,"column":15}},"loc":{"start":{"line":110,"column":30},"end":{"line":174,"column":3}}},"6":{"name":"(anonymous_6)","decl":{"start":{"line":118,"column":33},"end":{"line":118,"column":36}},"loc":{"start":{"line":118,"column":39},"end":{"line":118,"column":57}}},"7":{"name":"(anonymous_7)","decl":{"start":{"line":131,"column":54},"end":{"line":131,"column":57}},"loc":{"start":{"line":131,"column":61},"end":{"line":133,"column":10}}},"8":{"name":"(anonymous_8)","decl":{"start":{"line":179,"column":2},"end":{"line":179,"column":7}},"loc":{"start":{"line":179,"column":55},"end":{"line":181,"column":3}}},"9":{"name":"(anonymous_9)","decl":{"start":{"line":186,"column":2},"end":{"line":186,"column":7}},"loc":{"start":{"line":186,"column":72},"end":{"line":195,"column":3}}},"10":{"name":"(anonymous_10)","decl":{"start":{"line":200,"column":2},"end":{"line":200,"column":7}},"loc":{"start":{"line":200,"column":71},"end":{"line":209,"column":3}}},"11":{"name":"(anonymous_11)","decl":{"start":{"line":214,"column":2},"end":{"line":214,"column":7}},"loc":{"start":{"line":217,"column":26},"end":{"line":227,"column":3}}},"12":{"name":"(anonymous_12)","decl":{"start":{"line":232,"column":2},"end":{"line":232,"column":7}},"loc":{"start":{"line":232,"column":58},"end":{"line":234,"column":3}}}},"branchMap":{"0":{"loc":{"start":{"line":68,"column":4},"end":{"line":72,"column":5}},"type":"if","locations":[{"start":{"line":68,"column":4},"end":{"line":72,"column":5}},{"start":{"line":70,"column":11},"end":{"line":72,"column":5}}]},"1":{"loc":{"start":{"line":79,"column":4},"end":{"line":85,"column":5}},"type":"if","locations":[{"start":{"line":79,"column":4},"end":{"line":85,"column":5}}]},"2":{"loc":{"start":{"line":87,"column":4},"end":{"line":95,"column":5}},"type":"if","locations":[{"start":{"line":87,"column":4},"end":{"line":95,"column":5}}]},"3":{"loc":{"start":{"line":87,"column":8},"end":{"line":87,"column":51}},"type":"binary-expr","locations":[{"start":{"line":87,"column":8},"end":{"line":87,"column":33}},{"start":{"line":87,"column":37},"end":{"line":87,"column":51}}]},"4":{"loc":{"start":{"line":90,"column":18},"end":{"line":90,"column":71}},"type":"binary-expr","locations":[{"start":{"line":90,"column":18},"end":{"line":90,"column":40}},{"start":{"line":90,"column":44},"end":{"line":90,"column":71}}]},"5":{"loc":{"start":{"line":91,"column":20},"end":{"line":91,"column":60}},"type":"binary-expr","locations":[{"start":{"line":91,"column":20},"end":{"line":91,"column":30}},{"start":{"line":91,"column":35},"end":{"line":91,"column":60}}]},"6":{"loc":{"start":{"line":92,"column":16},"end":{"line":92,"column":54}},"type":"binary-expr","locations":[{"start":{"line":92,"column":16},"end":{"line":92,"column":36}},{"start":{"line":92,"column":40},"end":{"line":92,"column":54}}]},"7":{"loc":{"start":{"line":109,"column":4},"end":{"line":109,"column":29}},"type":"default-arg","locations":[{"start":{"line":109,"column":27},"end":{"line":109,"column":29}}]},"8":{"loc":{"start":{"line":110,"column":4},"end":{"line":110,"column":30}},"type":"default-arg","locations":[{"start":{"line":110,"column":28},"end":{"line":110,"column":30}}]},"9":{"loc":{"start":{"line":118,"column":59},"end":{"line":118,"column":96}},"type":"binary-expr","locations":[{"start":{"line":118,"column":59},"end":{"line":118,"column":73}},{"start":{"line":118,"column":77},"end":{"line":118,"column":96}}]},"10":{"loc":{"start":{"line":124,"column":16},"end":{"line":124,"column":50}},"type":"binary-expr","locations":[{"start":{"line":124,"column":16},"end":{"line":124,"column":29}},{"start":{"line":124,"column":33},"end":{"line":124,"column":50}}]},"11":{"loc":{"start":{"line":130,"column":6},"end":{"line":139,"column":7}},"type":"if","locations":[{"start":{"line":130,"column":6},"end":{"line":139,"column":7}}]},"12":{"loc":{"start":{"line":142,"column":6},"end":{"line":147,"column":7}},"type":"if","locations":[{"start":{"line":142,"column":6},"end":{"line":147,"column":7}}]},"13":{"loc":{"start":{"line":158,"column":6},"end":{"line":166,"column":7}},"type":"if","locations":[{"start":{"line":158,"column":6},"end":{"line":166,"column":7}}]},"14":{"loc":{"start":{"line":158,"column":10},"end":{"line":158,"column":63}},"type":"binary-expr","locations":[{"start":{"line":158,"column":10},"end":{"line":158,"column":32}},{"start":{"line":158,"column":36},"end":{"line":158,"column":63}}]},"15":{"loc":{"start":{"line":191,"column":14},"end":{"line":191,"column":53}},"type":"cond-expr","locations":[{"start":{"line":191,"column":21},"end":{"line":191,"column":41}},{"start":{"line":191,"column":44},"end":{"line":191,"column":53}}]},"16":{"loc":{"start":{"line":205,"column":14},"end":{"line":205,"column":53}},"type":"cond-expr","locations":[{"start":{"line":205,"column":21},"end":{"line":205,"column":41}},{"start":{"line":205,"column":44},"end":{"line":205,"column":53}}]},"17":{"loc":{"start":{"line":223,"column":14},"end":{"line":223,"column":53}},"type":"cond-expr","locations":[{"start":{"line":223,"column":21},"end":{"line":223,"column":41}},{"start":{"line":223,"column":44},"end":{"line":223,"column":53}}]}},"s":{"0":3,"1":3,"2":16,"3":11,"4":11,"5":11,"6":5,"7":2,"8":2,"9":0,"10":2,"11":0,"12":2,"13":2,"14":2,"15":0,"16":5,"17":5,"18":5,"19":5,"20":5,"21":0,"22":5,"23":5,"24":4,"25":4,"26":2,"27":0,"28":2,"29":2,"30":0,"31":2,"32":2,"33":1,"34":1,"35":1,"36":0,"37":4,"38":1,"39":0,"40":0,"41":0,"42":3,"43":3},"f":{"0":16,"1":11,"2":5,"3":2,"4":2,"5":5,"6":0,"7":0,"8":4,"9":1,"10":0,"11":0,"12":0},"b":{"0":[2,0],"1":[0],"2":[2],"3":[2,2],"4":[2,0],"5":[2,0],"6":[2,0],"7":[0],"8":[4],"9":[5,4],"10":[5,5],"11":[2],"12":[0],"13":[1],"14":[1,1],"15":[1,0],"16":[0,0],"17":[0,0]}}
,"C:\\Users\\Administrator\\Documents\\github\\Lumenpulse\\apps\\mobile\\lib\\api-examples.ts": {"path":"C:\\Users\\Administrator\\Documents\\github\\Lumenpulse\\apps\\mobile\\lib\\api-examples.ts","statementMap":{"0":{"start":{"line":8,"column":0},"end":{"line":8,"column":54}},"1":{"start":{"line":9,"column":0},"end":{"line":9,"column":43}},"2":{"start":{"line":10,"column":0},"end":{"line":10,"column":34}},"3":{"start":{"line":22,"column":19},"end":{"line":22,"column":57}},"4":{"start":{"line":24,"column":2},"end":{"line":30,"column":3}},"5":{"start":{"line":25,"column":4},"end":{"line":25,"column":40}},"6":{"start":{"line":26,"column":4},"end":{"line":26,"column":25}},"7":{"start":{"line":28,"column":4},"end":{"line":28,"column":53}},"8":{"start":{"line":29,"column":4},"end":{"line":29,"column":71}},"9":{"start":{"line":49,"column":37},"end":{"line":52,"column":4}},"10":{"start":{"line":54,"column":19},"end":{"line":54,"column":78}},"11":{"start":{"line":56,"column":2},"end":{"line":62,"column":3}},"12":{"start":{"line":57,"column":4},"end":{"line":57,"column":48}},"13":{"start":{"line":58,"column":4},"end":{"line":58,"column":25}},"14":{"start":{"line":60,"column":4},"end":{"line":60,"column":60}},"15":{"start":{"line":61,"column":4},"end":{"line":61,"column":16}},"16":{"start":{"line":69,"column":19},"end":{"line":72,"column":4}},"17":{"start":{"line":74,"column":2},"end":{"line":87,"column":3}},"18":{"start":{"line":75,"column":44},"end":{"line":75,"column":57}},"19":{"start":{"line":78,"column":4},"end":{"line":78,"column":36}},"20":{"start":{"line":81,"column":4},"end":{"line":81,"column":41}},"21":{"start":{"line":83,"column":4},"end":{"line":83,"column":43}},"22":{"start":{"line":85,"column":4},"end":{"line":85,"column":60}},"23":{"start":{"line":86,"column":4},"end":{"line":86,"column":63}},"24":{"start":{"line":94,"column":2},"end":{"line":94,"column":61}},"25":{"start":{"line":96,"column":19},"end":{"line":96,"column":42}},"26":{"start":{"line":98,"column":2},"end":{"line":104,"column":3}},"27":{"start":{"line":99,"column":4},"end":{"line":99,"column":52}},"28":{"start":{"line":100,"column":4},"end":{"line":100,"column":16}},"29":{"start":{"line":102,"column":4},"end":{"line":102,"column":71}},"30":{"start":{"line":103,"column":4},"end":{"line":103,"column":17}},"31":{"start":{"line":111,"column":19},"end":{"line":111,"column":56}},"32":{"start":{"line":114,"column":2},"end":{"line":117,"column":3}},"33":{"start":{"line":115,"column":4},"end":{"line":115,"column":62}},"34":{"start":{"line":116,"column":4},"end":{"line":116,"column":16}},"35":{"start":{"line":120,"column":2},"end":{"line":122,"column":3}},"36":{"start":{"line":121,"column":4},"end":{"line":121,"column":65}},"37":{"start":{"line":125,"column":15},"end":{"line":125,"column":70}},"38":{"start":{"line":127,"column":2},"end":{"line":127,"column":14}},"39":{"start":{"line":134,"column":19},"end":{"line":139,"column":4}},"40":{"start":{"line":141,"column":2},"end":{"line":141,"column":18}},"41":{"start":{"line":148,"column":21},"end":{"line":148,"column":42}},"42":{"start":{"line":151,"column":25},"end":{"line":153,"column":4}},"43":{"start":{"line":156,"column":2},"end":{"line":159,"column":11}},"44":{"start":{"line":157,"column":4},"end":{"line":157,"column":23}},"45":{"start":{"line":158,"column":4},"end":{"line":158,"column":37}},"46":{"start":{"line":161,"column":2},"end":{"line":167,"column":3}},"47":{"start":{"line":162,"column":21},"end":{"line":162,"column":41}},"48":{"start":{"line":163,"column":4},"end":{"line":163,"column":20}},"49":{"start":{"line":165,"column":4},"end":{"line":165,"column":51}},"50":{"start":{"line":166,"column":4},"end":{"line":166,"column":16}},"51":{"start":{"line":233,"column":2},"end":{"line":253,"column":3}},"52":{"start":{"line":233,"column":21},"end":{"line":233,"column":22}},"53":{"start":{"line":234,"column":21},"end":{"line":234,"column":38}},"54":{"start":{"line":236,"column":4},"end":{"line":238,"column":5}},"55":{"start":{"line":237,"column":6},"end":{"line":237,"column":27}},"56":{"start":{"line":241,"column":4},"end":{"line":247,"column":5}},"57":{"start":{"line":246,"column":6},"end":{"line":246,"column":46}},"58":{"start":{"line":250,"column":4},"end":{"line":252,"column":5}},"59":{"start":{"line":251,"column":6},"end":{"line":251,"column":83}},"60":{"start":{"line":251,"column":37},"end":{"line":251,"column":81}},"61":{"start":{"line":255,"column":2},"end":{"line":255,"column":42}},"62":{"start":{"line":263,"column":59},"end":{"line":267,"column":4}},"63":{"start":{"line":269,"column":2},"end":{"line":273,"column":4}},"64":{"start":{"line":277,"column":13},"end":{"line":287,"column":2}}},"fnMap":{"0":{"name":"exampleGetRequest","decl":{"start":{"line":15,"column":15},"end":{"line":15,"column":32}},"loc":{"start":{"line":15,"column":32},"end":{"line":31,"column":1}}},"1":{"name":"examplePostRequest","decl":{"start":{"line":36,"column":15},"end":{"line":36,"column":33}},"loc":{"start":{"line":36,"column":33},"end":{"line":63,"column":1}}},"2":{"name":"exampleAuthLogin","decl":{"start":{"line":68,"column":15},"end":{"line":68,"column":31}},"loc":{"start":{"line":68,"column":31},"end":{"line":88,"column":1}}},"3":{"name":"exampleHealthCheck","decl":{"start":{"line":93,"column":15},"end":{"line":93,"column":33}},"loc":{"start":{"line":93,"column":33},"end":{"line":105,"column":1}}},"4":{"name":"exampleErrorHandling","decl":{"start":{"line":110,"column":15},"end":{"line":110,"column":35}},"loc":{"start":{"line":110,"column":35},"end":{"line":128,"column":1}}},"5":{"name":"exampleCustomConfig","decl":{"start":{"line":133,"column":15},"end":{"line":133,"column":34}},"loc":{"start":{"line":133,"column":34},"end":{"line":142,"column":1}}},"6":{"name":"exampleCancellation","decl":{"start":{"line":147,"column":15},"end":{"line":147,"column":34}},"loc":{"start":{"line":147,"column":34},"end":{"line":168,"column":1}}},"7":{"name":"(anonymous_7)","decl":{"start":{"line":156,"column":13},"end":{"line":156,"column":16}},"loc":{"start":{"line":156,"column":18},"end":{"line":159,"column":3}}},"8":{"name":"exampleRetryLogic","decl":{"start":{"line":228,"column":15},"end":{"line":228,"column":32}},"loc":{"start":{"line":231,"column":16},"end":{"line":256,"column":1}}},"9":{"name":"(anonymous_9)","decl":{"start":{"line":251,"column":24},"end":{"line":251,"column":25}},"loc":{"start":{"line":251,"column":37},"end":{"line":251,"column":81}}},"10":{"name":"exampleBatchRequests","decl":{"start":{"line":261,"column":15},"end":{"line":261,"column":35}},"loc":{"start":{"line":261,"column":35},"end":{"line":274,"column":1}}}},"branchMap":{"0":{"loc":{"start":{"line":24,"column":2},"end":{"line":30,"column":3}},"type":"if","locations":[{"start":{"line":24,"column":2},"end":{"line":30,"column":3}},{"start":{"line":27,"column":9},"end":{"line":30,"column":3}}]},"1":{"loc":{"start":{"line":24,"column":6},"end":{"line":24,"column":39}},"type":"binary-expr","locations":[{"start":{"line":24,"column":6},"end":{"line":24,"column":22}},{"start":{"line":24,"column":26},"end":{"line":24,"column":39}}]},"2":{"loc":{"start":{"line":29,"column":20},"end":{"line":29,"column":69}},"type":"binary-expr","locations":[{"start":{"line":29,"column":20},"end":{"line":29,"column":43}},{"start":{"line":29,"column":47},"end":{"line":29,"column":69}}]},"3":{"loc":{"start":{"line":56,"column":2},"end":{"line":62,"column":3}},"type":"if","locations":[{"start":{"line":56,"column":2},"end":{"line":62,"column":3}},{"start":{"line":59,"column":9},"end":{"line":62,"column":3}}]},"4":{"loc":{"start":{"line":56,"column":6},"end":{"line":56,"column":39}},"type":"binary-expr","locations":[{"start":{"line":56,"column":6},"end":{"line":56,"column":22}},{"start":{"line":56,"column":26},"end":{"line":56,"column":39}}]},"5":{"loc":{"start":{"line":74,"column":2},"end":{"line":87,"column":3}},"type":"if","locations":[{"start":{"line":74,"column":2},"end":{"line":87,"column":3}},{"start":{"line":84,"column":9},"end":{"line":87,"column":3}}]},"6":{"loc":{"start":{"line":74,"column":6},"end":{"line":74,"column":39}},"type":"binary-expr","locations":[{"start":{"line":74,"column":6},"end":{"line":74,"column":22}},{"start":{"line":74,"column":26},"end":{"line":74,"column":39}}]},"7":{"loc":{"start":{"line":86,"column":20},"end":{"line":86,"column":61}},"type":"binary-expr","locations":[{"start":{"line":86,"column":20},"end":{"line":86,"column":43}},{"start":{"line":86,"column":47},"end":{"line":86,"column":61}}]},"8":{"loc":{"start":{"line":98,"column":2},"end":{"line":104,"column":3}},"type":"if","locations":[{"start":{"line":98,"column":2},"end":{"line":104,"column":3}},{"start":{"line":101,"column":9},"end":{"line":104,"column":3}}]},"9":{"loc":{"start":{"line":98,"column":6},"end":{"line":98,"column":39}},"type":"binary-expr","locations":[{"start":{"line":98,"column":6},"end":{"line":98,"column":22}},{"start":{"line":98,"column":26},"end":{"line":98,"column":39}}]},"10":{"loc":{"start":{"line":114,"column":2},"end":{"line":117,"column":3}},"type":"if","locations":[{"start":{"line":114,"column":2},"end":{"line":117,"column":3}}]},"11":{"loc":{"start":{"line":120,"column":2},"end":{"line":122,"column":3}},"type":"if","locations":[{"start":{"line":120,"column":2},"end":{"line":122,"column":3}}]},"12":{"loc":{"start":{"line":121,"column":20},"end":{"line":121,"column":63}},"type":"binary-expr","locations":[{"start":{"line":121,"column":20},"end":{"line":121,"column":43}},{"start":{"line":121,"column":47},"end":{"line":121,"column":63}}]},"13":{"loc":{"start":{"line":125,"column":15},"end":{"line":125,"column":70}},"type":"cond-expr","locations":[{"start":{"line":125,"column":34},"end":{"line":125,"column":47}},{"start":{"line":125,"column":50},"end":{"line":125,"column":70}}]},"14":{"loc":{"start":{"line":230,"column":2},"end":{"line":230,"column":16}},"type":"default-arg","locations":[{"start":{"line":230,"column":15},"end":{"line":230,"column":16}}]},"15":{"loc":{"start":{"line":231,"column":2},"end":{"line":231,"column":16}},"type":"default-arg","locations":[{"start":{"line":231,"column":12},"end":{"line":231,"column":16}}]},"16":{"loc":{"start":{"line":236,"column":4},"end":{"line":238,"column":5}},"type":"if","locations":[{"start":{"line":236,"column":4},"end":{"line":238,"column":5}}]},"17":{"loc":{"start":{"line":236,"column":8},"end":{"line":236,"column":41}},"type":"binary-expr","locations":[{"start":{"line":236,"column":8},"end":{"line":236,"column":24}},{"start":{"line":236,"column":28},"end":{"line":236,"column":41}}]},"18":{"loc":{"start":{"line":241,"column":4},"end":{"line":247,"column":5}},"type":"if","locations":[{"start":{"line":241,"column":4},"end":{"line":247,"column":5}}]},"19":{"loc":{"start":{"line":242,"column":6},"end":{"line":244,"column":37}},"type":"binary-expr","locations":[{"start":{"line":242,"column":6},"end":{"line":242,"column":32}},{"start":{"line":243,"column":6},"end":{"line":243,"column":38}},{"start":{"line":244,"column":6},"end":{"line":244,"column":37}}]},"20":{"loc":{"start":{"line":250,"column":4},"end":{"line":252,"column":5}},"type":"if","locations":[{"start":{"line":250,"column":4},"end":{"line":252,"column":5}}]},"21":{"loc":{"start":{"line":270,"column":11},"end":{"line":270,"column":58}},"type":"cond-expr","locations":[{"start":{"line":270,"column":35},"end":{"line":270,"column":53}},{"start":{"line":270,"column":56},"end":{"line":270,"column":58}}]},"22":{"loc":{"start":{"line":271,"column":11},"end":{"line":271,"column":58}},"type":"cond-expr","locations":[{"start":{"line":271,"column":35},"end":{"line":271,"column":53}},{"start":{"line":271,"column":56},"end":{"line":271,"column":58}}]},"23":{"loc":{"start":{"line":272,"column":14},"end":{"line":272,"column":67}},"type":"cond-expr","locations":[{"start":{"line":272,"column":41},"end":{"line":272,"column":62}},{"start":{"line":272,"column":65},"end":{"line":272,"column":67}}]}},"s":{"0":0,"1":0,"2":0,"3":0,"4":0,"5":0,"6":0,"7":0,"8":0,"9":0,"10":0,"11":0,"12":0,"13":0,"14":0,"15":0,"16":0,"17":0,"18":0,"19":0,"20":0,"21":0,"22":0,"23":0,"24":0,"25":0,"26":0,"27":0,"28":0,"29":0,"30":0,"31":0,"32":0,"33":0,"34":0,"35":0,"36":0,"37":0,"38":0,"39":0,"40":0,"41":0,"42":0,"43":0,"44":0,"45":0,"46":0,"47":0,"48":0,"49":0,"50":0,"51":0,"52":0,"53":0,"54":0,"55":0,"56":0,"57":0,"58":0,"59":0,"60":0,"61":0,"62":0,"63":0,"64":0},"f":{"0":0,"1":0,"2":0,"3":0,"4":0,"5":0,"6":0,"7":0,"8":0,"9":0,"10":0},"b":{"0":[0,0],"1":[0,0],"2":[0,0],"3":[0,0],"4":[0,0],"5":[0,0],"6":[0,0],"7":[0,0],"8":[0,0],"9":[0,0],"10":[0],"11":[0],"12":[0,0],"13":[0,0],"14":[0],"15":[0],"16":[0],"17":[0,0],"18":[0],"19":[0,0,0],"20":[0],"21":[0,0],"22":[0,0],"23":[0,0]}}
,"C:\\Users\\Administrator\\Documents\\github\\Lumenpulse\\apps\\mobile\\lib\\api.ts": {"path":"C:\\Users\\Administrator\\Documents\\github\\Lumenpulse\\apps\\mobile\\lib\\api.ts","statementMap":{"0":{"start":{"line":1,"column":0},"end":{"line":1,"column":9}},"1":{"start":{"line":225,"column":9},"end":{"line":1,"column":54}},"2":{"start":{"line":114,"column":13},"end":{"line":128,"column":2}},"3":{"start":{"line":119,"column":4},"end":{"line":119,"column":69}},"4":{"start":{"line":126,"column":4},"end":{"line":126,"column":75}},"5":{"start":{"line":133,"column":13},"end":{"line":140,"column":2}},"6":{"start":{"line":138,"column":4},"end":{"line":138,"column":52}},"7":{"start":{"line":145,"column":13},"end":{"line":166,"column":2}},"8":{"start":{"line":150,"column":4},"end":{"line":150,"column":65}},"9":{"start":{"line":154,"column":4},"end":{"line":156,"column":6}},"10":{"start":{"line":164,"column":4},"end":{"line":164,"column":67}},"11":{"start":{"line":171,"column":13},"end":{"line":193,"column":2}},"12":{"start":{"line":173,"column":4},"end":{"line":173,"column":59}},"13":{"start":{"line":177,"column":4},"end":{"line":177,"column":70}},"14":{"start":{"line":181,"column":4},"end":{"line":181,"column":71}},"15":{"start":{"line":187,"column":4},"end":{"line":187,"column":79}},"16":{"start":{"line":191,"column":4},"end":{"line":191,"column":69}},"17":{"start":{"line":214,"column":13},"end":{"line":222,"column":2}},"18":{"start":{"line":220,"column":4},"end":{"line":220,"column":67}}},"fnMap":{"0":{"name":"(anonymous_0)","decl":{"start":{"line":225,"column":9},"end":{"line":225,"column":18}},"loc":{"start":{"line":225,"column":9},"end":{"line":1,"column":54}}},"1":{"name":"(anonymous_1)","decl":{"start":{"line":118,"column":2},"end":{"line":118,"column":7}},"loc":{"start":{"line":118,"column":43},"end":{"line":120,"column":3}}},"2":{"name":"(anonymous_2)","decl":{"start":{"line":125,"column":2},"end":{"line":125,"column":7}},"loc":{"start":{"line":125,"column":49},"end":{"line":127,"column":3}}},"3":{"name":"(anonymous_3)","decl":{"start":{"line":137,"column":2},"end":{"line":137,"column":7}},"loc":{"start":{"line":137,"column":13},"end":{"line":139,"column":3}}},"4":{"name":"(anonymous_4)","decl":{"start":{"line":149,"column":2},"end":{"line":149,"column":7}},"loc":{"start":{"line":149,"column":18},"end":{"line":151,"column":3}}},"5":{"name":"(anonymous_5)","decl":{"start":{"line":153,"column":2},"end":{"line":153,"column":7}},"loc":{"start":{"line":153,"column":43},"end":{"line":157,"column":3}}},"6":{"name":"(anonymous_6)","decl":{"start":{"line":163,"column":2},"end":{"line":163,"column":7}},"loc":{"start":{"line":163,"column":22},"end":{"line":165,"column":3}}},"7":{"name":"(anonymous_7)","decl":{"start":{"line":172,"column":2},"end":{"line":172,"column":7}},"loc":{"start":{"line":172,"column":18},"end":{"line":174,"column":3}}},"8":{"name":"(anonymous_8)","decl":{"start":{"line":176,"column":2},"end":{"line":176,"column":7}},"loc":{"start":{"line":176,"column":51},"end":{"line":178,"column":3}}},"9":{"name":"(anonymous_9)","decl":{"start":{"line":180,"column":2},"end":{"line":180,"column":7}},"loc":{"start":{"line":180,"column":25},"end":{"line":182,"column":3}}},"10":{"name":"(anonymous_10)","decl":{"start":{"line":184,"column":2},"end":{"line":184,"column":7}},"loc":{"start":{"line":185,"column":38},"end":{"line":188,"column":3}}},"11":{"name":"(anonymous_11)","decl":{"start":{"line":190,"column":2},"end":{"line":190,"column":7}},"loc":{"start":{"line":190,"column":45},"end":{"line":192,"column":3}}},"12":{"name":"(anonymous_12)","decl":{"start":{"line":219,"column":2},"end":{"line":219,"column":7}},"loc":{"start":{"line":219,"column":17},"end":{"line":221,"column":3}}}},"branchMap":{},"s":{"0":0,"1":0,"2":0,"3":0,"4":0,"5":0,"6":0,"7":0,"8":0,"9":0,"10":0,"11":0,"12":0,"13":0,"14":0,"15":0,"16":0,"17":0,"18":0},"f":{"0":0,"1":0,"2":0,"3":0,"4":0,"5":0,"6":0,"7":0,"8":0,"9":0,"10":0,"11":0,"12":0},"b":{}}
,"C:\\Users\\Administrator\\Documents\\github\\Lumenpulse\\apps\\mobile\\lib\\biometric-lock.ts": {"path":"C:\\Users\\Administrator\\Documents\\github\\Lumenpulse\\apps\\mobile\\lib\\biometric-lock.ts","statementMap":{"0":{"start":{"line":7,"column":0},"end":{"line":7,"column":7}},"1":{"start":{"line":17,"column":0},"end":{"line":17,"column":7}},"2":{"start":{"line":26,"column":0},"end":{"line":26,"column":7}},"3":{"start":{"line":40,"column":0},"end":{"line":40,"column":7}},"4":{"start":{"line":48,"column":0},"end":{"line":48,"column":7}},"5":{"start":{"line":64,"column":0},"end":{"line":64,"column":7}},"6":{"start":{"line":1,"column":0},"end":{"line":1,"column":65}},"7":{"start":{"line":2,"column":0},"end":{"line":2,"column":49}},"8":{"start":{"line":3,"column":0},"end":{"line":3,"column":40}},"9":{"start":{"line":5,"column":35},"end":{"line":5,"column":59}},"10":{"start":{"line":8,"column":2},"end":{"line":14,"column":3}},"11":{"start":{"line":9,"column":18},"end":{"line":9,"column":76}},"12":{"start":{"line":10,"column":4},"end":{"line":10,"column":28}},"13":{"start":{"line":12,"column":4},"end":{"line":12,"column":69}},"14":{"start":{"line":13,"column":4},"end":{"line":13,"column":17}},"15":{"start":{"line":18,"column":2},"end":{"line":23,"column":3}},"16":{"start":{"line":19,"column":4},"end":{"line":19,"column":91}},"17":{"start":{"line":21,"column":4},"end":{"line":21,"column":68}},"18":{"start":{"line":22,"column":4},"end":{"line":22,"column":16}},"19":{"start":{"line":27,"column":2},"end":{"line":29,"column":3}},"20":{"start":{"line":28,"column":4},"end":{"line":28,"column":17}},"21":{"start":{"line":31,"column":22},"end":{"line":31,"column":66}},"22":{"start":{"line":32,"column":2},"end":{"line":34,"column":3}},"23":{"start":{"line":33,"column":4},"end":{"line":33,"column":17}},"24":{"start":{"line":36,"column":25},"end":{"line":36,"column":86}},"25":{"start":{"line":37,"column":2},"end":{"line":37,"column":35}},"26":{"start":{"line":41,"column":2},"end":{"line":43,"column":3}},"27":{"start":{"line":42,"column":4},"end":{"line":42,"column":17}},"28":{"start":{"line":45,"column":2},"end":{"line":45,"column":47}},"29":{"start":{"line":51,"column":2},"end":{"line":56,"column":5}},"30":{"start":{"line":65,"column":2},"end":{"line":80,"column":3}},"31":{"start":{"line":66,"column":22},"end":{"line":66,"column":54}},"32":{"start":{"line":67,"column":4},"end":{"line":67,"column":32}},"33":{"start":{"line":67,"column":20},"end":{"line":67,"column":32}},"34":{"start":{"line":69,"column":21},"end":{"line":69,"column":48}},"35":{"start":{"line":70,"column":4},"end":{"line":70,"column":31}},"36":{"start":{"line":70,"column":19},"end":{"line":70,"column":31}},"37":{"start":{"line":72,"column":19},"end":{"line":72,"column":67}},"38":{"start":{"line":73,"column":4},"end":{"line":73,"column":26}},"39":{"start":{"line":75,"column":4},"end":{"line":75,"column":57}},"40":{"start":{"line":79,"column":4},"end":{"line":79,"column":17}}},"fnMap":{"0":{"name":"getBiometricLockEnabled","decl":{"start":{"line":7,"column":22},"end":{"line":7,"column":45}},"loc":{"start":{"line":7,"column":45},"end":{"line":15,"column":1}}},"1":{"name":"setBiometricLockEnabled","decl":{"start":{"line":17,"column":22},"end":{"line":17,"column":45}},"loc":{"start":{"line":17,"column":62},"end":{"line":24,"column":1}}},"2":{"name":"isBiometricLockSupported","decl":{"start":{"line":26,"column":22},"end":{"line":26,"column":46}},"loc":{"start":{"line":26,"column":46},"end":{"line":38,"column":1}}},"3":{"name":"isBiometricEnrolled","decl":{"start":{"line":40,"column":22},"end":{"line":40,"column":41}},"loc":{"start":{"line":40,"column":41},"end":{"line":46,"column":1}}},"4":{"name":"authenticateBiometricPrompt","decl":{"start":{"line":48,"column":22},"end":{"line":48,"column":49}},"loc":{"start":{"line":49,"column":44},"end":{"line":57,"column":1}}},"5":{"name":"requireBiometricConfirmation","decl":{"start":{"line":64,"column":22},"end":{"line":64,"column":50}},"loc":{"start":{"line":64,"column":72},"end":{"line":81,"column":1}}}},"branchMap":{"0":{"loc":{"start":{"line":19,"column":63},"end":{"line":19,"column":89}},"type":"cond-expr","locations":[{"start":{"line":19,"column":73},"end":{"line":19,"column":79}},{"start":{"line":19,"column":82},"end":{"line":19,"column":89}}]},"1":{"loc":{"start":{"line":27,"column":2},"end":{"line":29,"column":3}},"type":"if","locations":[{"start":{"line":27,"column":2},"end":{"line":29,"column":3}}]},"2":{"loc":{"start":{"line":32,"column":2},"end":{"line":34,"column":3}},"type":"if","locations":[{"start":{"line":32,"column":2},"end":{"line":34,"column":3}}]},"3":{"loc":{"start":{"line":41,"column":2},"end":{"line":43,"column":3}},"type":"if","locations":[{"start":{"line":41,"column":2},"end":{"line":43,"column":3}}]},"4":{"loc":{"start":{"line":49,"column":2},"end":{"line":49,"column":44}},"type":"default-arg","locations":[{"start":{"line":49,"column":18},"end":{"line":49,"column":44}}]},"5":{"loc":{"start":{"line":67,"column":4},"end":{"line":67,"column":32}},"type":"if","locations":[{"start":{"line":67,"column":4},"end":{"line":67,"column":32}}]},"6":{"loc":{"start":{"line":70,"column":4},"end":{"line":70,"column":31}},"type":"if","locations":[{"start":{"line":70,"column":4},"end":{"line":70,"column":31}}]}},"s":{"0":1,"1":1,"2":1,"3":1,"4":1,"5":1,"6":1,"7":1,"8":1,"9":1,"10":1,"11":1,"12":1,"13":0,"14":0,"15":1,"16":1,"17":0,"18":0,"19":2,"20":0,"21":2,"22":2,"23":1,"24":1,"25":1,"26":0,"27":0,"28":0,"29":0,"30":1,"31":1,"32":1,"33":1,"34":0,"35":0,"36":0,"37":0,"38":0,"39":0,"40":0},"f":{"0":1,"1":1,"2":2,"3":0,"4":0,"5":1},"b":{"0":[1,0],"1":[0],"2":[1],"3":[0],"4":[0],"5":[1],"6":[0]}}
,"C:\\Users\\Administrator\\Documents\\github\\Lumenpulse\\apps\\mobile\\lib\\cache.ts": {"path":"C:\\Users\\Administrator\\Documents\\github\\Lumenpulse\\apps\\mobile\\lib\\cache.ts","statementMap":{"0":{"start":{"line":1,"column":0},"end":{"line":1,"column":69}},"1":{"start":{"line":2,"column":0},"end":{"line":2,"column":54}},"2":{"start":{"line":3,"column":0},"end":{"line":3,"column":50}},"3":{"start":{"line":19,"column":30},"end":{"line":19,"column":34}},"4":{"start":{"line":20,"column":38},"end":{"line":20,"column":47}},"5":{"start":{"line":23,"column":4},"end":{"line":23,"column":31}},"6":{"start":{"line":27,"column":4},"end":{"line":29,"column":5}},"7":{"start":{"line":28,"column":6},"end":{"line":28,"column":49}},"8":{"start":{"line":30,"column":4},"end":{"line":30,"column":33}},"9":{"start":{"line":34,"column":4},"end":{"line":42,"column":7}},"10":{"start":{"line":35,"column":25},"end":{"line":35,"column":39}},"11":{"start":{"line":36,"column":6},"end":{"line":36,"column":49}},"12":{"start":{"line":39,"column":6},"end":{"line":41,"column":7}},"13":{"start":{"line":40,"column":8},"end":{"line":40,"column":35}},"14":{"start":{"line":46,"column":17},"end":{"line":46,"column":46}},"15":{"start":{"line":47,"column":4},"end":{"line":47,"column":30}},"16":{"start":{"line":50,"column":4},"end":{"line":54,"column":5}},"17":{"start":{"line":51,"column":6},"end":{"line":53,"column":31}},"18":{"start":{"line":52,"column":8},"end":{"line":52,"column":33}},"19":{"start":{"line":59,"column":4},"end":{"line":59,"column":54}},"20":{"start":{"line":63,"column":4},"end":{"line":88,"column":5}},"21":{"start":{"line":64,"column":21},"end":{"line":64,"column":63}},"22":{"start":{"line":65,"column":6},"end":{"line":65,"column":31}},"23":{"start":{"line":65,"column":19},"end":{"line":65,"column":31}},"24":{"start":{"line":67,"column":35},"end":{"line":67,"column":53}},"25":{"start":{"line":68,"column":18},"end":{"line":68,"column":28}},"26":{"start":{"line":71,"column":6},"end":{"line":74,"column":7}},"27":{"start":{"line":72,"column":8},"end":{"line":72,"column":31}},"28":{"start":{"line":73,"column":8},"end":{"line":73,"column":20}},"29":{"start":{"line":77,"column":22},"end":{"line":77,"column":56}},"30":{"start":{"line":78,"column":6},"end":{"line":82,"column":7}},"31":{"start":{"line":80,"column":8},"end":{"line":80,"column":35}},"32":{"start":{"line":81,"column":8},"end":{"line":81,"column":56}},"33":{"start":{"line":81,"column":25},"end":{"line":81,"column":49}},"34":{"start":{"line":84,"column":6},"end":{"line":84,"column":19}},"35":{"start":{"line":86,"column":6},"end":{"line":86,"column":46}},"36":{"start":{"line":87,"column":6},"end":{"line":87,"column":18}},"37":{"start":{"line":92,"column":4},"end":{"line":105,"column":5}},"38":{"start":{"line":93,"column":18},"end":{"line":93,"column":28}},"39":{"start":{"line":94,"column":21},"end":{"line":94,"column":52}},"40":{"start":{"line":96,"column":35},"end":{"line":100,"column":8}},"41":{"start":{"line":102,"column":6},"end":{"line":102,"column":72}},"42":{"start":{"line":104,"column":6},"end":{"line":104,"column":46}},"43":{"start":{"line":109,"column":4},"end":{"line":113,"column":5}},"44":{"start":{"line":110,"column":6},"end":{"line":110,"column":52}},"45":{"start":{"line":112,"column":6},"end":{"line":112,"column":49}},"46":{"start":{"line":117,"column":4},"end":{"line":123,"column":5}},"47":{"start":{"line":118,"column":19},"end":{"line":118,"column":50}},"48":{"start":{"line":119,"column":24},"end":{"line":119,"column":70}},"49":{"start":{"line":119,"column":45},"end":{"line":119,"column":69}},"50":{"start":{"line":120,"column":6},"end":{"line":120,"column":48}},"51":{"start":{"line":122,"column":6},"end":{"line":122,"column":48}},"52":{"start":{"line":127,"column":4},"end":{"line":127,"column":25}},"53":{"start":{"line":17,"column":0},"end":{"line":17,"column":13}},"54":{"start":{"line":132,"column":13},"end":{"line":163,"column":11}},"55":{"start":{"line":165,"column":13},"end":{"line":165,"column":48}}},"fnMap":{"0":{"name":"(anonymous_1)","decl":{"start":{"line":22,"column":2},"end":{"line":22,"column":null}},"loc":{"start":{"line":22,"column":2},"end":{"line":24,"column":3}}},"1":{"name":"(anonymous_2)","decl":{"start":{"line":26,"column":2},"end":{"line":26,"column":8}},"loc":{"start":{"line":26,"column":20},"end":{"line":31,"column":3}}},"2":{"name":"(anonymous_3)","decl":{"start":{"line":33,"column":10},"end":{"line":33,"column":29}},"loc":{"start":{"line":33,"column":29},"end":{"line":43,"column":3}}},"3":{"name":"(anonymous_4)","decl":{"start":{"line":34,"column":29},"end":{"line":34,"column":30}},"loc":{"start":{"line":34,"column":39},"end":{"line":42,"column":5}}},"4":{"name":"(anonymous_5)","decl":{"start":{"line":45,"column":10},"end":{"line":45,"column":15}},"loc":{"start":{"line":45,"column":35},"end":{"line":55,"column":3}}},"5":{"name":"(anonymous_6)","decl":{"start":{"line":51,"column":17},"end":{"line":51,"column":20}},"loc":{"start":{"line":51,"column":22},"end":{"line":53,"column":7}}},"6":{"name":"(anonymous_7)","decl":{"start":{"line":57,"column":10},"end":{"line":57,"column":24}},"loc":{"start":{"line":57,"column":36},"end":{"line":60,"column":3}}},"7":{"name":"(anonymous_8)","decl":{"start":{"line":62,"column":2},"end":{"line":62,"column":7}},"loc":{"start":{"line":62,"column":47},"end":{"line":89,"column":3}}},"8":{"name":"(anonymous_9)","decl":{"start":{"line":81,"column":19},"end":{"line":81,"column":22}},"loc":{"start":{"line":81,"column":25},"end":{"line":81,"column":49}}},"9":{"name":"(anonymous_10)","decl":{"start":{"line":91,"column":2},"end":{"line":91,"column":7}},"loc":{"start":{"line":91,"column":56},"end":{"line":106,"column":3}}},"10":{"name":"(anonymous_11)","decl":{"start":{"line":108,"column":2},"end":{"line":108,"column":7}},"loc":{"start":{"line":108,"column":26},"end":{"line":114,"column":3}}},"11":{"name":"(anonymous_12)","decl":{"start":{"line":116,"column":2},"end":{"line":116,"column":7}},"loc":{"start":{"line":116,"column":13},"end":{"line":124,"column":3}}},"12":{"name":"(anonymous_13)","decl":{"start":{"line":119,"column":36},"end":{"line":119,"column":37}},"loc":{"start":{"line":119,"column":45},"end":{"line":119,"column":69}}},"13":{"name":"(anonymous_14)","decl":{"start":{"line":126,"column":2},"end":{"line":126,"column":16}},"loc":{"start":{"line":126,"column":16},"end":{"line":128,"column":3}}}},"branchMap":{"0":{"loc":{"start":{"line":27,"column":4},"end":{"line":29,"column":5}},"type":"if","locations":[{"start":{"line":27,"column":4},"end":{"line":29,"column":5}}]},"1":{"loc":{"start":{"line":36,"column":22},"end":{"line":36,"column":48}},"type":"binary-expr","locations":[{"start":{"line":36,"column":22},"end":{"line":36,"column":39}},{"start":{"line":36,"column":43},"end":{"line":36,"column":48}}]},"2":{"loc":{"start":{"line":39,"column":6},"end":{"line":41,"column":7}},"type":"if","locations":[{"start":{"line":39,"column":6},"end":{"line":41,"column":7}}]},"3":{"loc":{"start":{"line":39,"column":10},"end":{"line":39,"column":37}},"type":"binary-expr","locations":[{"start":{"line":39,"column":10},"end":{"line":39,"column":20}},{"start":{"line":39,"column":24},"end":{"line":39,"column":37}}]},"4":{"loc":{"start":{"line":65,"column":6},"end":{"line":65,"column":31}},"type":"if","locations":[{"start":{"line":65,"column":6},"end":{"line":65,"column":31}}]},"5":{"loc":{"start":{"line":71,"column":6},"end":{"line":74,"column":7}},"type":"if","locations":[{"start":{"line":71,"column":6},"end":{"line":74,"column":7}}]},"6":{"loc":{"start":{"line":78,"column":6},"end":{"line":82,"column":7}},"type":"if","locations":[{"start":{"line":78,"column":6},"end":{"line":82,"column":7}}]},"7":{"loc":{"start":{"line":78,"column":10},"end":{"line":78,"column":65}},"type":"binary-expr","locations":[{"start":{"line":78,"column":10},"end":{"line":78,"column":17}},{"start":{"line":78,"column":21},"end":{"line":78,"column":48}},{"start":{"line":78,"column":52},"end":{"line":78,"column":65}}]},"8":{"loc":{"start":{"line":94,"column":21},"end":{"line":94,"column":52}},"type":"binary-expr","locations":[{"start":{"line":94,"column":21},"end":{"line":94,"column":34}},{"start":{"line":94,"column":38},"end":{"line":94,"column":52}}]}},"s":{"0":1,"1":1,"2":1,"3":1,"4":1,"5":1,"6":1,"7":1,"8":1,"9":1,"10":0,"11":0,"12":0,"13":0,"14":0,"15":0,"16":0,"17":0,"18":0,"19":1,"20":3,"21":3,"22":3,"23":0,"24":3,"25":3,"26":3,"27":1,"28":1,"29":2,"30":2,"31":1,"32":1,"33":1,"34":2,"35":0,"36":0,"37":0,"38":0,"39":0,"40":0,"41":0,"42":0,"43":1,"44":1,"45":0,"46":1,"47":1,"48":1,"49":2,"50":1,"51":0,"52":1,"53":1,"54":1,"55":1},"f":{"0":1,"1":1,"2":1,"3":0,"4":0,"5":0,"6":1,"7":3,"8":1,"9":0,"10":1,"11":1,"12":2,"13":1},"b":{"0":[1],"1":[0,0],"2":[0],"3":[0,0],"4":[0],"5":[1],"6":[1],"7":[2,1,1],"8":[0,0]}}
,"C:\\Users\\Administrator\\Documents\\github\\Lumenpulse\\apps\\mobile\\lib\\cached-api.ts": {"path":"C:\\Users\\Administrator\\Documents\\github\\Lumenpulse\\apps\\mobile\\lib\\cached-api.ts","statementMap":{"0":{"start":{"line":1,"column":0},"end":{"line":1,"column":47}},"1":{"start":{"line":2,"column":0},"end":{"line":2,"column":49}},"2":{"start":{"line":3,"column":0},"end":{"line":3,"column":41}},"3":{"start":{"line":4,"column":0},"end":{"line":4,"column":61}},"4":{"start":{"line":5,"column":0},"end":{"line":5,"column":63}},"5":{"start":{"line":15,"column":21},"end":{"line":15,"column":48}},"6":{"start":{"line":18,"column":19},"end":{"line":18,"column":69}},"7":{"start":{"line":19,"column":4},"end":{"line":24,"column":5}},"8":{"start":{"line":23,"column":6},"end":{"line":23,"column":67}},"9":{"start":{"line":27,"column":4},"end":{"line":37,"column":5}},"10":{"start":{"line":28,"column":6},"end":{"line":36,"column":7}},"11":{"start":{"line":29,"column":25},"end":{"line":29,"column":56}},"12":{"start":{"line":30,"column":8},"end":{"line":33,"column":9}},"13":{"start":{"line":31,"column":10},"end":{"line":31,"column":76}},"14":{"start":{"line":32,"column":10},"end":{"line":32,"column":51}},"15":{"start":{"line":35,"column":8},"end":{"line":35,"column":69}},"16":{"start":{"line":40,"column":4},"end":{"line":42,"column":5}},"17":{"start":{"line":41,"column":6},"end":{"line":41,"column":82}},"18":{"start":{"line":44,"column":4},"end":{"line":44,"column":79}},"19":{"start":{"line":49,"column":21},"end":{"line":49,"column":44}},"20":{"start":{"line":52,"column":19},"end":{"line":52,"column":75}},"21":{"start":{"line":53,"column":4},"end":{"line":58,"column":5}},"22":{"start":{"line":57,"column":6},"end":{"line":57,"column":67}},"23":{"start":{"line":61,"column":4},"end":{"line":71,"column":5}},"24":{"start":{"line":62,"column":6},"end":{"line":70,"column":7}},"25":{"start":{"line":63,"column":25},"end":{"line":63,"column":92}},"26":{"start":{"line":64,"column":8},"end":{"line":67,"column":9}},"27":{"start":{"line":65,"column":10},"end":{"line":65,"column":71}},"28":{"start":{"line":66,"column":10},"end":{"line":66,"column":51}},"29":{"start":{"line":69,"column":8},"end":{"line":69,"column":64}},"30":{"start":{"line":74,"column":4},"end":{"line":76,"column":5}},"31":{"start":{"line":75,"column":6},"end":{"line":75,"column":82}},"32":{"start":{"line":78,"column":4},"end":{"line":78,"column":79}},"33":{"start":{"line":83,"column":21},"end":{"line":83,"column":37}},"34":{"start":{"line":86,"column":19},"end":{"line":86,"column":66}},"35":{"start":{"line":87,"column":4},"end":{"line":92,"column":5}},"36":{"start":{"line":91,"column":6},"end":{"line":91,"column":67}},"37":{"start":{"line":95,"column":4},"end":{"line":105,"column":5}},"38":{"start":{"line":96,"column":6},"end":{"line":104,"column":7}},"39":{"start":{"line":97,"column":25},"end":{"line":97,"column":53}},"40":{"start":{"line":98,"column":8},"end":{"line":101,"column":9}},"41":{"start":{"line":99,"column":10},"end":{"line":99,"column":73}},"42":{"start":{"line":100,"column":10},"end":{"line":100,"column":51}},"43":{"start":{"line":103,"column":8},"end":{"line":103,"column":66}},"44":{"start":{"line":108,"column":4},"end":{"line":110,"column":5}},"45":{"start":{"line":109,"column":6},"end":{"line":109,"column":82}},"46":{"start":{"line":112,"column":4},"end":{"line":112,"column":86}},"47":{"start":{"line":117,"column":21},"end":{"line":117,"column":52}},"48":{"start":{"line":120,"column":19},"end":{"line":120,"column":72}},"49":{"start":{"line":121,"column":4},"end":{"line":126,"column":5}},"50":{"start":{"line":125,"column":6},"end":{"line":125,"column":67}},"51":{"start":{"line":129,"column":4},"end":{"line":140,"column":5}},"52":{"start":{"line":130,"column":6},"end":{"line":139,"column":7}},"53":{"start":{"line":132,"column":25},"end":{"line":132,"column":76}},"54":{"start":{"line":133,"column":8},"end":{"line":136,"column":9}},"55":{"start":{"line":134,"column":10},"end":{"line":134,"column":79}},"56":{"start":{"line":135,"column":10},"end":{"line":135,"column":51}},"57":{"start":{"line":138,"column":8},"end":{"line":138,"column":71}},"58":{"start":{"line":143,"column":4},"end":{"line":145,"column":5}},"59":{"start":{"line":144,"column":6},"end":{"line":144,"column":82}},"60":{"start":{"line":147,"column":4},"end":{"line":147,"column":94}},"61":{"start":{"line":152,"column":21},"end":{"line":152,"column":41}},"62":{"start":{"line":154,"column":19},"end":{"line":154,"column":88}},"63":{"start":{"line":155,"column":4},"end":{"line":160,"column":5}},"64":{"start":{"line":159,"column":6},"end":{"line":159,"column":67}},"65":{"start":{"line":162,"column":4},"end":{"line":172,"column":5}},"66":{"start":{"line":163,"column":6},"end":{"line":171,"column":7}},"67":{"start":{"line":164,"column":25},"end":{"line":164,"column":58}},"68":{"start":{"line":165,"column":8},"end":{"line":168,"column":9}},"69":{"start":{"line":166,"column":10},"end":{"line":166,"column":75}},"70":{"start":{"line":167,"column":10},"end":{"line":167,"column":51}},"71":{"start":{"line":170,"column":8},"end":{"line":170,"column":68}},"72":{"start":{"line":174,"column":4},"end":{"line":176,"column":5}},"73":{"start":{"line":175,"column":6},"end":{"line":175,"column":82}},"74":{"start":{"line":178,"column":4},"end":{"line":178,"column":83}},"75":{"start":{"line":183,"column":4},"end":{"line":183,"column":39}},"76":{"start":{"line":188,"column":21},"end":{"line":188,"column":36}},"77":{"start":{"line":190,"column":19},"end":{"line":190,"column":80}},"78":{"start":{"line":191,"column":4},"end":{"line":196,"column":5}},"79":{"start":{"line":195,"column":6},"end":{"line":195,"column":67}},"80":{"start":{"line":198,"column":4},"end":{"line":208,"column":5}},"81":{"start":{"line":199,"column":6},"end":{"line":207,"column":7}},"82":{"start":{"line":200,"column":25},"end":{"line":200,"column":53}},"83":{"start":{"line":201,"column":8},"end":{"line":204,"column":9}},"84":{"start":{"line":202,"column":10},"end":{"line":202,"column":73}},"85":{"start":{"line":203,"column":10},"end":{"line":203,"column":51}},"86":{"start":{"line":206,"column":8},"end":{"line":206,"column":67}},"87":{"start":{"line":210,"column":4},"end":{"line":212,"column":5}},"88":{"start":{"line":211,"column":6},"end":{"line":211,"column":82}},"89":{"start":{"line":214,"column":4},"end":{"line":214,"column":87}},"90":{"start":{"line":219,"column":21},"end":{"line":219,"column":54}},"91":{"start":{"line":221,"column":19},"end":{"line":221,"column":80}},"92":{"start":{"line":222,"column":4},"end":{"line":227,"column":5}},"93":{"start":{"line":226,"column":6},"end":{"line":226,"column":67}},"94":{"start":{"line":229,"column":4},"end":{"line":239,"column":5}},"95":{"start":{"line":230,"column":6},"end":{"line":238,"column":7}},"96":{"start":{"line":231,"column":25},"end":{"line":231,"column":65}},"97":{"start":{"line":232,"column":8},"end":{"line":235,"column":9}},"98":{"start":{"line":233,"column":10},"end":{"line":233,"column":73}},"99":{"start":{"line":234,"column":10},"end":{"line":234,"column":51}},"100":{"start":{"line":237,"column":8},"end":{"line":237,"column":74}},"101":{"start":{"line":241,"column":4},"end":{"line":243,"column":5}},"102":{"start":{"line":242,"column":6},"end":{"line":242,"column":82}},"103":{"start":{"line":245,"column":4},"end":{"line":245,"column":94}},"104":{"start":{"line":250,"column":4},"end":{"line":250,"column":24}},"105":{"start":{"line":255,"column":21},"end":{"line":260,"column":6}},"106":{"start":{"line":262,"column":4},"end":{"line":267,"column":5}},"107":{"start":{"line":263,"column":6},"end":{"line":263,"column":41}},"108":{"start":{"line":264,"column":6},"end":{"line":264,"column":58}},"109":{"start":{"line":266,"column":6},"end":{"line":266,"column":67}},"110":{"start":{"line":12,"column":0},"end":{"line":12,"column":13}}},"fnMap":{"0":{"name":"(anonymous_0)","decl":{"start":{"line":14,"column":2},"end":{"line":14,"column":8}},"loc":{"start":{"line":14,"column":34},"end":{"line":45,"column":3}}},"1":{"name":"(anonymous_1)","decl":{"start":{"line":48,"column":2},"end":{"line":48,"column":8}},"loc":{"start":{"line":48,"column":43},"end":{"line":79,"column":3}}},"2":{"name":"(anonymous_2)","decl":{"start":{"line":82,"column":2},"end":{"line":82,"column":8}},"loc":{"start":{"line":82,"column":24},"end":{"line":113,"column":3}}},"3":{"name":"(anonymous_3)","decl":{"start":{"line":116,"column":2},"end":{"line":116,"column":8}},"loc":{"start":{"line":116,"column":47},"end":{"line":148,"column":3}}},"4":{"name":"(anonymous_4)","decl":{"start":{"line":151,"column":2},"end":{"line":151,"column":8}},"loc":{"start":{"line":151,"column":26},"end":{"line":179,"column":3}}},"5":{"name":"(anonymous_5)","decl":{"start":{"line":182,"column":2},"end":{"line":182,"column":8}},"loc":{"start":{"line":182,"column":36},"end":{"line":184,"column":3}}},"6":{"name":"(anonymous_6)","decl":{"start":{"line":187,"column":2},"end":{"line":187,"column":8}},"loc":{"start":{"line":187,"column":29},"end":{"line":215,"column":3}}},"7":{"name":"(anonymous_7)","decl":{"start":{"line":218,"column":2},"end":{"line":218,"column":8}},"loc":{"start":{"line":218,"column":51},"end":{"line":246,"column":3}}},"8":{"name":"(anonymous_8)","decl":{"start":{"line":249,"column":2},"end":{"line":249,"column":8}},"loc":{"start":{"line":249,"column":25},"end":{"line":251,"column":3}}},"9":{"name":"(anonymous_9)","decl":{"start":{"line":254,"column":2},"end":{"line":254,"column":8}},"loc":{"start":{"line":254,"column":34},"end":{"line":268,"column":3}}}},"branchMap":{"0":{"loc":{"start":{"line":19,"column":4},"end":{"line":24,"column":5}},"type":"if","locations":[{"start":{"line":19,"column":4},"end":{"line":24,"column":5}}]},"1":{"loc":{"start":{"line":20,"column":6},"end":{"line":21,"column":94}},"type":"binary-expr","locations":[{"start":{"line":20,"column":6},"end":{"line":20,"column":12}},{"start":{"line":21,"column":7},"end":{"line":21,"column":30}},{"start":{"line":21,"column":34},"end":{"line":21,"column":93}}]},"2":{"loc":{"start":{"line":27,"column":4},"end":{"line":37,"column":5}},"type":"if","locations":[{"start":{"line":27,"column":4},"end":{"line":37,"column":5}}]},"3":{"loc":{"start":{"line":30,"column":8},"end":{"line":33,"column":9}},"type":"if","locations":[{"start":{"line":30,"column":8},"end":{"line":33,"column":9}}]},"4":{"loc":{"start":{"line":30,"column":12},"end":{"line":30,"column":45}},"type":"binary-expr","locations":[{"start":{"line":30,"column":12},"end":{"line":30,"column":28}},{"start":{"line":30,"column":32},"end":{"line":30,"column":45}}]},"5":{"loc":{"start":{"line":40,"column":4},"end":{"line":42,"column":5}},"type":"if","locations":[{"start":{"line":40,"column":4},"end":{"line":42,"column":5}}]},"6":{"loc":{"start":{"line":48,"column":23},"end":{"line":48,"column":31}},"type":"default-arg","locations":[{"start":{"line":48,"column":30},"end":{"line":48,"column":31}}]},"7":{"loc":{"start":{"line":48,"column":33},"end":{"line":48,"column":43}},"type":"default-arg","locations":[{"start":{"line":48,"column":41},"end":{"line":48,"column":43}}]},"8":{"loc":{"start":{"line":53,"column":4},"end":{"line":58,"column":5}},"type":"if","locations":[{"start":{"line":53,"column":4},"end":{"line":58,"column":5}}]},"9":{"loc":{"start":{"line":54,"column":6},"end":{"line":55,"column":89}},"type":"binary-expr","locations":[{"start":{"line":54,"column":6},"end":{"line":54,"column":12}},{"start":{"line":55,"column":7},"end":{"line":55,"column":30}},{"start":{"line":55,"column":34},"end":{"line":55,"column":88}}]},"10":{"loc":{"start":{"line":61,"column":4},"end":{"line":71,"column":5}},"type":"if","locations":[{"start":{"line":61,"column":4},"end":{"line":71,"column":5}}]},"11":{"loc":{"start":{"line":64,"column":8},"end":{"line":67,"column":9}},"type":"if","locations":[{"start":{"line":64,"column":8},"end":{"line":67,"column":9}}]},"12":{"loc":{"start":{"line":64,"column":12},"end":{"line":64,"column":45}},"type":"binary-expr","locations":[{"start":{"line":64,"column":12},"end":{"line":64,"column":28}},{"start":{"line":64,"column":32},"end":{"line":64,"column":45}}]},"13":{"loc":{"start":{"line":74,"column":4},"end":{"line":76,"column":5}},"type":"if","locations":[{"start":{"line":74,"column":4},"end":{"line":76,"column":5}}]},"14":{"loc":{"start":{"line":87,"column":4},"end":{"line":92,"column":5}},"type":"if","locations":[{"start":{"line":87,"column":4},"end":{"line":92,"column":5}}]},"15":{"loc":{"start":{"line":88,"column":6},"end":{"line":89,"column":91}},"type":"binary-expr","locations":[{"start":{"line":88,"column":6},"end":{"line":88,"column":12}},{"start":{"line":89,"column":7},"end":{"line":89,"column":30}},{"start":{"line":89,"column":34},"end":{"line":89,"column":90}}]},"16":{"loc":{"start":{"line":95,"column":4},"end":{"line":105,"column":5}},"type":"if","locations":[{"start":{"line":95,"column":4},"end":{"line":105,"column":5}}]},"17":{"loc":{"start":{"line":98,"column":8},"end":{"line":101,"column":9}},"type":"if","locations":[{"start":{"line":98,"column":8},"end":{"line":101,"column":9}}]},"18":{"loc":{"start":{"line":98,"column":12},"end":{"line":98,"column":45}},"type":"binary-expr","locations":[{"start":{"line":98,"column":12},"end":{"line":98,"column":28}},{"start":{"line":98,"column":32},"end":{"line":98,"column":45}}]},"19":{"loc":{"start":{"line":108,"column":4},"end":{"line":110,"column":5}},"type":"if","locations":[{"start":{"line":108,"column":4},"end":{"line":110,"column":5}}]},"20":{"loc":{"start":{"line":116,"column":37},"end":{"line":116,"column":47}},"type":"default-arg","locations":[{"start":{"line":116,"column":45},"end":{"line":116,"column":47}}]},"21":{"loc":{"start":{"line":121,"column":4},"end":{"line":126,"column":5}},"type":"if","locations":[{"start":{"line":121,"column":4},"end":{"line":126,"column":5}}]},"22":{"loc":{"start":{"line":122,"column":6},"end":{"line":123,"column":97}},"type":"binary-expr","locations":[{"start":{"line":122,"column":6},"end":{"line":122,"column":12}},{"start":{"line":123,"column":7},"end":{"line":123,"column":30}},{"start":{"line":123,"column":34},"end":{"line":123,"column":96}}]},"23":{"loc":{"start":{"line":129,"column":4},"end":{"line":140,"column":5}},"type":"if","locations":[{"start":{"line":129,"column":4},"end":{"line":140,"column":5}}]},"24":{"loc":{"start":{"line":133,"column":8},"end":{"line":136,"column":9}},"type":"if","locations":[{"start":{"line":133,"column":8},"end":{"line":136,"column":9}}]},"25":{"loc":{"start":{"line":133,"column":12},"end":{"line":133,"column":45}},"type":"binary-expr","locations":[{"start":{"line":133,"column":12},"end":{"line":133,"column":28}},{"start":{"line":133,"column":32},"end":{"line":133,"column":45}}]},"26":{"loc":{"start":{"line":143,"column":4},"end":{"line":145,"column":5}},"type":"if","locations":[{"start":{"line":143,"column":4},"end":{"line":145,"column":5}}]},"27":{"loc":{"start":{"line":155,"column":4},"end":{"line":160,"column":5}},"type":"if","locations":[{"start":{"line":155,"column":4},"end":{"line":160,"column":5}}]},"28":{"loc":{"start":{"line":156,"column":6},"end":{"line":157,"column":93}},"type":"binary-expr","locations":[{"start":{"line":156,"column":6},"end":{"line":156,"column":12}},{"start":{"line":157,"column":7},"end":{"line":157,"column":30}},{"start":{"line":157,"column":34},"end":{"line":157,"column":92}}]},"29":{"loc":{"start":{"line":162,"column":4},"end":{"line":172,"column":5}},"type":"if","locations":[{"start":{"line":162,"column":4},"end":{"line":172,"column":5}}]},"30":{"loc":{"start":{"line":165,"column":8},"end":{"line":168,"column":9}},"type":"if","locations":[{"start":{"line":165,"column":8},"end":{"line":168,"column":9}}]},"31":{"loc":{"start":{"line":165,"column":12},"end":{"line":165,"column":45}},"type":"binary-expr","locations":[{"start":{"line":165,"column":12},"end":{"line":165,"column":28}},{"start":{"line":165,"column":32},"end":{"line":165,"column":45}}]},"32":{"loc":{"start":{"line":174,"column":4},"end":{"line":176,"column":5}},"type":"if","locations":[{"start":{"line":174,"column":4},"end":{"line":176,"column":5}}]},"33":{"loc":{"start":{"line":191,"column":4},"end":{"line":196,"column":5}},"type":"if","locations":[{"start":{"line":191,"column":4},"end":{"line":196,"column":5}}]},"34":{"loc":{"start":{"line":192,"column":6},"end":{"line":193,"column":91}},"type":"binary-expr","locations":[{"start":{"line":192,"column":6},"end":{"line":192,"column":12}},{"start":{"line":193,"column":7},"end":{"line":193,"column":30}},{"start":{"line":193,"column":34},"end":{"line":193,"column":90}}]},"35":{"loc":{"start":{"line":198,"column":4},"end":{"line":208,"column":5}},"type":"if","locations":[{"start":{"line":198,"column":4},"end":{"line":208,"column":5}}]},"36":{"loc":{"start":{"line":201,"column":8},"end":{"line":204,"column":9}},"type":"if","locations":[{"start":{"line":201,"column":8},"end":{"line":204,"column":9}}]},"37":{"loc":{"start":{"line":201,"column":12},"end":{"line":201,"column":45}},"type":"binary-expr","locations":[{"start":{"line":201,"column":12},"end":{"line":201,"column":28}},{"start":{"line":201,"column":32},"end":{"line":201,"column":45}}]},"38":{"loc":{"start":{"line":210,"column":4},"end":{"line":212,"column":5}},"type":"if","locations":[{"start":{"line":210,"column":4},"end":{"line":212,"column":5}}]},"39":{"loc":{"start":{"line":222,"column":4},"end":{"line":227,"column":5}},"type":"if","locations":[{"start":{"line":222,"column":4},"end":{"line":227,"column":5}}]},"40":{"loc":{"start":{"line":223,"column":6},"end":{"line":224,"column":91}},"type":"binary-expr","locations":[{"start":{"line":223,"column":6},"end":{"line":223,"column":12}},{"start":{"line":224,"column":7},"end":{"line":224,"column":30}},{"start":{"line":224,"column":34},"end":{"line":224,"column":90}}]},"41":{"loc":{"start":{"line":229,"column":4},"end":{"line":239,"column":5}},"type":"if","locations":[{"start":{"line":229,"column":4},"end":{"line":239,"column":5}}]},"42":{"loc":{"start":{"line":232,"column":8},"end":{"line":235,"column":9}},"type":"if","locations":[{"start":{"line":232,"column":8},"end":{"line":235,"column":9}}]},"43":{"loc":{"start":{"line":232,"column":12},"end":{"line":232,"column":45}},"type":"binary-expr","locations":[{"start":{"line":232,"column":12},"end":{"line":232,"column":28}},{"start":{"line":232,"column":32},"end":{"line":232,"column":45}}]},"44":{"loc":{"start":{"line":241,"column":4},"end":{"line":243,"column":5}},"type":"if","locations":[{"start":{"line":241,"column":4},"end":{"line":243,"column":5}}]}},"s":{"0":0,"1":0,"2":0,"3":0,"4":0,"5":0,"6":0,"7":0,"8":0,"9":0,"10":0,"11":0,"12":0,"13":0,"14":0,"15":0,"16":0,"17":0,"18":0,"19":0,"20":0,"21":0,"22":0,"23":0,"24":0,"25":0,"26":0,"27":0,"28":0,"29":0,"30":0,"31":0,"32":0,"33":0,"34":0,"35":0,"36":0,"37":0,"38":0,"39":0,"40":0,"41":0,"42":0,"43":0,"44":0,"45":0,"46":0,"47":0,"48":0,"49":0,"50":0,"51":0,"52":0,"53":0,"54":0,"55":0,"56":0,"57":0,"58":0,"59":0,"60":0,"61":0,"62":0,"63":0,"64":0,"65":0,"66":0,"67":0,"68":0,"69":0,"70":0,"71":0,"72":0,"73":0,"74":0,"75":0,"76":0,"77":0,"78":0,"79":0,"80":0,"81":0,"82":0,"83":0,"84":0,"85":0,"86":0,"87":0,"88":0,"89":0,"90":0,"91":0,"92":0,"93":0,"94":0,"95":0,"96":0,"97":0,"98":0,"99":0,"100":0,"101":0,"102":0,"103":0,"104":0,"105":0,"106":0,"107":0,"108":0,"109":0,"110":0},"f":{"0":0,"1":0,"2":0,"3":0,"4":0,"5":0,"6":0,"7":0,"8":0,"9":0},"b":{"0":[0],"1":[0,0,0],"2":[0],"3":[0],"4":[0,0],"5":[0],"6":[0],"7":[0],"8":[0],"9":[0,0,0],"10":[0],"11":[0],"12":[0,0],"13":[0],"14":[0],"15":[0,0,0],"16":[0],"17":[0],"18":[0,0],"19":[0],"20":[0],"21":[0],"22":[0,0,0],"23":[0],"24":[0],"25":[0,0],"26":[0],"27":[0],"28":[0,0,0],"29":[0],"30":[0],"31":[0,0],"32":[0],"33":[0],"34":[0,0,0],"35":[0],"36":[0],"37":[0,0],"38":[0],"39":[0],"40":[0,0,0],"41":[0],"42":[0],"43":[0,0],"44":[0]}}
,"C:\\Users\\Administrator\\Documents\\github\\Lumenpulse\\apps\\mobile\\lib\\config.ts": {"path":"C:\\Users\\Administrator\\Documents\\github\\Lumenpulse\\apps\\mobile\\lib\\config.ts","statementMap":{"0":{"start":{"line":54,"column":0},"end":{"line":54,"column":16}},"1":{"start":{"line":58,"column":0},"end":{"line":58,"column":16}},"2":{"start":{"line":62,"column":0},"end":{"line":62,"column":16}},"3":{"start":{"line":72,"column":0},"end":{"line":72,"column":16}},"4":{"start":{"line":1,"column":0},"end":{"line":1,"column":39}},"5":{"start":{"line":21,"column":2},"end":{"line":23,"column":25}},"6":{"start":{"line":25,"column":13},"end":{"line":50,"column":2}},"7":{"start":{"line":52,"column":40},"end":{"line":52,"column":49}},"8":{"start":{"line":55,"column":2},"end":{"line":55,"column":27}},"9":{"start":{"line":59,"column":2},"end":{"line":59,"column":34}},"10":{"start":{"line":63,"column":2},"end":{"line":63,"column":41}},"11":{"start":{"line":73,"column":18},"end":{"line":73,"column":44}},"12":{"start":{"line":74,"column":2},"end":{"line":74,"column":62}},"13":{"start":{"line":77,"column":13},"end":{"line":110,"column":11}},"14":{"start":{"line":112,"column":0},"end":{"line":112,"column":22}}},"fnMap":{"0":{"name":"getActiveEnvironment","decl":{"start":{"line":54,"column":16},"end":{"line":54,"column":36}},"loc":{"start":{"line":54,"column":36},"end":{"line":56,"column":1}}},"1":{"name":"setActiveEnvironment","decl":{"start":{"line":58,"column":16},"end":{"line":58,"column":36}},"loc":{"start":{"line":58,"column":64},"end":{"line":60,"column":1}}},"2":{"name":"getEnvironmentConfig","decl":{"start":{"line":62,"column":16},"end":{"line":62,"column":36}},"loc":{"start":{"line":62,"column":68},"end":{"line":64,"column":1}}},"3":{"name":"isTestnetConfigReady","decl":{"start":{"line":72,"column":16},"end":{"line":72,"column":36}},"loc":{"start":{"line":72,"column":36},"end":{"line":75,"column":1}}}},"branchMap":{"0":{"loc":{"start":{"line":21,"column":2},"end":{"line":23,"column":25}},"type":"binary-expr","locations":[{"start":{"line":21,"column":2},"end":{"line":21,"column":33}},{"start":{"line":22,"column":2},"end":{"line":22,"column":41}},{"start":{"line":23,"column":2},"end":{"line":23,"column":25}}]},"1":{"loc":{"start":{"line":29,"column":16},"end":{"line":29,"column":75}},"type":"binary-expr","locations":[{"start":{"line":29,"column":16},"end":{"line":29,"column":55}},{"start":{"line":29,"column":59},"end":{"line":29,"column":75}}]},"2":{"loc":{"start":{"line":32,"column":6},"end":{"line":34,"column":43}},"type":"binary-expr","locations":[{"start":{"line":32,"column":6},"end":{"line":32,"column":53}},{"start":{"line":33,"column":6},"end":{"line":33,"column":45}},{"start":{"line":34,"column":6},"end":{"line":34,"column":43}}]},"3":{"loc":{"start":{"line":36,"column":6},"end":{"line":38,"column":8}},"type":"binary-expr","locations":[{"start":{"line":36,"column":6},"end":{"line":36,"column":59}},{"start":{"line":37,"column":6},"end":{"line":37,"column":51}},{"start":{"line":38,"column":6},"end":{"line":38,"column":8}}]},"4":{"loc":{"start":{"line":44,"column":16},"end":{"line":44,"column":61}},"type":"binary-expr","locations":[{"start":{"line":44,"column":16},"end":{"line":44,"column":55}},{"start":{"line":44,"column":59},"end":{"line":44,"column":61}}]},"5":{"loc":{"start":{"line":46,"column":19},"end":{"line":46,"column":72}},"type":"binary-expr","locations":[{"start":{"line":46,"column":19},"end":{"line":46,"column":66}},{"start":{"line":46,"column":70},"end":{"line":46,"column":72}}]},"6":{"loc":{"start":{"line":47,"column":25},"end":{"line":47,"column":84}},"type":"binary-expr","locations":[{"start":{"line":47,"column":25},"end":{"line":47,"column":78}},{"start":{"line":47,"column":82},"end":{"line":47,"column":84}}]},"7":{"loc":{"start":{"line":62,"column":37},"end":{"line":62,"column":68}},"type":"default-arg","locations":[{"start":{"line":62,"column":51},"end":{"line":62,"column":68}}]},"8":{"loc":{"start":{"line":74,"column":17},"end":{"line":74,"column":60}},"type":"binary-expr","locations":[{"start":{"line":74,"column":17},"end":{"line":74,"column":35}},{"start":{"line":74,"column":39},"end":{"line":74,"column":60}}]},"9":{"loc":{"start":{"line":93,"column":17},"end":{"line":93,"column":98}},"type":"binary-expr","locations":[{"start":{"line":93,"column":17},"end":{"line":93,"column":61}},{"start":{"line":93,"column":65},"end":{"line":93,"column":98}}]},"10":{"loc":{"start":{"line":100,"column":13},"end":{"line":100,"column":65}},"type":"binary-expr","locations":[{"start":{"line":100,"column":13},"end":{"line":100,"column":48}},{"start":{"line":100,"column":52},"end":{"line":100,"column":65}}]},"11":{"loc":{"start":{"line":101,"column":10},"end":{"line":101,"column":52}},"type":"binary-expr","locations":[{"start":{"line":101,"column":10},"end":{"line":101,"column":36}},{"start":{"line":101,"column":40},"end":{"line":101,"column":52}}]},"12":{"loc":{"start":{"line":102,"column":13},"end":{"line":102,"column":53}},"type":"binary-expr","locations":[{"start":{"line":102,"column":13},"end":{"line":102,"column":42}},{"start":{"line":102,"column":46},"end":{"line":102,"column":53}}]}},"s":{"0":5,"1":5,"2":5,"3":5,"4":5,"5":5,"6":5,"7":5,"8":2,"9":2,"10":21,"11":0,"12":0,"13":5,"14":5},"f":{"0":2,"1":2,"2":21,"3":0},"b":{"0":[5,5,0],"1":[5,5],"2":[5,5,5],"3":[5,5,5],"4":[5,5],"5":[5,5],"6":[5,5],"7":[21],"8":[0,0],"9":[5,5],"10":[5,5],"11":[5,0],"12":[5,0]}}
,"C:\\Users\\Administrator\\Documents\\github\\Lumenpulse\\apps\\mobile\\lib\\contribution-drafts.ts": {"path":"C:\\Users\\Administrator\\Documents\\github\\Lumenpulse\\apps\\mobile\\lib\\contribution-drafts.ts","statementMap":{"0":{"start":{"line":52,"column":0},"end":{"line":52,"column":16}},"1":{"start":{"line":80,"column":0},"end":{"line":80,"column":16}},"2":{"start":{"line":99,"column":0},"end":{"line":99,"column":16}},"3":{"start":{"line":10,"column":13},"end":{"line":10,"column":67}},"4":{"start":{"line":16,"column":13},"end":{"line":16,"column":64}},"5":{"start":{"line":53,"column":2},"end":{"line":55,"column":3}},"6":{"start":{"line":54,"column":4},"end":{"line":54,"column":16}},"7":{"start":{"line":57,"column":20},"end":{"line":57,"column":50}},"8":{"start":{"line":59,"column":20},"end":{"line":59,"column":39}},"9":{"start":{"line":60,"column":2},"end":{"line":62,"column":3}},"10":{"start":{"line":61,"column":4},"end":{"line":61,"column":16}},"11":{"start":{"line":64,"column":17},"end":{"line":64,"column":33}},"12":{"start":{"line":65,"column":2},"end":{"line":67,"column":3}},"13":{"start":{"line":66,"column":4},"end":{"line":66,"column":16}},"14":{"start":{"line":69,"column":18},"end":{"line":69,"column":35}},"15":{"start":{"line":70,"column":2},"end":{"line":72,"column":3}},"16":{"start":{"line":71,"column":4},"end":{"line":71,"column":16}},"17":{"start":{"line":74,"column":2},"end":{"line":74,"column":55}},"18":{"start":{"line":85,"column":20},"end":{"line":85,"column":53}},"19":{"start":{"line":86,"column":2},"end":{"line":88,"column":3}},"20":{"start":{"line":87,"column":4},"end":{"line":87,"column":16}},"21":{"start":{"line":89,"column":2},"end":{"line":89,"column":36}},"22":{"start":{"line":110,"column":2},"end":{"line":112,"column":3}},"23":{"start":{"line":111,"column":4},"end":{"line":111,"column":67}},"24":{"start":{"line":114,"column":2},"end":{"line":116,"column":3}},"25":{"start":{"line":115,"column":4},"end":{"line":115,"column":50}},"26":{"start":{"line":118,"column":2},"end":{"line":120,"column":3}},"27":{"start":{"line":119,"column":4},"end":{"line":119,"column":59}},"28":{"start":{"line":122,"column":2},"end":{"line":122,"column":44}}},"fnMap":{"0":{"name":"parseContributionDraft","decl":{"start":{"line":52,"column":16},"end":{"line":52,"column":38}},"loc":{"start":{"line":52,"column":51},"end":{"line":75,"column":1}}},"1":{"name":"isContributionDraftStale","decl":{"start":{"line":80,"column":16},"end":{"line":80,"column":40}},"loc":{"start":{"line":83,"column":45},"end":{"line":90,"column":1}}},"2":{"name":"evaluateContributionDraft","decl":{"start":{"line":99,"column":16},"end":{"line":99,"column":41}},"loc":{"start":{"line":108,"column":3},"end":{"line":123,"column":1}}}},"branchMap":{"0":{"loc":{"start":{"line":53,"column":2},"end":{"line":55,"column":3}},"type":"if","locations":[{"start":{"line":53,"column":2},"end":{"line":55,"column":3}}]},"1":{"loc":{"start":{"line":53,"column":6},"end":{"line":53,"column":59}},"type":"binary-expr","locations":[{"start":{"line":53,"column":6},"end":{"line":53,"column":10}},{"start":{"line":53,"column":14},"end":{"line":53,"column":37}},{"start":{"line":53,"column":41},"end":{"line":53,"column":59}}]},"2":{"loc":{"start":{"line":60,"column":2},"end":{"line":62,"column":3}},"type":"if","locations":[{"start":{"line":60,"column":2},"end":{"line":62,"column":3}}]},"3":{"loc":{"start":{"line":60,"column":6},"end":{"line":60,"column":84}},"type":"binary-expr","locations":[{"start":{"line":60,"column":6},"end":{"line":60,"column":35}},{"start":{"line":60,"column":39},"end":{"line":60,"column":66}},{"start":{"line":60,"column":70},"end":{"line":60,"column":84}}]},"4":{"loc":{"start":{"line":65,"column":2},"end":{"line":67,"column":3}},"type":"if","locations":[{"start":{"line":65,"column":2},"end":{"line":67,"column":3}}]},"5":{"loc":{"start":{"line":65,"column":6},"end":{"line":65,"column":50}},"type":"binary-expr","locations":[{"start":{"line":65,"column":6},"end":{"line":65,"column":32}},{"start":{"line":65,"column":36},"end":{"line":65,"column":50}}]},"6":{"loc":{"start":{"line":70,"column":2},"end":{"line":72,"column":3}},"type":"if","locations":[{"start":{"line":70,"column":2},"end":{"line":72,"column":3}}]},"7":{"loc":{"start":{"line":70,"column":6},"end":{"line":70,"column":90}},"type":"binary-expr","locations":[{"start":{"line":70,"column":6},"end":{"line":70,"column":33}},{"start":{"line":70,"column":37},"end":{"line":70,"column":45}},{"start":{"line":70,"column":49},"end":{"line":70,"column":90}}]},"8":{"loc":{"start":{"line":82,"column":2},"end":{"line":82,"column":26}},"type":"default-arg","locations":[{"start":{"line":82,"column":16},"end":{"line":82,"column":26}}]},"9":{"loc":{"start":{"line":83,"column":2},"end":{"line":83,"column":45}},"type":"default-arg","locations":[{"start":{"line":83,"column":21},"end":{"line":83,"column":45}}]},"10":{"loc":{"start":{"line":86,"column":2},"end":{"line":88,"column":3}},"type":"if","locations":[{"start":{"line":86,"column":2},"end":{"line":88,"column":3}}]},"11":{"loc":{"start":{"line":110,"column":2},"end":{"line":112,"column":3}},"type":"if","locations":[{"start":{"line":110,"column":2},"end":{"line":112,"column":3}}]},"12":{"loc":{"start":{"line":114,"column":2},"end":{"line":116,"column":3}},"type":"if","locations":[{"start":{"line":114,"column":2},"end":{"line":116,"column":3}}]},"13":{"loc":{"start":{"line":114,"column":38},"end":{"line":114,"column":60}},"type":"binary-expr","locations":[{"start":{"line":114,"column":38},"end":{"line":114,"column":46}},{"start":{"line":114,"column":50},"end":{"line":114,"column":60}}]},"14":{"loc":{"start":{"line":118,"column":2},"end":{"line":120,"column":3}},"type":"if","locations":[{"start":{"line":118,"column":2},"end":{"line":120,"column":3}}]}},"s":{"0":3,"1":3,"2":3,"3":3,"4":3,"5":7,"6":3,"7":4,"8":4,"9":4,"10":2,"11":2,"12":2,"13":1,"14":1,"15":1,"16":0,"17":1,"18":4,"19":4,"20":0,"21":4,"22":3,"23":1,"24":2,"25":0,"26":2,"27":1,"28":1},"f":{"0":7,"1":4,"2":3},"b":{"0":[3],"1":[7,5,4],"2":[2],"3":[4,3,3],"4":[1],"5":[2,2],"6":[0],"7":[1,1,1],"8":[0],"9":[4],"10":[0],"11":[1],"12":[0],"13":[2,0],"14":[1]}}
,"C:\\Users\\Administrator\\Documents\\github\\Lumenpulse\\apps\\mobile\\lib\\contributor.ts": {"path":"C:\\Users\\Administrator\\Documents\\github\\Lumenpulse\\apps\\mobile\\lib\\contributor.ts","statementMap":{"0":{"start":{"line":142,"column":0},"end":{"line":142,"column":16}},"1":{"start":{"line":156,"column":0},"end":{"line":156,"column":16}},"2":{"start":{"line":172,"column":0},"end":{"line":172,"column":16}},"3":{"start":{"line":1,"column":0},"end":{"line":1,"column":54}},"4":{"start":{"line":45,"column":13},"end":{"line":140,"column":2}},"5":{"start":{"line":50,"column":4},"end":{"line":50,"column":108}},"6":{"start":{"line":57,"column":4},"end":{"line":57,"column":107}},"7":{"start":{"line":64,"column":4},"end":{"line":64,"column":108}},"8":{"start":{"line":71,"column":4},"end":{"line":138,"column":5}},"9":{"start":{"line":72,"column":44},"end":{"line":77,"column":8}},"10":{"start":{"line":76,"column":23},"end":{"line":76,"column":58}},"11":{"start":{"line":79,"column":27},"end":{"line":79,"column":66}},"12":{"start":{"line":80,"column":24},"end":{"line":80,"column":77}},"13":{"start":{"line":82,"column":46},"end":{"line":84,"column":24}},"14":{"start":{"line":86,"column":54},"end":{"line":113,"column":8}},"15":{"start":{"line":115,"column":29},"end":{"line":115,"column":83}},"16":{"start":{"line":116,"column":23},"end":{"line":116,"column":69}},"17":{"start":{"line":117,"column":27},"end":{"line":117,"column":55}},"18":{"start":{"line":119,"column":6},"end":{"line":130,"column":8}},"19":{"start":{"line":132,"column":6},"end":{"line":137,"column":8}},"20":{"start":{"line":143,"column":2},"end":{"line":153,"column":3}},"21":{"start":{"line":145,"column":6},"end":{"line":145,"column":23}},"22":{"start":{"line":147,"column":6},"end":{"line":147,"column":23}},"23":{"start":{"line":149,"column":6},"end":{"line":149,"column":23}},"24":{"start":{"line":152,"column":6},"end":{"line":152,"column":23}},"25":{"start":{"line":157,"column":2},"end":{"line":169,"column":3}},"26":{"start":{"line":159,"column":6},"end":{"line":159,"column":23}},"27":{"start":{"line":161,"column":6},"end":{"line":161,"column":23}},"28":{"start":{"line":163,"column":6},"end":{"line":163,"column":23}},"29":{"start":{"line":165,"column":6},"end":{"line":165,"column":23}},"30":{"start":{"line":168,"column":6},"end":{"line":168,"column":23}},"31":{"start":{"line":173,"column":2},"end":{"line":185,"column":3}},"32":{"start":{"line":175,"column":6},"end":{"line":175,"column":36}},"33":{"start":{"line":177,"column":6},"end":{"line":177,"column":30}},"34":{"start":{"line":179,"column":6},"end":{"line":179,"column":37}},"35":{"start":{"line":181,"column":6},"end":{"line":181,"column":33}},"36":{"start":{"line":184,"column":6},"end":{"line":184,"column":37}}},"fnMap":{"0":{"name":"(anonymous_0)","decl":{"start":{"line":49,"column":2},"end":{"line":49,"column":7}},"loc":{"start":{"line":49,"column":36},"end":{"line":51,"column":3}}},"1":{"name":"(anonymous_1)","decl":{"start":{"line":56,"column":2},"end":{"line":56,"column":7}},"loc":{"start":{"line":56,"column":34},"end":{"line":58,"column":3}}},"2":{"name":"(anonymous_2)","decl":{"start":{"line":63,"column":2},"end":{"line":63,"column":7}},"loc":{"start":{"line":63,"column":37},"end":{"line":65,"column":3}}},"3":{"name":"(anonymous_3)","decl":{"start":{"line":70,"column":2},"end":{"line":70,"column":7}},"loc":{"start":{"line":70,"column":44},"end":{"line":139,"column":3}}},"4":{"name":"(anonymous_4)","decl":{"start":{"line":76,"column":16},"end":{"line":76,"column":19}},"loc":{"start":{"line":76,"column":23},"end":{"line":76,"column":58}}},"5":{"name":"getTierColor","decl":{"start":{"line":142,"column":16},"end":{"line":142,"column":28}},"loc":{"start":{"line":142,"column":42},"end":{"line":154,"column":1}}},"6":{"name":"getVerificationStatusColor","decl":{"start":{"line":156,"column":16},"end":{"line":156,"column":42}},"loc":{"start":{"line":156,"column":84},"end":{"line":170,"column":1}}},"7":{"name":"getVerificationStatusLabel","decl":{"start":{"line":172,"column":16},"end":{"line":172,"column":42}},"loc":{"start":{"line":172,"column":84},"end":{"line":186,"column":1}}}},"branchMap":{"0":{"loc":{"start":{"line":79,"column":27},"end":{"line":79,"column":66}},"type":"binary-expr","locations":[{"start":{"line":79,"column":27},"end":{"line":79,"column":45}},{"start":{"line":79,"column":49},"end":{"line":79,"column":66}}]},"1":{"loc":{"start":{"line":80,"column":24},"end":{"line":80,"column":77}},"type":"cond-expr","locations":[{"start":{"line":80,"column":50},"end":{"line":80,"column":70}},{"start":{"line":80,"column":73},"end":{"line":80,"column":77}}]},"2":{"loc":{"start":{"line":82,"column":46},"end":{"line":84,"column":24}},"type":"cond-expr","locations":[{"start":{"line":83,"column":12},"end":{"line":83,"column":71}},{"start":{"line":84,"column":10},"end":{"line":84,"column":24}}]},"3":{"loc":{"start":{"line":83,"column":12},"end":{"line":83,"column":71}},"type":"binary-expr","locations":[{"start":{"line":83,"column":12},"end":{"line":83,"column":57}},{"start":{"line":83,"column":61},"end":{"line":83,"column":71}}]},"4":{"loc":{"start":{"line":102,"column":21},"end":{"line":102,"column":68}},"type":"binary-expr","locations":[{"start":{"line":102,"column":21},"end":{"line":102,"column":33}},{"start":{"line":102,"column":37},"end":{"line":102,"column":68}}]},"5":{"loc":{"start":{"line":103,"column":23},"end":{"line":105,"column":65}},"type":"cond-expr","locations":[{"start":{"line":104,"column":14},"end":{"line":104,"column":70}},{"start":{"line":105,"column":14},"end":{"line":105,"column":65}}]},"6":{"loc":{"start":{"line":115,"column":29},"end":{"line":115,"column":83}},"type":"binary-expr","locations":[{"start":{"line":115,"column":29},"end":{"line":115,"column":54}},{"start":{"line":115,"column":59},"end":{"line":115,"column":82}}]},"7":{"loc":{"start":{"line":115,"column":59},"end":{"line":115,"column":82}},"type":"cond-expr","locations":[{"start":{"line":115,"column":74},"end":{"line":115,"column":77}},{"start":{"line":115,"column":80},"end":{"line":115,"column":82}}]},"8":{"loc":{"start":{"line":116,"column":23},"end":{"line":116,"column":69}},"type":"binary-expr","locations":[{"start":{"line":116,"column":23},"end":{"line":116,"column":42}},{"start":{"line":116,"column":47},"end":{"line":116,"column":68}}]},"9":{"loc":{"start":{"line":116,"column":47},"end":{"line":116,"column":68}},"type":"cond-expr","locations":[{"start":{"line":116,"column":62},"end":{"line":116,"column":64}},{"start":{"line":116,"column":67},"end":{"line":116,"column":68}}]},"10":{"loc":{"start":{"line":117,"column":27},"end":{"line":117,"column":55}},"type":"binary-expr","locations":[{"start":{"line":117,"column":27},"end":{"line":117,"column":50}},{"start":{"line":117,"column":54},"end":{"line":117,"column":55}}]},"11":{"loc":{"start":{"line":135,"column":19},"end":{"line":135,"column":96}},"type":"cond-expr","locations":[{"start":{"line":135,"column":44},"end":{"line":135,"column":57}},{"start":{"line":135,"column":60},"end":{"line":135,"column":96}}]},"12":{"loc":{"start":{"line":143,"column":2},"end":{"line":153,"column":3}},"type":"switch","locations":[{"start":{"line":144,"column":4},"end":{"line":145,"column":23}},{"start":{"line":146,"column":4},"end":{"line":147,"c
[...]
]},"23":{"loc":{"start":{"line":244,"column":11},"end":{"line":244,"column":37}},"type":"cond-expr","locations":[{"start":{"line":244,"column":17},"end":{"line":244,"column":32}},{"start":{"line":244,"column":35},"end":{"line":244,"column":37}}]},"24":{"loc":{"start":{"line":260,"column":37},"end":{"line":260,"column":85}},"type":"binary-expr","locations":[{"start":{"line":260,"column":37},"end":{"line":260,"column":61}},{"start":{"line":260,"column":65},"end":{"line":260,"column":85}}]},"25":{"loc":{"start":{"line":261,"column":2},"end":{"line":265,"column":3}},"type":"if","locations":[{"start":{"line":261,"column":2},"end":{"line":265,"column":3}},{"start":{"line":263,"column":9},"end":{"line":265,"column":3}}]},"26":{"loc":{"start":{"line":276,"column":26},"end":{"line":276,"column":64}},"type":"binary-expr","locations":[{"start":{"line":276,"column":26},"end":{"line":276,"column":45}},{"start":{"line":276,"column":49},"end":{"line":276,"column":64}}]},"27":{"loc":{"start":{"line":317,"column":4},"end":{"line":320,"column":5}},"type":"if","locations":[{"start":{"line":317,"column":4},"end":{"line":320,"column":5}}]},"28":{"loc":{"start":{"line":325,"column":4},"end":{"line":351,"column":5}},"type":"if","locations":[{"start":{"line":325,"column":4},"end":{"line":351,"column":5}},{"start":{"line":339,"column":11},"end":{"line":351,"column":5}}]},"29":{"loc":{"start":{"line":327,"column":6},"end":{"line":338,"column":7}},"type":"if","locations":[{"start":{"line":327,"column":6},"end":{"line":338,"column":7}},{"start":{"line":336,"column":13},"end":{"line":338,"column":7}}]},"30":{"loc":{"start":{"line":339,"column":11},"end":{"line":351,"column":5}},"type":"if","locations":[{"start":{"line":339,"column":11},"end":{"line":351,"column":5}},{"start":{"line":349,"column":11},"end":{"line":351,"column":5}}]},"31":{"loc":{"start":{"line":340,"column":6},"end":{"line":347,"column":7}},"type":"if","locations":[{"start":{"line":340,"column":6},"end":{"line":347,"column":7}}]},"32":{"loc":{"start":{"line":340,"column":10},"end":{"line":340,"column":83}},"type":"binary-expr","locations":[{"start":{"line":340,"column":10},"end":{"line":340,"column":44}},{"start":{"line":340,"column":48},"end":{"line":340,"column":83}}]},"33":{"loc":{"start":{"line":355,"column":4},"end":{"line":357,"column":5}},"type":"if","locations":[{"start":{"line":355,"column":4},"end":{"line":357,"column":5}}]},"34":{"loc":{"start":{"line":378,"column":2},"end":{"line":396,"column":3}},"type":"if","locations":[{"start":{"line":378,"column":2},"end":{"line":396,"column":3}}]},"35":{"loc":{"start":{"line":380,"column":4},"end":{"line":395,"column":5}},"type":"if","locations":[{"start":{"line":380,"column":4},"end":{"line":395,"column":5}}]},"36":{"loc":{"start":{"line":380,"column":8},"end":{"line":380,"column":41}},"type":"binary-expr","locations":[{"start":{"line":380,"column":8},"end":{"line":380,"column":24}},{"start":{"line":380,"column":28},"end":{"line":380,"column":41}}]},"37":{"loc":{"start":{"line":413,"column":2},"end":{"line":427,"column":3}},"type":"if","locations":[{"start":{"line":413,"column":2},"end":{"line":427,"column":3}}]},"38":{"loc":{"start":{"line":415,"column":4},"end":{"line":423,"column":5}},"type":"if","locations":[{"start":{"line":415,"column":4},"end":{"line":423,"column":5}}]},"39":{"loc":{"start":{"line":415,"column":8},"end":{"line":415,"column":41}},"type":"binary-expr","locations":[{"start":{"line":415,"column":8},"end":{"line":415,"column":24}},{"start":{"line":415,"column":28},"end":{"line":415,"column":41}}]},"40":{"loc":{"start":{"line":416,"column":6},"end":{"line":420,"column":7}},"type":"if","locations":[{"start":{"line":416,"column":6},"end":{"line":420,"column":7}},{"start":{"line":418,"column":13},"end":{"line":420,"column":7}}]},"41":{"loc":{"start":{"line":416,"column":10},"end":{"line":416,"column":51}},"type":"binary-expr","locations":[{"start":{"line":416,"column":10},"end":{"line":416,"column":29}},{"start":{"line":416,"column":33},"end":{"line":416,"column":51}}]},"42":{"loc":{"start":{"line":424,"column":4},"end":{"line":426,"column":5}},"type":"if","locations":[{"start":{"line":424,"column":4},"end":{"line":426,"column":5}}]},"43":{"loc":{"start":{"line":430,"column":40},"end":{"line":430,"column":94}},"type":"binary-expr","locations":[{"start":{"line":430,"column":40},"end":{"line":430,"column":67}},{"start":{"line":430,"column":71},"end":{"line":430,"column":94}}]},"44":{"loc":{"start":{"line":432,"column":2},"end":{"line":449,"column":3}},"type":"if","locations":[{"start":{"line":432,"column":2},"end":{"line":449,"column":3}},{"start":{"line":434,"column":9},"end":{"line":449,"column":3}}]},"45":{"loc":{"start":{"line":437,"column":14},"end":{"line":437,"column":26}},"type":"binary-expr","locations":[{"start":{"line":437,"column":14},"end":{"line":437,"column":20}},{"start":{"line":437,"column":24},"end":{"line":437,"column":26}}]},"46":{"loc":{"start":{"line":439,"column":12},"end":{"line":439,"column":32}},"type":"binary-expr","locations":[{"start":{"line":439,"column":12},"end":{"line":439,"column":24}},{"start":{"line":439,"column":28},"end":{"line":439,"column":32}}]},"47":{"loc":{"start":{"line":441,"column":19},"end":{"line":441,"column":46}},"type":"binary-expr","locations":[{"start":{"line":441,"column":19},"end":{"line":441,"column":38}},{"start":{"line":441,"column":42},"end":{"line":441,"column":46}}]},"48":{"loc":{"start":{"line":442,"column":16},"end":{"line":442,"column":40}},"type":"binary-expr","locations":[{"start":{"line":442,"column":16},"end":{"line":442,"column":32}},{"start":{"line":442,"column":36},"end":{"line":442,"column":40}}]},"49":{"loc":{"start":{"line":443,"column":13},"end":{"line":443,"column":34}},"type":"binary-expr","locations":[{"start":{"line":443,"column":13},"end":{"line":443,"column":26}},{"start":{"line":443,"column":30},"end":{"line":443,"column":34}}]},"50":{"loc":{"start":{"line":444,"column":17},"end":{"line":444,"column":39}},"type":"binary-expr","locations":[{"start":{"line":444,"column":17},"end":{"line":444,"column":34}},{"start":{"line":444,"column":38},"end":{"line":444,"column":39}}]},"51":{"loc":{"start":{"line":452,"column":34},"end":{"line":452,"column":98}},"type":"cond-expr","locations":[{"start":{"line":452,"column":57},"end":{"line":452,"column":66}},{"start":{"line":452,"column":69},"end":{"line":452,"column":98}}]}},"s":{"0":0,"1":0,"2":0,"3":0,"4":0,"5":0,"6":0,"7":0,"8":0,"9":0,"10":0,"11":0,"12":0,"13":0,"14":0,"15":0,"16":0,"17":0,"18":0,"19":0,"20":0,"21":0,"22":0,"23":0,"24":0,"25":0,"26":0,"27":0,"28":0,"29":0,"30":0,"31":0,"32":0,"33":0,"34":0,"35":0,"36":0,"37":0,"38":0,"39":0,"40":0,"41":0,"42":0,"43":0,"44":0,"45":0,"46":0,"47":0,"48":0,"49":0,"50":0,"51":0,"52":0,"53":0,"54":0,"55":0,"56":0,"57":0,"58":0,"59":0,"60":0,"61":0,"62":0,"63":0,"64":0,"65":0,"66":0,"67":0,"68":0,"69":0,"70":0,"71":0,"72":0,"73":0,"74":0,"75":0,"76":0,"77":0,"78":0,"79":0,"80":0,"81":0,"82":0,"83":0,"84":0,"85":0,"86":0,"87":0,"88":0,"89":0,"90":0,"91":0,"92":0,"93":0,"94":0,"95":0,"96":0,"97":0,"98":0,"99":0,"100":0,"101":0,"102":0,"103":0,"104":0,"105":0,"106":0,"107":0,"108":0,"109":0,"110":0,"111":0,"112":0,"113":0,"114":0,"115":0,"116":0,"117":0,"118":0,"119":0,"120":0,"121":0,"122":0,"123":0,"124":0,"125":0,"126":0,"127":0,"128":0,"129":0,"130":0,"131":0,"132":0,"133":0,"134":0,"135":0,"136":0,"137":0,"138":0,"139":0,"140":0,"141":0,"142":0,"143":0,"144":0,"145":0,"146":0,"147":0,"148":0,"149":0,"150":0,"151":0,"152":0,"153":0,"154":0,"155":0,"156":0,"157":0,"158":0,"159":0,"160":0,"161":0,"162":0,"163":0,"164":0,"165":0,"166":0,"167":0,"168":0,"169":0,"170":0,"171":0,"172":0,"173":0,"174":0,"175":0,"176":0,"177":0,"178":0,"179":0,"180":0,"181":0,"182":0},"f":{"0":0,"1":0,"2":0,"3":0,"4":0,"5":0,"6":0,"7":0,"8":0,"9":0,"10":0,"11":0,"12":0,"13":0,"14":0,"15":0,"16":0,"17":0,"18":0,"19":0,"20":0,"21":0,"22":0,"23":0,"24":0,"25":0,"26":0,"27":0,"28":0,"29":0,"30":0,"31":0,"32":0,"33":0,"34":0,"35":0,"36":0},"b":{"0":[0,0],"1":[0,0],"2":[0,0],"3":[0,0],"4":[0,0],"5":[0,0],"6":[0],"7":[0],"8":[0,0],"9":[0,0],"10":[0,0],"11":[0,0],"12":[0,0],"13":[0,0],"14":[0,0],"15":[0,0],"16":[0],"17":[0,0],"18":[0,0],"19":[0,0],"20":[0],"21":[0],"22":[0,0],"23":[0,0],"24":[0,0],"25":[0,0],"26":[0,0],"27":[0],"28":[0,0],"29":[0,0],"30":[0,0],"31":[0],"32":[0,0],"33":[0],"34":[0],"35":[0],"36":[0,0],"37":[0],"38":[0],"39":[0,0],"40":[0,0],"41":[0,0],"42":[0],"43":[0,0],"44":[0,0],"45":[0,0],"46":[0,0],"47":[0,0],"48":[0,0],"49":[0,0],"50":[0,0],"51":[0,0]}}
,"C:\\Users\\Administrator\\Documents\\github\\Lumenpulse\\apps\\mobile\\lib\\types\\transaction.ts": {"path":"C:\\Users\\Administrator\\Documents\\github\\Lumenpulse\\apps\\mobile\\lib\\types\\transaction.ts","statementMap":{"0":{"start":{"line":1,"column":0},"end":{"line":1,"column":null}},"1":{"start":{"line":2,"column":2},"end":{"line":2,"column":null}},"2":{"start":{"line":3,"column":2},"end":{"line":3,"column":null}},"3":{"start":{"line":4,"column":2},"end":{"line":4,"column":null}},"4":{"start":{"line":5,"column":2},"end":{"line":5,"column":null}},"5":{"start":{"line":6,"column":2},"end":{"line":6,"column":null}},"6":{"start":{"line":7,"column":2},"end":{"line":7,"column":null}},"7":{"start":{"line":10,"column":0},"end":{"line":10,"column":null}},"8":{"start":{"line":11,"column":2},"end":{"line":11,"column":null}},"9":{"start":{"line":12,"column":2},"end":{"line":12,"column":null}},"10":{"start":{"line":13,"column":2},"end":{"line":13,"column":null}}},"fnMap":{"0":{"name":"(anonymous_0)","decl":{"start":{"line":1,"column":0},"end":{"line":1,"column":12}},"loc":{"start":{"line":1,"column":27},"end":{"line":8,"column":1}}},"1":{"name":"(anonymous_1)","decl":{"start":{"line":10,"column":0},"end":{"line":10,"column":12}},"loc":{"start":{"line":10,"column":29},"end":{"line":14,"column":1}}}},"branchMap":{"0":{"loc":{"start":{"line":1,"column":12},"end":{"line":1,"column":null}},"type":"binary-expr","locations":[{"start":{"line":1,"column":12},"end":{"line":1,"column":27}},{"start":{"line":1,"column":27},"end":{"line":1,"column":null}}]},"1":{"loc":{"start":{"line":10,"column":12},"end":{"line":10,"column":null}},"type":"binary-expr","locations":[{"start":{"line":10,"column":12},"end":{"line":10,"column":29}},{"start":{"line":10,"column":29},"end":{"line":10,"column":null}}]}},"s":{"0":0,"1":0,"2":0,"3":0,"4":0,"5":0,"6":0,"7":0,"8":0,"9":0,"10":0},"f":{"0":0,"1":0},"b":{"0":[0,0],"1":[0,0]}}
,"C:\\Users\\Administrator\\Documents\\github\\Lumenpulse\\apps\\mobile\\lib\\wallet\\errors.ts": {"path":"C:\\Users\\Administrator\\Documents\\github\\Lumenpulse\\apps\\mobile\\lib\\wallet\\errors.ts","statementMap":{"0":{"start":{"line":23,"column":4},"end":{"line":23,"column":19}},"1":{"start":{"line":19,"column":20},"end":{"line":19,"column":41}},"2":{"start":{"line":21,"column":20},"end":{"line":21,"column":35}},"3":{"start":{"line":24,"column":4},"end":{"line":24,"column":30}},"4":{"start":{"line":17,"column":0},"end":{"line":17,"column":13}}},"fnMap":{"0":{"name":"(anonymous_0)","decl":{"start":{"line":18,"column":2},"end":{"line":18,"column":null}},"loc":{"start":{"line":21,"column":35},"end":{"line":25,"column":3}}}},"branchMap":{},"s":{"0":0,"1":0,"2":0,"3":0,"4":0},"f":{"0":0},"b":{}}
,"C:\\Users\\Administrator\\Documents\\github\\Lumenpulse\\apps\\mobile\\lib\\wallet\\registry.ts": {"path":"C:\\Users\\Administrator\\Documents\\github\\Lumenpulse\\apps\\mobile\\lib\\wallet\\registry.ts","statementMap":{"0":{"start":{"line":14,"column":0},"end":{"line":14,"column":16}},"1":{"start":{"line":27,"column":0},"end":{"line":27,"column":7}},"2":{"start":{"line":1,"column":0},"end":{"line":1,"column":35}},"3":{"start":{"line":2,"column":0},"end":{"line":2,"column":60}},"4":{"start":{"line":3,"column":0},"end":{"line":3,"column":60}},"5":{"start":{"line":15,"column":36},"end":{"line":15,"column":61}},"6":{"start":{"line":17,"column":2},"end":{"line":19,"column":3}},"7":{"start":{"line":18,"column":4},"end":{"line":18,"column":47}},"8":{"start":{"line":21,"column":2},"end":{"line":21,"column":18}},"9":{"start":{"line":30,"column":19},"end":{"line":30,"column":61}},"10":{"start":{"line":32,"column":2},"end":{"line":36,"column":3}},"11":{"start":{"line":33,"column":4},"end":{"line":35,"column":5}},"12":{"start":{"line":34,"column":6},"end":{"line":34,"column":21}},"13":{"start":{"line":40,"column":2},"end":{"line":40,"column":21}}},"fnMap":{"0":{"name":"createWalletAdapterRegistry","decl":{"start":{"line":14,"column":16},"end":{"line":14,"column":43}},"loc":{"start":{"line":14,"column":80},"end":{"line":22,"column":1}}},"1":{"name":"getDefaultWalletAdapter","decl":{"start":{"line":27,"column":22},"end":{"line":27,"column":45}},"loc":{"start":{"line":28,"column":38},"end":{"line":41,"column":1}}}},"branchMap":{"0":{"loc":{"start":{"line":14,"column":44},"end":{"line":14,"column":80}},"type":"default-arg","locations":[{"start":{"line":14,"column":60},"end":{"line":14,"column":80}}]},"1":{"loc":{"start":{"line":17,"column":2},"end":{"line":19,"column":3}},"type":"if","locations":[{"start":{"line":17,"column":2},"end":{"line":19,"column":3}}]},"2":{"loc":{"start":{"line":28,"column":2},"end":{"line":28,"column":38}},"type":"default-arg","locations":[{"start":{"line":28,"column":18},"end":{"line":28,"column":38}}]},"3":{"loc":{"start":{"line":33,"column":4},"end":{"line":35,"column":5}},"type":"if","locations":[{"start":{"line":33,"column":4},"end":{"line":35,"column":5}}]}},"s":{"0":0,"1":0,"2":0,"3":0,"4":0,"5":0,"6":0,"7":0,"8":0,"9":0,"10":0,"11":0,"12":0,"13":0},"f":{"0":0,"1":0},"b":{"0":[0],"1":[0],"2":[0],"3":[0]}}
,"C:\\Users\\Administrator\\Documents\\github\\Lumenpulse\\apps\\mobile\\lib\\wallet\\adapters\\mock-adapter.ts": {"path":"C:\\Users\\Administrator\\Documents\\github\\Lumenpulse\\apps\\mobile\\lib\\wallet\\adapters\\mock-adapter.ts","statementMap":{"0":{"start":{"line":1,"column":0},"end":{"line":1,"column":40}},"1":{"start":{"line":8,"column":24},"end":{"line":8,"column":82}},"2":{"start":{"line":11,"column":2},"end":{"line":13,"column":4}},"3":{"start":{"line":11,"column":42},"end":{"line":11,"column":92}},"4":{"start":{"line":23,"column":16},"end":{"line":23,"column":22}},"5":{"start":{"line":24,"column":18},"end":{"line":24,"column":39}},"6":{"start":{"line":26,"column":31},"end":{"line":26,"column":47}},"7":{"start":{"line":29,"column":4},"end":{"line":29,"column":24}},"8":{"start":{"line":33,"column":4},"end":{"line":38,"column":5}},"9":{"start":{"line":34,"column":6},"end":{"line":37,"column":8}},"10":{"start":{"line":40,"column":4},"end":{"line":40,"column":60}},"11":{"start":{"line":44,"column":4},"end":{"line":49,"column":5}},"12":{"start":{"line":45,"column":6},"end":{"line":48,"column":8}},"13":{"start":{"line":51,"column":4},"end":{"line":51,"column":61}},"14":{"start":{"line":51,"column":35},"end":{"line":51,"column":59}},"15":{"start":{"line":52,"column":4},"end":{"line":52,"column":63}},"16":{"start":{"line":22,"column":0},"end":{"line":22,"column":13}}},"fnMap":{"0":{"name":"generateMockTxHash","decl":{"start":{"line":10,"column":9},"end":{"line":10,"column":27}},"loc":{"start":{"line":10,"column":27},"end":{"line":14,"column":1}}},"1":{"name":"(anonymous_1)","decl":{"start":{"line":11,"column":36},"end":{"line":11,"column":39}},"loc":{"start":{"line":11,"column":42},"end":{"line":11,"column":92}}},"2":{"name":"(anonymous_2)","decl":{"start":{"line":26,"column":2},"end":{"line":26,"column":31}},"loc":{"start":{"line":26,"column":47},"end":{"line":26,"column":51}}},"3":{"name":"(anonymous_3)","decl":{"start":{"line":28,"column":2},"end":{"line":28,"column":13}},"loc":{"start":{"line":28,"column":13},"end":{"line":30,"column":3}}},"4":{"name":"(anonymous_4)","decl":{"start":{"line":32,"column":2},"end":{"line":32,"column":7}},"loc":{"start":{"line":32,"column":15},"end":{"line":41,"column":3}}},"5":{"name":"(anonymous_5)","decl":{"start":{"line":43,"column":2},"end":{"line":43,"column":7}},"loc":{"start":{"line":43,"column":28},"end":{"line":53,"column":3}}},"6":{"name":"(anonymous_6)","decl":{"start":{"line":51,"column":22},"end":{"line":51,"column":23}},"loc":{"start":{"line":51,"column":35},"end":{"line":51,"column":59}}}},"branchMap":{"0":{"loc":{"start":{"line":33,"column":4},"end":{"line":38,"column":5}},"type":"if","locations":[{"start":{"line":33,"column":4},"end":{"line":38,"column":5}}]},"1":{"loc":{"start":{"line":44,"column":4},"end":{"line":49,"column":5}},"type":"if","locations":[{"start":{"line":44,"column":4},"end":{"line":49,"column":5}}]}},"s":{"0":0,"1":0,"2":0,"3":0,"4":0,"5":0,"6":0,"7":0,"8":0,"9":0,"10":0,"11":0,"12":0,"13":0,"14":0,"15":0,"16":0},"f":{"0":0,"1":0,"2":0,"3":0,"4":0,"5":0,"6":0},"b":{"0":[0],"1":[0]}}
,"C:\\Users\\Administrator\\Documents\\github\\Lumenpulse\\apps\\mobile\\lib\\wallet\\adapters\\sep7-adapter.ts": {"path":"C:\\Users\\Administrator\\Documents\\github\\Lumenpulse\\apps\\mobile\\lib\\wallet\\adapters\\sep7-adapter.ts","statementMap":{"0":{"start":{"line":1,"column":0},"end":{"line":1,"column":40}},"1":{"start":{"line":2,"column":0},"end":{"line":2,"column":40}},"2":{"start":{"line":14,"column":16},"end":{"line":14,"column":22}},"3":{"start":{"line":15,"column":18},"end":{"line":15,"column":45}},"4":{"start":{"line":20,"column":4},"end":{"line":20,"column":77}},"5":{"start":{"line":24,"column":4},"end":{"line":30,"column":5}},"6":{"start":{"line":25,"column":6},"end":{"line":27,"column":8}},"7":{"start":{"line":29,"column":6},"end":{"line":29,"column":19}},"8":{"start":{"line":37,"column":16},"end":{"line":37,"column":140}},"9":{"start":{"line":39,"column":20},"end":{"line":39,"column":44}},"10":{"start":{"line":40,"column":4},"end":{"line":48,"column":5}},"11":{"start":{"line":41,"column":6},"end":{"line":47,"column":8}},"12":{"start":{"line":50,"column":4},"end":{"line":50,"column":31}},"13":{"start":{"line":51,"column":4},"end":{"line":51,"column":35}},"14":{"start":{"line":55,"column":16},"end":{"line":55,"column":92}},"15":{"start":{"line":57,"column":20},"end":{"line":57,"column":44}},"16":{"start":{"line":58,"column":4},"end":{"line":66,"column":5}},"17":{"start":{"line":59,"column":6},"end":{"line":65,"column":8}},"18":{"start":{"line":68,"column":4},"end":{"line":83,"column":5}},"19":{"start":{"line":69,"column":6},"end":{"line":69,"column":33}},"20":{"start":{"line":73,"column":6},"end":{"line":73,"column":35}},"21":{"start":{"line":75,"column":6},"end":{"line":82,"column":8}},"22":{"start":{"line":13,"column":0},"end":{"line":13,"column":13}}},"fnMap":{"0":{"name":"(anonymous_9)","decl":{"start":{"line":19,"column":2},"end":{"line":19,"column":14}},"loc":{"start":{"line":19,"column":48},"end":{"line":21,"column":3}}},"1":{"name":"(anonymous_10)","decl":{"start":{"line":23,"column":2},"end":{"line":23,"column":7}},"loc":{"start":{"line":23,"column":19},"end":{"line":31,"column":3}}},"2":{"name":"(anonymous_11)","decl":{"start":{"line":33,"column":2},"end":{"line":33,"column":7}},"loc":{"start":{"line":33,"column":15},"end":{"line":52,"column":3}}},"3":{"name":"(anonymous_12)","decl":{"start":{"line":54,"column":2},"end":{"line":54,"column":7}},"loc":{"start":{"line":54,"column":27},"end":{"line":84,"column":3}}}},"branchMap":{"0":{"loc":{"start":{"line":19,"column":14},"end":{"line":19,"column":48}},"type":"default-arg","locations":[{"start":{"line":19,"column":31},"end":{"line":19,"column":48}}]},"1":{"loc":{"start":{"line":40,"column":4},"end":{"line":48,"column":5}},"type":"if","locations":[{"start":{"line":40,"column":4},"end":{"line":48,"column":5}}]},"2":{"loc":{"start":{"line":58,"column":4},"end":{"line":66,"column":5}},"type":"if","locations":[{"start":{"line":58,"column":4},"end":{"line":66,"column":5}}]}},"s":{"0":0,"1":0,"2":0,"3":0,"4":0,"5":0,"6":0,"7":0,"8":0,"9":0,"10":0,"11":0,"12":0,"13":0,"14":0,"15":0,"16":0,"17":0,"18":0,"19":0,"20":0,"21":0,"22":0},"f":{"0":0,"1":0,"2":0,"3":0},"b":{"0":[0],"1":[0],"2":[0]}}
}
