TN:
SF:lib\api-client.ts
FN:7,(anonymous_0)
FN:48,(anonymous_1)
FN:60,(anonymous_2)
FN:67,(anonymous_3)
FN:78,(anonymous_4)
FN:107,(anonymous_5)
FN:118,(anonymous_6)
FN:131,(anonymous_7)
FN:179,(anonymous_8)
FN:186,(anonymous_9)
FN:200,(anonymous_10)
FN:214,(anonymous_11)
FN:232,(anonymous_12)
FNF:13
FNH:8
FNDA:16,(anonymous_0)
FNDA:11,(anonymous_1)
FNDA:5,(anonymous_2)
FNDA:2,(anonymous_3)
FNDA:2,(anonymous_4)
FNDA:5,(anonymous_5)
FNDA:0,(anonymous_6)
FNDA:0,(anonymous_7)
FNDA:4,(anonymous_8)
FNDA:1,(anonymous_9)
FNDA:0,(anonymous_10)
FNDA:0,(anonymous_11)
FNDA:0,(anonymous_12)
DA:1,3
DA:7,3
DA:8,16
DA:49,11
DA:50,11
DA:54,11
DA:61,5
DA:68,2
DA:69,2
DA:71,0
DA:79,2
DA:80,0
DA:87,2
DA:88,2
DA:89,2
DA:97,0
DA:112,5
DA:113,5
DA:114,5
DA:117,5
DA:118,5
DA:120,5
DA:121,5
DA:127,4
DA:130,4
DA:131,2
DA:135,2
DA:142,2
DA:143,0
DA:149,2
DA:150,2
DA:155,1
DA:158,1
DA:159,1
DA:169,0
DA:180,4
DA:187,1
DA:201,0
DA:219,0
DA:233,0
DA:238,3
DA:241,3
LF:42
LH:34
BRDA:68,0,0,2
BRDA:68,0,1,0
BRDA:79,1,0,0
BRDA:87,2,0,2
BRDA:87,3,0,2
BRDA:87,3,1,2
BRDA:90,4,0,2
BRDA:90,4,1,0
BRDA:91,5,0,2
BRDA:91,5,1,0
BRDA:92,6,0,2
BRDA:92,6,1,0
BRDA:109,7,0,0
BRDA:110,8,0,4
BRDA:118,9,0,5
BRDA:118,9,1,4
BRDA:124,10,0,5
BRDA:124,10,1,5
BRDA:130,11,0,2
BRDA:142,12,0,0
BRDA:158,13,0,1
BRDA:158,14,0,1
BRDA:158,14,1,1
BRDA:191,15,0,1
BRDA:191,15,1,0
BRDA:205,16,0,0
BRDA:205,16,1,0
BRDA:223,17,0,0
BRDA:223,17,1,0
BRF:29
BRH:17
end_of_record
TN:
SF:lib\api-examples.ts
FN:15,exampleGetRequest
FN:36,examplePostRequest
FN:68,exampleAuthLogin
FN:93,exampleHealthCheck
FN:110,exampleErrorHandling
FN:133,exampleCustomConfig
FN:147,exampleCancellation
FN:156,(anonymous_7)
FN:228,exampleRetryLogic
FN:251,(anonymous_9)
FN:261,exampleBatchRequests
FNF:11
FNH:0
FNDA:0,exampleGetRequest
FNDA:0,examplePostRequest
FNDA:0,exampleAuthLogin
FNDA:0,exampleHealthCheck
FNDA:0,exampleErrorHandling
FNDA:0,exampleCustomConfig
FNDA:0,exampleCancellation
FNDA:0,(anonymous_7)
FNDA:0,exampleRetryLogic
FNDA:0,(anonymous_9)
FNDA:0,exampleBatchRequests
DA:8,0
DA:9,0
DA:10,0
DA:22,0
DA:24,0
DA:25,0
DA:26,0
DA:28,0
DA:29,0
DA:49,0
DA:54,0
DA:56,0
DA:57,0
DA:58,0
DA:60,0
DA:61,0
DA:69,0
DA:74,0
DA:75,0
DA:78,0
DA:81,0
DA:83,0
DA:85,0
DA:86,0
DA:94,0
DA:96,0
DA:98,0
DA:99,0
DA:100,0
DA:102,0
DA:103,0
DA:111,0
DA:114,0
DA:115,0
DA:116,0
DA:120,0
DA:121,0
DA:125,0
DA:127,0
DA:134,0
DA:141,0
DA:148,0
DA:151,0
DA:156,0
DA:157,0
DA:158,0
DA:161,0
DA:162,0
DA:163,0
DA:165,0
DA:166,0
DA:233,0
DA:234,0
DA:236,0
DA:237,0
DA:241,0
DA:246,0
DA:250,0
DA:251,0
DA:255,0
DA:263,0
DA:269,0
DA:277,0
LF:63
LH:0
BRDA:24,0,0,0
BRDA:24,0,1,0
BRDA:24,1,0,0
BRDA:24,1,1,0
BRDA:29,2,0,0
BRDA:29,2,1,0
BRDA:56,3,0,0
BRDA:56,3,1,0
BRDA:56,4,0,0
BRDA:56,4,1,0
BRDA:74,5,0,0
BRDA:74,5,1,0
BRDA:74,6,0,0
BRDA:74,6,1,0
BRDA:86,7,0,0
BRDA:86,7,1,0
BRDA:98,8,0,0
BRDA:98,8,1,0
BRDA:98,9,0,0
BRDA:98,9,1,0
BRDA:114,10,0,0
BRDA:120,11,0,0
BRDA:121,12,0,0
BRDA:121,12,1,0
BRDA:125,13,0,0
BRDA:125,13,1,0
BRDA:230,14,0,0
BRDA:231,15,0,0
BRDA:236,16,0,0
BRDA:236,17,0,0
BRDA:236,17,1,0
BRDA:241,18,0,0
BRDA:242,19,0,0
BRDA:242,19,1,0
BRDA:242,19,2,0
BRDA:250,20,0,0
BRDA:270,21,0,0
BRDA:270,21,1,0
BRDA:271,22,0,0
BRDA:271,22,1,0
BRDA:272,23,0,0
BRDA:272,23,1,0
BRF:42
BRH:0
end_of_record
TN:
SF:lib\api.ts
FN:225,(anonymous_0)
FN:118,(anonymous_1)
FN:125,(anonymous_2)
FN:137,(anonymous_3)
FN:149,(anonymous_4)
FN:153,(anonymous_5)
FN:163,(anonymous_6)
FN:172,(anonymous_7)
FN:176,(anonymous_8)
FN:180,(anonymous_9)
FN:184,(anonymous_10)
FN:190,(anonymous_11)
FN:219,(anonymous_12)
FNF:13
FNH:0
FNDA:0,(anonymous_0)
FNDA:0,(anonymous_1)
FNDA:0,(anonymous_2)
FNDA:0,(anonymous_3)
FNDA:0,(anonymous_4)
FNDA:0,(anonymous_5)
FNDA:0,(anonymous_6)
FNDA:0,(anonymous_7)
FNDA:0,(anonymous_8)
FNDA:0,(anonymous_9)
FNDA:0,(anonymous_10)
FNDA:0,(anonymous_11)
FNDA:0,(anonymous_12)
DA:1,0
DA:114,0
DA:119,0
DA:126,0
DA:133,0
DA:138,0
DA:145,0
DA:150,0
DA:154,0
DA:164,0
DA:171,0
DA:173,0
DA:177,0
DA:181,0
DA:187,0
DA:191,0
DA:214,0
DA:220,0
DA:225,0
LF:19
LH:0
BRF:0
BRH:0
end_of_record
TN:
SF:lib\biometric-lock.ts
FN:7,getBiometricLockEnabled
FN:17,setBiometricLockEnabled
FN:26,isBiometricLockSupported
FN:40,isBiometricEnrolled
FN:48,authenticateBiometricPrompt
FN:64,requireBiometricConfirmation
FNF:6
FNH:4
FNDA:1,getBiometricLockEnabled
FNDA:1,setBiometricLockEnabled
FNDA:2,isBiometricLockSupported
FNDA:0,isBiometricEnrolled
FNDA:0,authenticateBiometricPrompt
FNDA:1,requireBiometricConfirmation
DA:1,1
DA:2,1
DA:3,1
DA:5,1
DA:7,1
DA:8,1
DA:9,1
DA:10,1
DA:12,0
DA:13,0
DA:17,1
DA:18,1
DA:19,1
DA:21,0
DA:22,0
DA:26,1
DA:27,2
DA:28,0
DA:31,2
DA:32,2
DA:33,1
DA:36,1
DA:37,1
DA:40,1
DA:41,0
DA:42,0
DA:45,0
DA:48,1
DA:51,0
DA:64,1
DA:65,1
DA:66,1
DA:67,1
DA:69,0
DA:70,0
DA:72,0
DA:73,0
DA:75,0
DA:79,0
LF:39
LH:24
BRDA:19,0,0,1
BRDA:19,0,1,0
BRDA:27,1,0,0
BRDA:32,2,0,1
BRDA:41,3,0,0
BRDA:49,4,0,0
BRDA:67,5,0,1
BRDA:70,6,0,0
BRF:8
BRH:3
end_of_record
TN:
SF:lib\cache.ts
FN:22,(anonymous_1)
FN:26,(anonymous_2)
FN:33,(anonymous_3)
FN:34,(anonymous_4)
FN:45,(anonymous_5)
FN:51,(anonymous_6)
FN:57,(anonymous_7)
FN:62,(anonymous_8)
FN:81,(anonymous_9)
FN:91,(anonymous_10)
FN:108,(anonymous_11)
FN:116,(anonymous_12)
FN:119,(anonymous_13)
FN:126,(anonymous_14)
FNF:14
FNH:10
FNDA:1,(anonymous_1)
FNDA:1,(anonymous_2)
FNDA:1,(anonymous_3)
FNDA:0,(anonymous_4)
FNDA:0,(anonymous_5)
FNDA:0,(anonymous_6)
FNDA:1,(anonymous_7)
FNDA:3,(anonymous_8)
FNDA:1,(anonymous_9)
FNDA:0,(anonymous_10)
FNDA:1,(anonymous_11)
FNDA:1,(anonymous_12)
FNDA:2,(anonymous_13)
FNDA:1,(anonymous_14)
DA:1,1
DA:2,1
DA:3,1
DA:17,1
DA:19,1
DA:20,1
DA:23,1
DA:27,1
DA:28,1
DA:30,1
DA:34,1
DA:35,0
DA:36,0
DA:39,0
DA:40,0
DA:46,0
DA:47,0
DA:50,0
DA:51,0
DA:52,0
DA:59,1
DA:63,3
DA:64,3
DA:65,3
DA:67,3
DA:68,3
DA:71,3
DA:72,1
DA:73,1
DA:77,2
DA:78,2
DA:80,1
DA:81,1
DA:84,2
DA:86,0
DA:87,0
DA:92,0
DA:93,0
DA:94,0
DA:96,0
DA:102,0
DA:104,0
DA:109,1
DA:110,1
DA:112,0
DA:117,1
DA:118,1
DA:119,2
DA:120,1
DA:122,0
DA:127,1
DA:132,1
DA:165,1
LF:53
LH:34
BRDA:27,0,0,1
BRDA:36,1,0,0
BRDA:36,1,1,0
BRDA:39,2,0,0
BRDA:39,3,0,0
BRDA:39,3,1,0
BRDA:65,4,0,0
BRDA:71,5,0,1
BRDA:78,6,0,1
BRDA:78,7,0,2
BRDA:78,7,1,1
BRDA:78,7,2,1
BRDA:94,8,0,0
BRDA:94,8,1,0
BRF:14
BRH:6
end_of_record
TN:
SF:lib\cached-api.ts
FN:14,(anonymous_0)
FN:48,(anonymous_1)
FN:82,(anonymous_2)
FN:116,(anonymous_3)
FN:151,(anonymous_4)
FN:182,(anonymous_5)
FN:187,(anonymous_6)
FN:218,(anonymous_7)
FN:249,(anonymous_8)
FN:254,(anonymous_9)
FNF:10
FNH:0
FNDA:0,(anonymous_0)
FNDA:0,(anonymous_1)
FNDA:0,(anonymous_2)
FNDA:0,(anonymous_3)
FNDA:0,(anonymous_4)
FNDA:0,(anonymous_5)
FNDA:0,(anonymous_6)
FNDA:0,(anonymous_7)
FNDA:0,(anonymous_8)
FNDA:0,(anonymous_9)
DA:1,0
DA:2,0
DA:3,0
DA:4,0
DA:5,0
DA:12,0
DA:15,0
DA:18,0
DA:19,0
DA:23,0
DA:27,0
DA:28,0
DA:29,0
DA:30,0
DA:31,0
DA:32,0
DA:35,0
DA:40,0
DA:41,0
DA:44,0
DA:49,0
DA:52,0
DA:53,0
DA:57,0
DA:61,0
DA:62,0
DA:63,0
DA:64,0
DA:65,0
DA:66,0
DA:69,0
DA:74,0
DA:75,0
DA:78,0
DA:83,0
DA:86,0
DA:87,0
DA:91,0
DA:95,0
DA:96,0
DA:97,0
DA:98,0
DA:99,0
DA:100,0
DA:103,0
DA:108,0
DA:109,0
DA:112,0
DA:117,0
DA:120,0
DA:121,0
DA:125,0
DA:129,0
DA:130,0
DA:132,0
DA:133,0
DA:134,0
DA:135,0
DA:138,0
DA:143,0
DA:144,0
DA:147,0
DA:152,0
DA:154,0
DA:155,0
DA:159,0
DA:162,0
DA:163,0
DA:164,0
DA:165,0
DA:166,0
DA:167,0
DA:170,0
DA:174,0
DA:175,0
DA:178,0
DA:183,0
DA:188,0
DA:190,0
DA:191,0
DA:195,0
DA:198,0
DA:199,0
DA:200,0
DA:201,0
DA:202,0
DA:203,0
DA:206,0
DA:210,0
DA:211,0
DA:214,0
DA:219,0
DA:221,0
DA:222,0
DA:226,0
DA:229,0
DA:230,0
DA:231,0
DA:232,0
DA:233,0
DA:234,0
DA:237,0
DA:241,0
DA:242,0
DA:245,0
DA:250,0
DA:255,0
DA:262,0
DA:263,0
DA:264,0
DA:266,0
LF:111
LH:0
BRDA:19,0,0,0
BRDA:20,1,0,0
BRDA:20,1,1,0
BRDA:20,1,2,0
BRDA:27,2,0,0
BRDA:30,3,0,0
BRDA:30,4,0,0
BRDA:30,4,1,0
BRDA:40,5,0,0
BRDA:48,6,0,0
BRDA:48,7,0,0
BRDA:53,8,0,0
BRDA:54,9,0,0
BRDA:54,9,1,0
BRDA:54,9,2,0
BRDA:61,10,0,0
BRDA:64,11,0,0
BRDA:64,12,0,0
BRDA:64,12,1,0
BRDA:74,13,0,0
BRDA:87,14,0,0
BRDA:88,15,0,0
BRDA:88,15,1,0
BRDA:88,15,2,0
BRDA:95,16,0,0
BRDA:98,17,0,0
BRDA:98,18,0,0
BRDA:98,18,1,0
BRDA:108,19,0,0
BRDA:116,20,0,0
BRDA:121,21,0,0
BRDA:122,22,0,0
BRDA:122,22,1,0
BRDA:122,22,2,0
BRDA:129,23,0,0
BRDA:133,24,0,0
BRDA:133,25,0,0
BRDA:133,25,1,0
BRDA:143,26,0,0
BRDA:155,27,0,0
BRDA:156,28,0,0
BRDA:156,28,1,0
BRDA:156,28,2,0
BRDA:162,29,0,0
BRDA:165,30,0,0
BRDA:165,31,0,0
BRDA:165,31,1,0
BRDA:174,32,0,0
BRDA:191,33,0,0
BRDA:192,34,0,0
BRDA:192,34,1,0
BRDA:192,34,2,0
BRDA:198,35,0,0
BRDA:201,36,0,0
BRDA:201,37,0,0
BRDA:201,37,1,0
BRDA:210,38,0,0
BRDA:222,39,0,0
BRDA:223,40,0,0
BRDA:223,40,1,0
BRDA:223,40,2,0
BRDA:229,41,0,0
BRDA:232,42,0,0
BRDA:232,43,0,0
BRDA:232,43,1,0
BRDA:241,44,0,0
BRF:66
BRH:0
end_of_record
TN:
SF:lib\config.ts
FN:54,getActiveEnvironment
FN:58,setActiveEnvironment
FN:62,getEnvironmentConfig
FN:72,isTestnetConfigReady
FNF:4
FNH:3
FNDA:2,getActiveEnvironment
FNDA:2,setActiveEnvironment
FNDA:21,getEnvironmentConfig
FNDA:0,isTestnetConfigReady
DA:1,5
DA:21,5
DA:25,5
DA:52,5
DA:54,5
DA:55,2
DA:58,5
DA:59,2
DA:62,5
DA:63,21
DA:72,5
DA:73,0
DA:74,0
DA:77,5
DA:112,5
LF:15
LH:13
BRDA:21,0,0,5
BRDA:21,0,1,5
BRDA:21,0,2,0
BRDA:29,1,0,5
BRDA:29,1,1,5
BRDA:32,2,0,5
BRDA:32,2,1,5
BRDA:32,2,2,5
BRDA:36,3,0,5
BRDA:36,3,1,5
BRDA:36,3,2,5
BRDA:44,4,0,5
BRDA:44,4,1,5
BRDA:46,5,0,5
BRDA:46,5,1,5
BRDA:47,6,0,5
BRDA:47,6,1,5
BRDA:62,7,0,21
BRDA:74,8,0,0
BRDA:74,8,1,0
BRDA:93,9,0,5
BRDA:93,9,1,5
BRDA:100,10,0,5
BRDA:100,10,1,5
BRDA:101,11,0,5
BRDA:101,11,1,0
BRDA:102,12,0,5
BRDA:102,12,1,0
BRF:28
BRH:23
end_of_record
TN:
SF:lib\contribution-drafts.ts
FN:52,parseContributionDraft
FN:80,isContributionDraftStale
FN:99,evaluateContributionDraft
FNF:3
FNH:3
FNDA:7,parseContributionDraft
FNDA:4,isContributionDraftStale
FNDA:3,evaluateContributionDraft
DA:10,3
DA:16,3
DA:52,3
DA:53,7
DA:54,3
DA:57,4
DA:59,4
DA:60,4
DA:61,2
DA:64,2
DA:65,2
DA:66,1
DA:69,1
DA:70,1
DA:71,0
DA:74,1
DA:80,3
DA:85,4
DA:86,4
DA:87,0
DA:89,4
DA:99,3
DA:110,3
DA:111,1
DA:114,2
DA:115,0
DA:118,2
DA:119,1
DA:122,1
LF:29
LH:26
BRDA:53,0,0,3
BRDA:53,1,0,7
BRDA:53,1,1,5
BRDA:53,1,2,4
BRDA:60,2,0,2
BRDA:60,3,0,4
BRDA:60,3,1,3
BRDA:60,3,2,3
BRDA:65,4,0,1
BRDA:65,5,0,2
BRDA:65,5,1,2
BRDA:70,6,0,0
BRDA:70,7,0,1
BRDA:70,7,1,1
BRDA:70,7,2,1
BRDA:82,8,0,0
BRDA:83,9,0,4
BRDA:86,10,0,0
BRDA:110,11,0,1
BRDA:114,12,0,0
BRDA:114,13,0,2
BRDA:114,13,1,0
BRDA:118,14,0,1
BRF:23
BRH:18
end_of_record
TN:
SF:lib\contributor.ts
FN:49,(anonymous_0)
FN:56,(anonymous_1)
FN:63,(anonymous_2)
FN:70,(anonymous_3)
FN:76,(anonymous_4)
FN:142,getTierColor
FN:156,getVerificationStatusColor
FN:172,getVerificationStatusLabel
FNF:8
FNH:3
FNDA:0,(anonymous_0)
FNDA:0,(anonymous_1)
FNDA:0,(anonymous_2)
FNDA:0,(anonymous_3)
FNDA:0,(anonymous_4)
FNDA:5,getTierColor
FNDA:3,getVerificationStatusColor
FNDA:3,getVerificationStatusLabel
DA:1,1
DA:45,1
DA:50,0
DA:57,0
DA:64,0
DA:71,0
DA:72,0
DA:76,0
DA:79,0
DA:80,0
DA:82,0
DA:86,0
DA:115,0
DA:116,0
DA:117,0
DA:119,0
DA:132,0
DA:142,1
DA:143,5
DA:145,1
DA:147,1
DA:149,1
DA:152,2
DA:156,1
DA:157,3
DA:159,1
DA:161,1
DA:163,0
DA:165,0
DA:168,1
DA:172,1
DA:173,3
DA:175,1
DA:177,1
DA:179,0
DA:181,0
DA:184,1
LF:37
LH:18
BRDA:79,0,0,0
BRDA:79,0,1,0
BRDA:80,1,0,0
BRDA:80,1,1,0
BRDA:82,2,0,0
BRDA:82,2,1,0
BRDA:83,3,0,0
BRDA:83,3,1,0
BRDA:102,4,0,0
BRDA:102,4,1,0
BRDA:103,5,0,0
BRDA:103,5,1,0
BRDA:115,6,0,0
BRDA:115,6,1,0
BRDA:115,7,0,0
BRDA:115,7,1,0
BRDA:116,8,0,0
BRDA:116,8,1,0
BRDA:116,9,0,0
BRDA:116,9,1,0
BRDA:117,10,0,0
BRDA:117,10,1,0
BRDA:135,11,0,0
BRDA:135,11,1,0
BRDA:143,12,0,1
BRDA:143,12,1,1
BRDA:143,12,2,1
BRDA:143,12,3,1
BRDA:143,12,4,2
BRDA:157,13,0,1
BRDA:157,13,1,1
BRDA:157,13,2,0
BRDA:157,13,3,0
BRDA:157,13,4,1
BRDA:157,13,5,1
BRDA:173,14,0,1
BRDA:173,14,1,1
BRDA:173,14,2,0
BRDA:173,14,3,0
BRDA:173,14,4,1
BRDA:173,14,5,1
BRF:41
BRH:13
end_of_record
TN:
SF:lib\crowdfund.ts
FN:90,(anonymous_0)
FN:97,(anonymous_1)
FN:108,(anonymous_2)
FN:115,(anonymous_3)
FN:122,(anonymous_4)
FN:129,(anonymous_5)
FNF:6
FNH:0
FNDA:0,(anonymous_0)
FNDA:0,(anonymous_1)
FNDA:0,(anonymous_2)
FNDA:0,(anonymous_3)
FNDA:0,(anonymous_4)
FNDA:0,(anonymous_5)
DA:1,0
DA:86,0
DA:91,0
DA:98,0
DA:109,0
DA:116,0
DA:123,0
DA:130,0
LF:8
LH:0
BRF:0
BRH:0
end_of_record
TN:
SF:lib\grant-detail-utils.ts
FN:10,getFundingProgress
FN:19,getRoundMilestones
FNF:2
FNH:2
FNDA:3,getFundingProgress
FNDA:1,getRoundMilestones
DA:10,1
DA:11,3
DA:12,3
DA:13,3
DA:14,1
DA:16,2
DA:19,1
DA:21,1
DA:22,1
DA:24,1
DA:25,1
DA:27,1
LF:12
LH:12
BRDA:11,0,0,3
BRDA:11,0,1,0
BRDA:12,1,0,3
BRDA:12,1,1,0
BRDA:13,2,0,1
BRDA:13,3,0,3
BRDA:13,3,1,3
BRDA:13,3,2,3
BRDA:19,4,0,0
BRDA:24,5,0,1
BRDA:24,5,1,1
BRDA:32,6,0,1
BRDA:32,6,1,0
BRDA:37,7,0,1
BRDA:37,7,1,0
BRDA:39,8,0,0
BRDA:39,8,1,0
BRDA:42,9,0,1
BRDA:42,9,1,0
BRDA:42,10,0,0
BRDA:42,10,1,0
BRDA:47,11,0,0
BRDA:47,11,1,1
BRDA:47,12,0,1
BRDA:47,12,1,1
BRDA:50,13,0,0
BRDA:50,13,1,1
BRDA:50,14,0,1
BRDA:50,14,1,1
BRDA:52,15,0,0
BRDA:52,15,1,1
BRF:31
BRH:18
end_of_record
TN:
SF:lib\grants.ts
FN:42,(anonymous_0)
FN:46,(anonymous_1)
FN:50,(anonymous_2)
FN:58,formatPoolAmount
FN:66,matchShare
FN:73,roundStatusLabel
FNF:6
FNH:0
FNDA:0,(anonymous_0)
FNDA:0,(anonymous_1)
FNDA:0,(anonymous_2)
FNDA:0,formatPoolAmount
FNDA:0,matchShare
FNDA:0,roundStatusLabel
DA:1,0
DA:41,0
DA:43,0
DA:47,0
DA:51,0
DA:58,0
DA:59,0
DA:60,0
DA:61,0
DA:62,0
DA:66,0
DA:67,0
DA:68,0
DA:69,0
DA:73,0
DA:77,0
DA:84,0
LF:17
LH:0
BRDA:58,0,0,0
BRDA:60,1,0,0
BRDA:61,2,0,0
BRDA:68,3,0,0
BRDA:78,4,0,0
BRDA:78,4,1,0
BRDA:79,5,0,0
BRDA:79,5,1,0
BRDA:80,6,0,0
BRDA:80,6,1,0
BRDA:81,7,0,0
BRDA:81,7,1,0
BRDA:82,8,0,0
BRDA:82,8,1,0
BRDA:84,9,0,0
BRDA:84,9,1,0
BRF:16
BRH:0
end_of_record
TN:
SF:lib\moderation.ts
FN:6,(anonymous_0)
FN:16,(anonymous_1)
FN:28,(anonymous_2)
FN:70,(anonymous_3)
FN:77,(anonymous_4)
FN:95,(anonymous_5)
FN:123,(anonymous_6)
FN:138,(anonymous_7)
FNF:8
FNH:0
FNDA:0,(anonymous_0)
FNDA:0,(anonymous_1)
FNDA:0,(anonymous_2)
FNDA:0,(anonymous_3)
FNDA:0,(anonymous_4)
FNDA:0,(anonymous_5)
FNDA:0,(anonymous_6)
FNDA:0,(anonymous_7)
DA:1,0
DA:6,0
DA:7,0
DA:8,0
DA:9,0
DA:10,0
DA:16,0
DA:17,0
DA:18,0
DA:19,0
DA:20,0
DA:21,0
DA:22,0
DA:28,0
DA:29,0
DA:30,0
DA:31,0
DA:32,0
DA:66,0
DA:71,0
DA:89,0
DA:110,0
DA:111,0
DA:112,0
DA:113,0
DA:114,0
DA:115,0
DA:117,0
DA:132,0
DA:145,0
LF:30
LH:0
BRDA:6,0,0,0
BRDA:6,0,1,0
BRDA:16,1,0,0
BRDA:16,1,1,0
BRDA:28,2,0,0
BRDA:28,2,1,0
BRDA:78,3,0,0
BRDA:79,4,0,0
BRDA:111,5,0,0
BRDA:112,6,0,0
BRDA:113,7,0,0
BRDA:114,8,0,0
BRDA:115,9,0,0
BRF:13
BRH:0
end_of_record
TN:
SF:lib\notifications.ts
FN:4,getNotifications
FN:14,markAsRead
FNF:2
FNH:0
FNDA:0,getNotifications
FNDA:0,markAsRead
DA:1,0
DA:2,0
DA:4,0
DA:5,0
DA:6,0
DA:7,0
DA:9,0
DA:10,0
DA:14,0
DA:15,0
DA:16,0
DA:17,0
DA:19,0
DA:20,0
LF:14
LH:0
BRF:0
BRH:0
end_of_record
TN:
SF:lib\release-metadata.ts
FN:31,getReleaseMetadata
FNF:1
FNH:1
FNDA:1,getReleaseMetadata
DA:12,1
DA:31,1
DA:32,1
DA:35,1
DA:36,1
DA:37,1
DA:41,0
DA:43,0
LF:8
LH:6
BRDA:36,0,0,1
BRDA:36,1,0,1
BRDA:36,1,1,1
BRF:3
BRH:3
end_of_record
TN:
SF:lib\saved-news.ts
FN:7,(anonymous_1)
FN:17,(anonymous_2)
FN:20,(anonymous_3)
FN:30,(anonymous_4)
FN:33,(anonymous_5)
FN:40,(anonymous_6)
FN:43,(anonymous_7)
FNF:7
FNH:0
FNDA:0,(anonymous_1)
FNDA:0,(anonymous_2)
FNDA:0,(anonymous_3)
FNDA:0,(anonymous_4)
FNDA:0,(anonymous_5)
FNDA:0,(anonymous_6)
FNDA:0,(anonymous_7)
DA:1,0
DA:4,0
DA:6,0
DA:8,0
DA:9,0
DA:10,0
DA:12,0
DA:13,0
DA:18,0
DA:19,0
DA:20,0
DA:21,0
DA:22,0
DA:23,0
DA:26,0
DA:31,0
DA:32,0
DA:33,0
DA:34,0
DA:36,0
DA:41,0
DA:42,0
DA:43,0
DA:45,0
LF:24
LH:0
BRDA:10,0,0,0
BRDA:10,0,1,0
BRDA:21,1,0,0
BRF:3
BRH:0
end_of_record
TN:
SF:lib\stellar.ts
FN:48,validateContributionAmount
FN:89,buildExplorerUrl
FN:98,formatTokenAmount
FN:110,computeFundingProgress
FNF:4
FNH:4
FNDA:6,validateContributionAmount
FNDA:2,buildExplorerUrl
FNDA:2,formatTokenAmount
FNDA:3,computeFundingProgress
DA:1,1
DA:28,1
DA:34,1
DA:41,1
DA:48,1
DA:49,6
DA:51,6
DA:52,1
DA:55,5
DA:56,1
DA:59,4
DA:60,0
DA:63,4
DA:65,4
DA:66,0
DA:69,4
DA:70,1
DA:73,3
DA:74,1
DA:78,2
DA:79,2
DA:80,0
DA:83,2
DA:89,1
DA:90,2
DA:91,2
DA:98,1
DA:99,2
DA:100,2
DA:101,2
DA:110,1
DA:111,3
DA:112,3
DA:113,3
DA:114,2
LF:35
LH:32
BRDA:51,0,0,1
BRDA:55,1,0,1
BRDA:59,2,0,0
BRDA:65,3,0,0
BRDA:65,4,0,4
BRDA:65,4,1,4
BRDA:69,5,0,1
BRDA:73,6,0,1
BRDA:79,7,0,0
BRDA:79,8,0,2
BRDA:79,8,1,1
BRDA:98,9,0,1
BRDA:99,10,0,1
BRDA:99,10,1,1
BRDA:100,11,0,0
BRDA:113,12,0,1
BRDA:113,13,0,3
BRDA:113,13,1,2
BRDA:113,13,2,2
BRF:19
BRH:15
end_of_record
TN:
SF:lib\storage.ts
FN:40,(anonymous_10)
FN:43,(anonymous_11)
FN:46,(anonymous_12)
FN:49,(anonymous_13)
FN:56,(anonymous_14)
FN:58,(anonymous_15)
FN:59,(anonymous_16)
FN:68,(anonymous_17)
FN:91,(anonymous_18)
FN:105,(anonymous_19)
FN:109,(anonymous_20)
FN:113,(anonymous_21)
FN:139,(anonymous_22)
FN:152,(anonymous_23)
FN:167,(anonymous_24)
FN:182,(anonymous_25)
FN:195,(anonymous_26)
FN:200,(anonymous_27)
FN:210,(anonymous_28)
FN:217,(anonymous_29)
FN:224,(anonymous_30)
FN:242,(anonymous_31)
FN:246,(anonymous_32)
FN:264,(anonymous_33)
FN:284,(anonymous_34)
FN:294,(anonymous_35)
FN:303,(anonymous_36)
FN:317,(anonymous_37)
FN:326,(anonymous_38)
FN:339,(anonymous_39)
FN:360,(anonymous_40)
FNF:31
FNH:16
FNDA:15,(anonymous_10)
FNDA:3,(anonymous_11)
FNDA:9,(anonymous_12)
FNDA:1,(anonymous_13)
FNDA:3,(anonymous_14)
FNDA:3,(anonymous_15)
FNDA:3,(anonymous_16)
FNDA:3,(anonymous_17)
FNDA:1,(anonymous_18)
FNDA:1,(anonymous_19)
FNDA:1,(anonymous_20)
FNDA:0,(anonymous_21)
FNDA:1,(anonymous_22)
FNDA:1,(anonymous_23)
FNDA:0,(anonymous_24)
FNDA:3,(anonymous_25)
FNDA:0,(anonymous_26)
FNDA:0,(anonymous_27)
FNDA:0,(anonymous_28)
FNDA:1,(anonymous_29)
FNDA:0,(anonymous_30)
FNDA:0,(anonymous_31)
FNDA:0,(anonymous_32)
FNDA:0,(anonymous_33)
FNDA:1,(anonymous_34)
FNDA:0,(anonymous_35)
FNDA:0,(anonymous_36)
FNDA:0,(anonymous_37)
FNDA:0,(anonymous_38)
FNDA:0,(anonymous_39)
FNDA:0,(anonymous_40)
DA:1,2
DA:2,2
DA:3,2
DA:9,2
DA:10,2
DA:11,2
DA:12,2
DA:38,2
DA:40,2
DA:41,15
DA:43,2
DA:44,3
DA:46,2
DA:47,9
DA:49,2
DA:56,2
DA:57,3
DA:58,3
DA:59,3
DA:68,2
DA:69,3
DA:70,1
DA:73,2
DA:74,2
DA:75,2
DA:79,2
DA:81,2
DA:85,2
DA:91,1
DA:100,0
DA:101,0
DA:105,2
DA:106,1
DA:109,2
DA:110,1
DA:113,2
DA:117,0
DA:119,0
DA:120,0
DA:121,0
DA:123,0
DA:124,0
DA:127,0
DA:128,0
DA:131,0
DA:132,0
DA:135,0
DA:138,2
DA:140,1
DA:141,1
DA:145,1
DA:147,0
DA:148,0
DA:153,1
DA:154,1
DA:155,1
DA:156,1
DA:159,0
DA:160,0
DA:162,0
DA:163,0
DA:168,0
DA:169,0
DA:170,0
DA:171,0
DA:174,0
DA:175,0
DA:177,0
DA:178,0
DA:183,3
DA:184,3
DA:185,3
DA:187,0
DA:190,0
DA:191,0
DA:196,0
DA:197,0
DA:201,0
DA:202,0
DA:211,0
DA:212,0
DA:218,1
DA:219,1
DA:221,1
DA:224,0
DA:228,1
DA:237,0
DA:238,0
DA:243,0
DA:244,0
DA:245,0
DA:246,0
DA:251,0
DA:268,0
DA:269,0
DA:271,0
DA:285,1
DA:286,1
DA:295,0
DA:296,0
DA:298,0
DA:299,0
DA:304,0
DA:305,0
DA:310,0
DA:312,0
DA:313,0
DA:318,0
DA:327,0
DA:328,0
DA:330,0
DA:340,0
DA:341,0
DA:342,0
DA:343,0
DA:346,0
DA:347,0
DA:348,0
DA:349,0
DA:352,0
DA:354,0
DA:355,0
DA:361,0
DA:362,0
DA:364,0
LF:125
LH:51
BRDA:41,0,0,15
BRDA:41,0,1,12
BRDA:44,1,0,3
BRDA:44,1,1,2
BRDA:47,2,0,2
BRDA:47,2,1,7
BRDA:62,3,0,3
BRDA:62,3,1,0
BRDA:69,4,0,1
BRDA:75,5,0,2
BRDA:75,5,1,0
BRDA:81,6,0,1
BRDA:81,6,1,1
BRDA:81,7,0,2
BRDA:81,7,1,2
BRDA:88,8,0,0
BRDA:88,8,1,2
BRDA:90,9,0,1
BRDA:90,9,1,1
BRDA:90,10,0,2
BRDA:90,10,1,1
BRDA:93,11,0,1
BRDA:93,11,1,0
BRDA:94,12,0,2
BRDA:94,12,1,0
BRDA:95,13,0,2
BRDA:95,13,1,0
BRDA:120,14,0,0
BRDA:120,14,1,0
BRDA:120,14,2,0
BRDA:121,15,0,0
BRDA:121,15,1,0
BRDA:123,16,0,0
BRDA:127,17,0,0
BRDA:131,18,0,0
BRDA:131,19,0,0
BRDA:131,19,1,0
BRDA:155,20,0,1
BRDA:170,21,0,0
BRDA:212,22,0,0
BRDA:212,22,1,0
BRDA:221,23,0,0
BRDA:221,23,1,1
BRDA:222,24,0,0
BRDA:222,24,1,0
BRDA:223,25,0,0
BRDA:223,25,1,1
BRDA:223,26,0,1
BRDA:223,26,1,0
BRDA:226,27,0,1
BRDA:226,27,1,0
BRDA:232,28,0,0
BRDA:232,28,1,1
BRDA:245,29,0,0
BRDA:245,29,1,0
BRDA:249,30,0,0
BRDA:249,30,1,0
BRDA:255,31,0,0
BRDA:255,31,1,0
BRDA:266,32,0,0
BRDA:342,33,0,0
BRDA:347,34,0,0
BRF:62
BRH:27
end_of_record
TN:
SF:lib\transaction.ts
FN:5,(anonymous_0)
FN:18,(anonymous_1)
FNF:2
FNH:0
FNDA:0,(anonymous_0)
FNDA:0,(anonymous_1)
DA:1,0
DA:4,0
DA:6,0
DA:7,0
DA:8,0
DA:10,0
DA:11,0
DA:12,0
DA:13,0
DA:15,0
DA:23,0
DA:24,0
DA:25,0
DA:27,0
DA:28,0
DA:29,0
DA:30,0
DA:32,0
LF:18
LH:0
BRDA:7,0,0,0
BRDA:8,1,0,0
BRDA:10,2,0,0
BRDA:10,2,1,0
BRDA:12,3,0,0
BRDA:12,4,0,0
BRDA:12,4,1,0
BRDA:15,5,0,0
BRDA:15,5,1,0
BRDA:24,6,0,0
BRDA:25,7,0,0
BRDA:27,8,0,0
BRDA:27,8,1,0
BRDA:29,9,0,0
BRDA:29,10,0,0
BRDA:29,10,1,0
BRDA:32,11,0,0
BRDA:32,11,1,0
BRF:18
BRH:0
end_of_record
TN:
SF:lib\verification.ts
FN:35,(anonymous_0)
FN:39,(anonymous_1)
FN:44,(anonymous_2)
FN:48,(anonymous_3)
FN:60,(anonymous_4)
FN:65,statusColor
FN:78,statusLabel
FNF:7
FNH:0
FNDA:0,(anonymous_0)
FNDA:0,(anonymous_1)
FNDA:0,(anonymous_2)
FNDA:0,(anonymous_3)
FNDA:0,(anonymous_4)
FNDA:0,statusColor
FNDA:0,statusLabel
DA:1,0
DA:34,0
DA:36,0
DA:40,0
DA:41,0
DA:45,0
DA:53,0
DA:61,0
DA:65,0
DA:66,0
DA:68,0
DA:70,0
DA:72,0
DA:74,0
DA:78,0
DA:79,0
DA:81,0
DA:83,0
DA:85,0
DA:87,0
LF:20
LH:0
BRDA:40,0,0,0
BRDA:40,0,1,0
BRDA:66,1,0,0
BRDA:66,1,1,0
BRDA:66,1,2,0
BRDA:66,1,3,0
BRDA:79,2,0,0
BRDA:79,2,1,0
BRDA:79,2,2,0
BRDA:79,2,3,0
BRF:10
BRH:0
end_of_record
TN:
SF:lib\watchlist.ts
FN:72,pendingSyncKey
FN:76,localWatchlistKey
FN:80,lastSyncedKey
FN:85,(anonymous_4)
FN:90,(anonymous_5)
FN:94,(anonymous_6)
FN:98,(anonymous_7)
FN:102,(anonymous_8)
FN:109,(anonymous_9)
FN:113,(anonymous_10)
FN:122,getPendingOperationsCount
FN:127,getPendingOperations
FN:136,savePendingOperations
FN:140,addPendingOperation
FN:150,removePendingOperation
FN:152,(anonymous_16)
FN:155,processSyncQueue
FN:187,(anonymous_18)
FN:208,(anonymous_19)
FN:231,(anonymous_20)
FN:231,(anonymous_21)
FN:241,getLocalWatchlist
FN:250,setLocalWatchlist
FN:254,clearLocalWatchlist
FN:258,addToLocalWatchlist
FN:260,(anonymous_26)
FN:269,removeFromLocalWatchlist
FN:276,(anonymous_28)
FN:281,saveLastSyncedAt
FN:285,getLastSyncedAt
FN:293,compareTimestamps
FN:297,mergeWatchlists
FN:361,(anonymous_33)
FN:367,syncAndGetWatchlist
FN:407,toggleWatchlistItem
FN:430,(anonymous_36)
FN:455,clearWatchlistData
FNF:37
FNH:0
FNDA:0,pendingSyncKey
FNDA:0,localWatchlistKey
FNDA:0,lastSyncedKey
FNDA:0,(anonymous_4)
FNDA:0,(anonymous_5)
FNDA:0,(anonymous_6)
FNDA:0,(anonymous_7)
FNDA:0,(anonymous_8)
FNDA:0,(anonymous_9)
FNDA:0,(anonymous_10)
FNDA:0,getPendingOperationsCount
FNDA:0,getPendingOperations
FNDA:0,savePendingOperations
FNDA:0,addPendingOperation
FNDA:0,removePendingOperation
FNDA:0,(anonymous_16)
FNDA:0,processSyncQueue
FNDA:0,(anonymous_18)
FNDA:0,(anonymous_19)
FNDA:0,(anonymous_20)
FNDA:0,(anonymous_21)
FNDA:0,getLocalWatchlist
FNDA:0,setLocalWatchlist
FNDA:0,clearLocalWatchlist
FNDA:0,addToLocalWatchlist
FNDA:0,(anonymous_26)
FNDA:0,removeFromLocalWatchlist
FNDA:0,(anonymous_28)
FNDA:0,saveLastSyncedAt
FNDA:0,getLastSyncedAt
FNDA:0,compareTimestamps
FNDA:0,mergeWatchlists
FNDA:0,(anonymous_33)
FNDA:0,syncAndGetWatchlist
FNDA:0,toggleWatchlistItem
FNDA:0,(anonymous_36)
FNDA:0,clearWatchlistData
DA:1,0
DA:2,0
DA:3,0
DA:5,0
DA:68,0
DA:69,0
DA:70,0
DA:73,0
DA:77,0
DA:81,0
DA:84,0
DA:86,0
DA:87,0
DA:91,0
DA:95,0
DA:99,0
DA:106,0
DA:110,0
DA:117,0
DA:118,0
DA:122,0
DA:123,0
DA:124,0
DA:128,0
DA:129,0
DA:130,0
DA:132,0
DA:137,0
DA:141,0
DA:142,0
DA:147,0
DA:151,0
DA:152,0
DA:160,0
DA:161,0
DA:162,0
DA:165,0
DA:166,0
DA:167,0
DA:170,0
DA:171,0
DA:172,0
DA:174,0
DA:175,0
DA:176,0
DA:177,0
DA:178,0
DA:179,0
DA:180,0
DA:181,0
DA:183,0
DA:185,0
DA:186,0
DA:187,0
DA:188,0
DA:194,0
DA:196,0
DA:198,0
DA:199,0
DA:200,0
DA:201,0
DA:202,0
DA:203,0
DA:205,0
DA:206,0
DA:207,0
DA:208,0
DA:210,0
DA:211,0
DA:213,0
DA:215,0
DA:217,0
DA:218,0
DA:219,0
DA:220,0
DA:221,0
DA:223,0
DA:227,0
DA:231,0
DA:232,0
DA:234,0
DA:241,0
DA:242,0
DA:243,0
DA:244,0
DA:246,0
DA:250,0
DA:251,0
DA:254,0
DA:255,0
DA:258,0
DA:259,0
DA:260,0
DA:261,0
DA:262,0
DA:264,0
DA:266,0
DA:269,0
DA:274,0
DA:275,0
DA:276,0
DA:282,0
DA:285,0
DA:286,0
DA:287,0
DA:289,0
DA:294,0
DA:301,0
DA:302,0
DA:303,0
DA:304,0
DA:306,0
DA:307,0
DA:309,0
DA:310,0
DA:313,0
DA:315,0
DA:316,0
DA:317,0
DA:318,0
DA:319,0
DA:322,0
DA:323,0
DA:325,0
DA:326,0
DA:327,0
DA:328,0
DA:335,0
DA:337,0
DA:339,0
DA:340,0
DA:341,0
DA:348,0
DA:350,0
DA:354,0
DA:355,0
DA:356,0
DA:360,0
DA:361,0
DA:367,0
DA:375,0
DA:377,0
DA:378,0
DA:379,0
DA:380,0
DA:381,0
DA:382,0
DA:383,0
DA:385,0
DA:386,0
DA:387,0
DA:389,0
DA:398,0
DA:399,0
DA:407,0
DA:411,0
DA:413,0
DA:414,0
DA:415,0
DA:416,0
DA:417,0
DA:419,0
DA:421,0
DA:422,0
DA:424,0
DA:425,0
DA:429,0
DA:430,0
DA:432,0
DA:433,0
DA:435,0
DA:448,0
DA:451,0
DA:452,0
DA:455,0
DA:456,0
DA:457,0
DA:458,0
LF:178
LH:0
BRDA:73,0,0,0
BRDA:73,0,1,0
BRDA:77,1,0,0
BRDA:77,1,1,0
BRDA:81,2,0,0
BRDA:81,2,1,0
BRDA:86,3,0,0
BRDA:86,3,1,0
BRDA:117,4,0,0
BRDA:117,4,1,0
BRDA:130,5,0,0
BRDA:130,5,1,0
BRDA:161,6,0,0
BRDA:166,7,0,0
BRDA:176,8,0,0
BRDA:176,8,1,0
BRDA:178,9,0,0
BRDA:178,9,1,0
BRDA:180,10,0,0
BRDA:180,10,1,0
BRDA:180,11,0,0
BRDA:180,11,1,0
BRDA:185,12,0,0
BRDA:185,12,1,0
BRDA:187,13,0,0
BRDA:187,13,1,0
BRDA:198,14,0,0
BRDA:198,14,1,0
BRDA:200,15,0,0
BRDA:200,15,1,0
BRDA:202,16,0,0
BRDA:205,17,0,0
BRDA:205,17,1,0
BRDA:207,18,0,0
BRDA:207,18,1,0
BRDA:208,19,0,0
BRDA:208,19,1,0
BRDA:210,20,0,0
BRDA:217,21,0,0
BRDA:219,22,0,0
BRDA:219,22,1,0
BRDA:244,23,0,0
BRDA:244,23,1,0
BRDA:260,24,0,0
BRDA:260,24,1,0
BRDA:261,25,0,0
BRDA:261,25,1,0
BRDA:276,26,0,0
BRDA:276,26,1,0
BRDA:317,27,0,0
BRDA:325,28,0,0
BRDA:325,28,1,0
BRDA:327,29,0,0
BRDA:327,29,1,0
BRDA:339,30,0,0
BRDA:339,30,1,0
BRDA:340,31,0,0
BRDA:340,32,0,0
BRDA:340,32,1,0
BRDA:355,33,0,0
BRDA:378,34,0,0
BRDA:380,35,0,0
BRDA:380,36,0,0
BRDA:380,36,1,0
BRDA:413,37,0,0
BRDA:415,38,0,0
BRDA:415,39,0,0
BRDA:415,39,1,0
BRDA:416,40,0,0
BRDA:416,40,1,0
BRDA:416,41,0,0
BRDA:416,41,1,0
BRDA:424,42,0,0
BRDA:430,43,0,0
BRDA:430,43,1,0
BRDA:432,44,0,0
BRDA:432,44,1,0
BRDA:437,45,0,0
BRDA:437,45,1,0
BRDA:439,46,0,0
BRDA:439,46,1,0
BRDA:441,47,0,0
BRDA:441,47,1,0
BRDA:442,48,0,0
BRDA:442,48,1,0
BRDA:443,49,0,0
BRDA:443,49,1,0
BRDA:444,50,0,0
BRDA:444,50,1,0
BRDA:452,51,0,0
BRDA:452,51,1,0
BRF:91
BRH:0
end_of_record
TN:
SF:lib\types\transaction.ts
FN:1,(anonymous_0)
FN:10,(anonymous_1)
FNF:2
FNH:0
FNDA:0,(anonymous_0)
FNDA:0,(anonymous_1)
DA:1,0
DA:2,0
DA:3,0
DA:4,0
DA:5,0
DA:6,0
DA:7,0
DA:10,0
DA:11,0
DA:12,0
DA:13,0
LF:11
LH:0
BRDA:1,0,0,0
BRDA:1,0,1,0
BRDA:10,1,0,0
BRDA:10,1,1,0
BRF:4
BRH:0
end_of_record
TN:
SF:lib\wallet\errors.ts
FN:18,(anonymous_0)
FNF:1
FNH:0
FNDA:0,(anonymous_0)
DA:17,0
DA:19,0
DA:21,0
DA:23,0
DA:24,0
LF:5
LH:0
BRF:0
BRH:0
end_of_record
TN:
SF:lib\wallet\registry.ts
FN:14,createWalletAdapterRegistry
FN:27,getDefaultWalletAdapter
FNF:2
FNH:0
FNDA:0,createWalletAdapterRegistry
FNDA:0,getDefaultWalletAdapter
DA:1,0
DA:2,0
DA:3,0
DA:14,0
DA:15,0
DA:17,0
DA:18,0
DA:21,0
DA:27,0
DA:30,0
DA:32,0
DA:33,0
DA:34,0
DA:40,0
LF:14
LH:0
BRDA:14,0,0,0
BRDA:17,1,0,0
BRDA:28,2,0,0
BRDA:33,3,0,0
BRF:4
BRH:0
end_of_record
TN:
SF:lib\wallet\adapters\mock-adapter.ts
FN:10,generateMockTxHash
FN:11,(anonymous_1)
FN:26,(anonymous_2)
FN:28,(anonymous_3)
FN:32,(anonymous_4)
FN:43,(anonymous_5)
FN:51,(anonymous_6)
FNF:7
FNH:0
FNDA:0,generateMockTxHash
FNDA:0,(anonymous_1)
FNDA:0,(anonymous_2)
FNDA:0,(anonymous_3)
FNDA:0,(anonymous_4)
FNDA:0,(anonymous_5)
FNDA:0,(anonymous_6)
DA:1,0
DA:8,0
DA:11,0
DA:22,0
DA:23,0
DA:24,0
DA:26,0
DA:29,0
DA:33,0
DA:34,0
DA:40,0
DA:44,0
DA:45,0
DA:51,0
DA:52,0
LF:15
LH:0
BRDA:33,0,0,0
BRDA:44,1,0,0
BRF:2
BRH:0
end_of_record
TN:
SF:lib\wallet\adapters\sep7-adapter.ts
FN:19,(anonymous_9)
FN:23,(anonymous_10)
FN:33,(anonymous_11)
FN:54,(anonymous_12)
FNF:4
FNH:0
FNDA:0,(anonymous_9)
FNDA:0,(anonymous_10)
FNDA:0,(anonymous_11)
FNDA:0,(anonymous_12)
DA:1,0
DA:2,0
DA:13,0
DA:14,0
DA:15,0
DA:20,0
DA:24,0
DA:25,0
DA:29,0
DA:37,0
DA:39,0
DA:40,0
DA:41,0
DA:50,0
DA:51,0
DA:55,0
DA:57,0
DA:58,0
DA:59,0
DA:68,0
DA:69,0
DA:73,0
DA:75,0
LF:23
LH:0
BRDA:19,0,0,0
BRDA:40,1,0,0
BRDA:58,2,0,0
BRF:3
BRH:0
end_of_record
